{"C:\\Users\\mynew\\Downloads\\FIFA-WORLD-CUP\\frontend\\src\\App.tsx": {"path":"C:\\Users\\mynew\\Downloads\\FIFA-WORLD-CUP\\frontend\\src\\App.tsx","statementMap":{"0":{"start":{"line":9,"column":13},"end":{"line":9,"column":null}},"1":{"start":{"line":9,"column":24},"end":{"line":9,"column":null}},"2":{"start":{"line":9,"column":60},"end":{"line":9,"column":null}},"3":{"start":{"line":10,"column":21},"end":{"line":10,"column":null}},"4":{"start":{"line":10,"column":32},"end":{"line":10,"column":null}},"5":{"start":{"line":10,"column":76},"end":{"line":10,"column":null}},"6":{"start":{"line":11,"column":20},"end":{"line":11,"column":null}},"7":{"start":{"line":11,"column":31},"end":{"line":11,"column":null}},"8":{"start":{"line":11,"column":74},"end":{"line":11,"column":null}},"9":{"start":{"line":12,"column":26},"end":{"line":12,"column":null}},"10":{"start":{"line":12,"column":37},"end":{"line":12,"column":null}},"11":{"start":{"line":12,"column":86},"end":{"line":12,"column":null}},"12":{"start":{"line":13,"column":26},"end":{"line":13,"column":null}},"13":{"start":{"line":13,"column":37},"end":{"line":13,"column":null}},"14":{"start":{"line":13,"column":86},"end":{"line":13,"column":null}},"15":{"start":{"line":14,"column":18},"end":{"line":14,"column":null}},"16":{"start":{"line":14,"column":29},"end":{"line":14,"column":null}},"17":{"start":{"line":14,"column":70},"end":{"line":14,"column":null}},"18":{"start":{"line":15,"column":22},"end":{"line":15,"column":null}},"19":{"start":{"line":15,"column":33},"end":{"line":15,"column":null}},"20":{"start":{"line":15,"column":78},"end":{"line":15,"column":null}},"21":{"start":{"line":16,"column":18},"end":{"line":16,"column":null}},"22":{"start":{"line":16,"column":29},"end":{"line":16,"column":null}},"23":{"start":{"line":16,"column":70},"end":{"line":16,"column":null}},"24":{"start":{"line":17,"column":27},"end":{"line":17,"column":null}},"25":{"start":{"line":17,"column":38},"end":{"line":17,"column":null}},"26":{"start":{"line":17,"column":88},"end":{"line":17,"column":null}},"27":{"start":{"line":18,"column":17},"end":{"line":18,"column":null}},"28":{"start":{"line":18,"column":28},"end":{"line":18,"column":null}},"29":{"start":{"line":18,"column":68},"end":{"line":18,"column":null}},"30":{"start":{"line":21,"column":6},"end":{"line":45,"column":null}},"31":{"start":{"line":22,"column":2},"end":{"line":45,"column":null}},"32":{"start":{"line":49,"column":2},"end":{"line":73,"column":null}}},"fnMap":{"0":{"name":"(anonymous_0)","decl":{"start":{"line":9,"column":13},"end":{"line":9,"column":24}},"loc":{"start":{"line":9,"column":24},"end":{"line":9,"column":null}},"line":9},"1":{"name":"(anonymous_1)","decl":{"start":{"line":9,"column":52},"end":{"line":9,"column":58}},"loc":{"start":{"line":9,"column":60},"end":{"line":9,"column":null}},"line":9},"2":{"name":"(anonymous_2)","decl":{"start":{"line":10,"column":21},"end":{"line":10,"column":32}},"loc":{"start":{"line":10,"column":32},"end":{"line":10,"column":null}},"line":10},"3":{"name":"(anonymous_3)","decl":{"start":{"line":10,"column":68},"end":{"line":10,"column":74}},"loc":{"start":{"line":10,"column":76},"end":{"line":10,"column":null}},"line":10},"4":{"name":"(anonymous_4)","decl":{"start":{"line":11,"column":20},"end":{"line":11,"column":31}},"loc":{"start":{"line":11,"column":31},"end":{"line":11,"column":null}},"line":11},"5":{"name":"(anonymous_5)","decl":{"start":{"line":11,"column":66},"end":{"line":11,"column":72}},"loc":{"start":{"line":11,"column":74},"end":{"line":11,"column":null}},"line":11},"6":{"name":"(anonymous_6)","decl":{"start":{"line":12,"column":26},"end":{"line":12,"column":37}},"loc":{"start":{"line":12,"column":37},"end":{"line":12,"column":null}},"line":12},"7":{"name":"(anonymous_7)","decl":{"start":{"line":12,"column":78},"end":{"line":12,"column":84}},"loc":{"start":{"line":12,"column":86},"end":{"line":12,"column":null}},"line":12},"8":{"name":"(anonymous_8)","decl":{"start":{"line":13,"column":26},"end":{"line":13,"column":37}},"loc":{"start":{"line":13,"column":37},"end":{"line":13,"column":null}},"line":13},"9":{"name":"(anonymous_9)","decl":{"start":{"line":13,"column":78},"end":{"line":13,"column":84}},"loc":{"start":{"line":13,"column":86},"end":{"line":13,"column":null}},"line":13},"10":{"name":"(anonymous_10)","decl":{"start":{"line":14,"column":18},"end":{"line":14,"column":29}},"loc":{"start":{"line":14,"column":29},"end":{"line":14,"column":null}},"line":14},"11":{"name":"(anonymous_11)","decl":{"start":{"line":14,"column":62},"end":{"line":14,"column":68}},"loc":{"start":{"line":14,"column":70},"end":{"line":14,"column":null}},"line":14},"12":{"name":"(anonymous_12)","decl":{"start":{"line":15,"column":22},"end":{"line":15,"column":33}},"loc":{"start":{"line":15,"column":33},"end":{"line":15,"column":null}},"line":15},"13":{"name":"(anonymous_13)","decl":{"start":{"line":15,"column":70},"end":{"line":15,"column":76}},"loc":{"start":{"line":15,"column":78},"end":{"line":15,"column":null}},"line":15},"14":{"name":"(anonymous_14)","decl":{"start":{"line":16,"column":18},"end":{"line":16,"column":29}},"loc":{"start":{"line":16,"column":29},"end":{"line":16,"column":null}},"line":16},"15":{"name":"(anonymous_15)","decl":{"start":{"line":16,"column":62},"end":{"line":16,"column":68}},"loc":{"start":{"line":16,"column":70},"end":{"line":16,"column":null}},"line":16},"16":{"name":"(anonymous_16)","decl":{"start":{"line":17,"column":27},"end":{"line":17,"column":38}},"loc":{"start":{"line":17,"column":38},"end":{"line":17,"column":null}},"line":17},"17":{"name":"(anonymous_17)","decl":{"start":{"line":17,"column":80},"end":{"line":17,"column":86}},"loc":{"start":{"line":17,"column":88},"end":{"line":17,"column":null}},"line":17},"18":{"name":"(anonymous_18)","decl":{"start":{"line":18,"column":17},"end":{"line":18,"column":28}},"loc":{"start":{"line":18,"column":28},"end":{"line":18,"column":null}},"line":18},"19":{"name":"(anonymous_19)","decl":{"start":{"line":18,"column":60},"end":{"line":18,"column":66}},"loc":{"start":{"line":18,"column":68},"end":{"line":18,"column":null}},"line":18},"20":{"name":"(anonymous_20)","decl":{"start":{"line":21,"column":6},"end":{"line":21,"column":null}},"loc":{"start":{"line":22,"column":2},"end":{"line":45,"column":null}},"line":22},"21":{"name":"App","decl":{"start":{"line":48,"column":9},"end":{"line":48,"column":15}},"loc":{"start":{"line":48,"column":15},"end":{"line":75,"column":null}},"line":48}},"branchMap":{},"s":{"0":0,"1":0,"2":0,"3":0,"4":0,"5":0,"6":0,"7":0,"8":0,"9":0,"10":0,"11":0,"12":0,"13":0,"14":0,"15":0,"16":0,"17":0,"18":0,"19":0,"20":0,"21":0,"22":0,"23":0,"24":0,"25":0,"26":0,"27":0,"28":0,"29":0,"30":0,"31":0,"32":0},"f":{"0":0,"1":0,"2":0,"3":0,"4":0,"5":0,"6":0,"7":0,"8":0,"9":0,"10":0,"11":0,"12":0,"13":0,"14":0,"15":0,"16":0,"17":0,"18":0,"19":0,"20":0,"21":0},"b":{},"meta":{"lastBranch":0,"lastFunction":22,"lastStatement":33,"seen":{"s:9:13:9:Infinity":0,"f:9:13:9:24":0,"s:9:24:9:Infinity":1,"f:9:52:9:58":1,"s:9:60:9:Infinity":2,"s:10:21:10:Infinity":3,"f:10:21:10:32":2,"s:10:32:10:Infinity":4,"f:10:68:10:74":3,"s:10:76:10:Infinity":5,"s:11:20:11:Infinity":6,"f:11:20:11:31":4,"s:11:31:11:Infinity":7,"f:11:66:11:72":5,"s:11:74:11:Infinity":8,"s:12:26:12:Infinity":9,"f:12:26:12:37":6,"s:12:37:12:Infinity":10,"f:12:78:12:84":7,"s:12:86:12:Infinity":11,"s:13:26:13:Infinity":12,"f:13:26:13:37":8,"s:13:37:13:Infinity":13,"f:13:78:13:84":9,"s:13:86:13:Infinity":14,"s:14:18:14:Infinity":15,"f:14:18:14:29":10,"s:14:29:14:Infinity":16,"f:14:62:14:68":11,"s:14:70:14:Infinity":17,"s:15:22:15:Infinity":18,"f:15:22:15:33":12,"s:15:33:15:Infinity":19,"f:15:70:15:76":13,"s:15:78:15:Infinity":20,"s:16:18:16:Infinity":21,"f:16:18:16:29":14,"s:16:29:16:Infinity":22,"f:16:62:16:68":15,"s:16:70:16:Infinity":23,"s:17:27:17:Infinity":24,"f:17:27:17:38":16,"s:17:38:17:Infinity":25,"f:17:80:17:86":17,"s:17:88:17:Infinity":26,"s:18:17:18:Infinity":27,"f:18:17:18:28":18,"s:18:28:18:Infinity":28,"f:18:60:18:66":19,"s:18:68:18:Infinity":29,"s:21:6:45:Infinity":30,"f:21:6:21:Infinity":20,"s:22:2:45:Infinity":31,"f:48:9:48:15":21,"s:49:2:73:Infinity":32},"fnNames":{}}}
,"C:\\Users\\mynew\\Downloads\\FIFA-WORLD-CUP\\frontend\\src\\components\\Alert.tsx": {"path":"C:\\Users\\mynew\\Downloads\\FIFA-WORLD-CUP\\frontend\\src\\components\\Alert.tsx","statementMap":{"0":{"start":{"line":9,"column":13},"end":{"line":23,"column":null}},"1":{"start":{"line":10,"column":19},"end":{"line":15,"column":null}},"2":{"start":{"line":17,"column":2},"end":{"line":21,"column":null}}},"fnMap":{"0":{"name":"(anonymous_0)","decl":{"start":{"line":9,"column":13},"end":{"line":9,"column":44}},"loc":{"start":{"line":9,"column":85},"end":{"line":23,"column":null}},"line":9}},"branchMap":{"0":{"loc":{"start":{"line":9,"column":62},"end":{"line":9,"column":85}},"type":"default-arg","locations":[{"start":{"line":9,"column":72},"end":{"line":9,"column":85}}],"line":9},"1":{"loc":{"start":{"line":20,"column":7},"end":{"line":21,"column":null}},"type":"binary-expr","locations":[{"start":{"line":20,"column":7},"end":{"line":20,"column":18}},{"start":{"line":20,"column":18},"end":{"line":21,"column":null}}],"line":20}},"s":{"0":6,"1":0,"2":0},"f":{"0":0},"b":{"0":[0],"1":[0,0]},"meta":{"lastBranch":2,"lastFunction":1,"lastStatement":3,"seen":{"s:9:13:23:Infinity":0,"f:9:13:9:44":0,"b:9:72:9:85":0,"s:10:19:15:Infinity":1,"s:17:2:21:Infinity":2,"b:20:7:20:18:20:18:21:Infinity":1},"fnNames":{}}}
,"C:\\Users\\mynew\\Downloads\\FIFA-WORLD-CUP\\frontend\\src\\components\\Badge.tsx": {"path":"C:\\Users\\mynew\\Downloads\\FIFA-WORLD-CUP\\frontend\\src\\components\\Badge.tsx","statementMap":{"0":{"start":{"line":9,"column":43},"end":{"line":23,"column":null}},"1":{"start":{"line":10,"column":19},"end":{"line":16,"column":null}},"2":{"start":{"line":18,"column":2},"end":{"line":21,"column":null}},"3":{"start":{"line":25,"column":0},"end":{"line":25,"column":null}}},"fnMap":{"0":{"name":"(anonymous_0)","decl":{"start":{"line":9,"column":43},"end":{"line":9,"column":49}},"loc":{"start":{"line":9,"column":103},"end":{"line":23,"column":1}},"line":9}},"branchMap":{"0":{"loc":{"start":{"line":9,"column":61},"end":{"line":9,"column":82}},"type":"default-arg","locations":[{"start":{"line":9,"column":71},"end":{"line":9,"column":82}}],"line":9},"1":{"loc":{"start":{"line":9,"column":82},"end":{"line":9,"column":103}},"type":"default-arg","locations":[{"start":{"line":9,"column":94},"end":{"line":9,"column":103}}],"line":9}},"s":{"0":20,"1":0,"2":0,"3":20},"f":{"0":0},"b":{"0":[0],"1":[0]},"meta":{"lastBranch":2,"lastFunction":1,"lastStatement":4,"seen":{"s:9:43:23:Infinity":0,"f:9:43:9:49":0,"b:9:71:9:82":0,"b:9:94:9:103":1,"s:10:19:16:Infinity":1,"s:18:2:21:Infinity":2,"s:25:0:25:Infinity":3},"fnNames":{}}}
,"C:\\Users\\mynew\\Downloads\\FIFA-WORLD-CUP\\frontend\\src\\components\\Button.tsx": {"path":"C:\\Users\\mynew\\Downloads\\FIFA-WORLD-CUP\\frontend\\src\\components\\Button.tsx","statementMap":{"0":{"start":{"line":9,"column":45},"end":{"line":50,"column":null}},"1":{"start":{"line":17,"column":20},"end":{"line":17,"column":null}},"2":{"start":{"line":19,"column":19},"end":{"line":24,"column":null}},"3":{"start":{"line":26,"column":16},"end":{"line":30,"column":null}},"4":{"start":{"line":32,"column":2},"end":{"line":48,"column":null}},"5":{"start":{"line":52,"column":0},"end":{"line":52,"column":null}}},"fnMap":{"0":{"name":"(anonymous_0)","decl":{"start":{"line":9,"column":45},"end":{"line":9,"column":51}},"loc":{"start":{"line":16,"column":6},"end":{"line":50,"column":1}},"line":16}},"branchMap":{"0":{"loc":{"start":{"line":11,"column":2},"end":{"line":11,"column":null}},"type":"default-arg","locations":[{"start":{"line":11,"column":12},"end":{"line":11,"column":null}}],"line":11},"1":{"loc":{"start":{"line":12,"column":2},"end":{"line":12,"column":null}},"type":"default-arg","locations":[{"start":{"line":12,"column":9},"end":{"line":12,"column":null}}],"line":12},"2":{"loc":{"start":{"line":13,"column":2},"end":{"line":13,"column":null}},"type":"default-arg","locations":[{"start":{"line":13,"column":14},"end":{"line":13,"column":null}}],"line":13},"3":{"loc":{"start":{"line":14,"column":2},"end":{"line":14,"column":null}},"type":"default-arg","locations":[{"start":{"line":14,"column":14},"end":{"line":14,"column":null}}],"line":14},"4":{"loc":{"start":{"line":35,"column":16},"end":{"line":35,"column":null}},"type":"binary-expr","locations":[{"start":{"line":35,"column":16},"end":{"line":35,"column":29}},{"start":{"line":35,"column":29},"end":{"line":35,"column":null}}],"line":35},"5":{"loc":{"start":{"line":39,"column":7},"end":{"line":47,"column":null}},"type":"cond-expr","locations":[{"start":{"line":40,"column":8},"end":{"line":47,"column":null}},{"start":{"line":47,"column":10},"end":{"line":47,"column":null}}],"line":39}},"s":{"0":18,"1":0,"2":0,"3":0,"4":0,"5":18},"f":{"0":0},"b":{"0":[0],"1":[0],"2":[0],"3":[0],"4":[0,0],"5":[0,0]},"meta":{"lastBranch":6,"lastFunction":1,"lastStatement":6,"seen":{"s:9:45:50:Infinity":0,"f:9:45:9:51":0,"b:11:12:11:Infinity":0,"b:12:9:12:Infinity":1,"b:13:14:13:Infinity":2,"b:14:14:14:Infinity":3,"s:17:20:17:Infinity":1,"s:19:19:24:Infinity":2,"s:26:16:30:Infinity":3,"s:32:2:48:Infinity":4,"b:35:16:35:29:35:29:35:Infinity":4,"b:40:8:47:Infinity:47:10:47:Infinity":5,"s:52:0:52:Infinity":5},"fnNames":{}}}
,"C:\\Users\\mynew\\Downloads\\FIFA-WORLD-CUP\\frontend\\src\\components\\Card.tsx": {"path":"C:\\Users\\mynew\\Downloads\\FIFA-WORLD-CUP\\frontend\\src\\components\\Card.tsx","statementMap":{"0":{"start":{"line":8,"column":41},"end":{"line":23,"column":null}},"1":{"start":{"line":9,"column":18},"end":{"line":13,"column":null}},"2":{"start":{"line":15,"column":2},"end":{"line":21,"column":null}},"3":{"start":{"line":25,"column":0},"end":{"line":25,"column":null}}},"fnMap":{"0":{"name":"(anonymous_0)","decl":{"start":{"line":8,"column":41},"end":{"line":8,"column":47}},"loc":{"start":{"line":8,"column":112},"end":{"line":23,"column":1}},"line":8}},"branchMap":{"0":{"loc":{"start":{"line":8,"column":59},"end":{"line":8,"column":81}},"type":"default-arg","locations":[{"start":{"line":8,"column":71},"end":{"line":8,"column":81}}],"line":8},"1":{"loc":{"start":{"line":8,"column":81},"end":{"line":8,"column":97}},"type":"default-arg","locations":[{"start":{"line":8,"column":93},"end":{"line":8,"column":97}}],"line":8}},"s":{"0":31,"1":0,"2":0,"3":31},"f":{"0":0},"b":{"0":[0],"1":[0]},"meta":{"lastBranch":2,"lastFunction":1,"lastStatement":4,"seen":{"s:8:41:23:Infinity":0,"f:8:41:8:47":0,"b:8:71:8:81":0,"b:8:93:8:97":1,"s:9:18:13:Infinity":1,"s:15:2:21:Infinity":2,"s:25:0:25:Infinity":3},"fnNames":{}}}
,"C:\\Users\\mynew\\Downloads\\FIFA-WORLD-CUP\\frontend\\src\\components\\EmptyState.tsx": {"path":"C:\\Users\\mynew\\Downloads\\FIFA-WORLD-CUP\\frontend\\src\\components\\EmptyState.tsx","statementMap":{"0":{"start":{"line":11,"column":53},"end":{"line":22,"column":null}},"1":{"start":{"line":12,"column":2},"end":{"line":20,"column":null}},"2":{"start":{"line":24,"column":0},"end":{"line":24,"column":null}}},"fnMap":{"0":{"name":"(anonymous_0)","decl":{"start":{"line":11,"column":53},"end":{"line":11,"column":59}},"loc":{"start":{"line":11,"column":100},"end":{"line":22,"column":1}},"line":11}},"branchMap":{"0":{"loc":{"start":{"line":15,"column":9},"end":{"line":15,"column":null}},"type":"binary-expr","locations":[{"start":{"line":15,"column":9},"end":{"line":15,"column":17}},{"start":{"line":15,"column":17},"end":{"line":15,"column":null}}],"line":15}},"s":{"0":2,"1":0,"2":2},"f":{"0":0},"b":{"0":[0,0]},"meta":{"lastBranch":1,"lastFunction":1,"lastStatement":3,"seen":{"s:11:53:22:Infinity":0,"f:11:53:11:59":0,"s:12:2:20:Infinity":1,"b:15:9:15:17:15:17:15:Infinity":0,"s:24:0:24:Infinity":2},"fnNames":{}}}
,"C:\\Users\\mynew\\Downloads\\FIFA-WORLD-CUP\\frontend\\src\\components\\ErrorBoundary.tsx": {"path":"C:\\Users\\mynew\\Downloads\\FIFA-WORLD-CUP\\frontend\\src\\components\\ErrorBoundary.tsx","statementMap":{"0":{"start":{"line":17,"column":33},"end":{"line":19,"column":null}},"1":{"start":{"line":29,"column":10},"end":{"line":31,"column":null}},"2":{"start":{"line":22,"column":4},"end":{"line":22,"column":null}},"3":{"start":{"line":26,"column":4},"end":{"line":26,"column":null}},"4":{"start":{"line":30,"column":4},"end":{"line":30,"column":null}},"5":{"start":{"line":34,"column":4},"end":{"line":54,"column":null}},"6":{"start":{"line":35,"column":6},"end":{"line":52,"column":null}},"7":{"start":{"line":56,"column":4},"end":{"line":56,"column":null}}},"fnMap":{"0":{"name":"getDerivedStateFromError","decl":{"start":{"line":21,"column":16},"end":{"line":21,"column":41}},"loc":{"start":{"line":21,"column":62},"end":{"line":23,"column":null}},"line":21},"1":{"name":"componentDidCatch","decl":{"start":{"line":25,"column":2},"end":{"line":25,"column":18}},"loc":{"start":{"line":25,"column":72},"end":{"line":27,"column":null}},"line":25},"2":{"name":"(anonymous_2)","decl":{"start":{"line":29,"column":10},"end":{"line":29,"column":31}},"loc":{"start":{"line":29,"column":31},"end":{"line":31,"column":null}},"line":29},"3":{"name":"render","decl":{"start":{"line":33,"column":2},"end":{"line":33,"column":18}},"loc":{"start":{"line":33,"column":27},"end":{"line":57,"column":null}},"line":33}},"branchMap":{"0":{"loc":{"start":{"line":34,"column":4},"end":{"line":54,"column":null}},"type":"if","locations":[{"start":{"line":34,"column":4},"end":{"line":54,"column":null}},{"start":{},"end":{}}],"line":34},"1":{"loc":{"start":{"line":46,"column":69},"end":{"line":46,"column":124}},"type":"binary-expr","locations":[{"start":{"line":46,"column":69},"end":{"line":46,"column":98}},{"start":{"line":46,"column":98},"end":{"line":46,"column":124}}],"line":46}},"s":{"0":0,"1":0,"2":0,"3":0,"4":0,"5":0,"6":0,"7":0},"f":{"0":0,"1":0,"2":0,"3":0},"b":{"0":[0,0],"1":[0,0]},"meta":{"lastBranch":2,"lastFunction":4,"lastStatement":8,"seen":{"s:17:33:19:Infinity":0,"s:29:10:31:Infinity":1,"f:21:16:21:41":0,"s:22:4:22:Infinity":2,"f:25:2:25:18":1,"s:26:4:26:Infinity":3,"f:29:10:29:31":2,"s:30:4:30:Infinity":4,"f:33:2:33:18":3,"b:34:4:54:Infinity:undefined:undefined:undefined:undefined":0,"s:34:4:54:Infinity":5,"s:35:6:52:Infinity":6,"b:46:69:46:98:46:98:46:124":1,"s:56:4:56:Infinity":7},"fnNames":{}}}
,"C:\\Users\\mynew\\Downloads\\FIFA-WORLD-CUP\\frontend\\src\\components\\Input.tsx": {"path":"C:\\Users\\mynew\\Downloads\\FIFA-WORLD-CUP\\frontend\\src\\components\\Input.tsx","statementMap":{"0":{"start":{"line":8,"column":43},"end":{"line":26,"column":null}},"1":{"start":{"line":9,"column":22},"end":{"line":9,"column":28}},"2":{"start":{"line":10,"column":18},"end":{"line":10,"column":null}},"3":{"start":{"line":11,"column":18},"end":{"line":11,"column":null}},"4":{"start":{"line":13,"column":2},"end":{"line":24,"column":null}},"5":{"start":{"line":28,"column":0},"end":{"line":28,"column":null}}},"fnMap":{"0":{"name":"(anonymous_0)","decl":{"start":{"line":8,"column":43},"end":{"line":8,"column":49}},"loc":{"start":{"line":8,"column":100},"end":{"line":26,"column":1}},"line":8}},"branchMap":{"0":{"loc":{"start":{"line":8,"column":65},"end":{"line":8,"column":81}},"type":"default-arg","locations":[{"start":{"line":8,"column":77},"end":{"line":8,"column":81}}],"line":8},"1":{"loc":{"start":{"line":10,"column":18},"end":{"line":10,"column":null}},"type":"binary-expr","locations":[{"start":{"line":10,"column":18},"end":{"line":10,"column":24}},{"start":{"line":10,"column":24},"end":{"line":10,"column":null}}],"line":10},"2":{"loc":{"start":{"line":15,"column":7},"end":{"line":15,"column":null}},"type":"binary-expr","locations":[{"start":{"line":15,"column":7},"end":{"line":15,"column":16}},{"start":{"line":15,"column":16},"end":{"line":15,"column":null}}],"line":15},"3":{"loc":{"start":{"line":18,"column":51},"end":{"line":18,"column":99}},"type":"cond-expr","locations":[{"start":{"line":18,"column":59},"end":{"line":18,"column":76}},{"start":{"line":18,"column":76},"end":{"line":18,"column":99}}],"line":18},"4":{"loc":{"start":{"line":20,"column":26},"end":{"line":20,"column":null}},"type":"cond-expr","locations":[{"start":{"line":20,"column":34},"end":{"line":20,"column":44}},{"start":{"line":20,"column":44},"end":{"line":20,"column":null}}],"line":20},"5":{"loc":{"start":{"line":23,"column":7},"end":{"line":23,"column":null}},"type":"binary-expr","locations":[{"start":{"line":23,"column":7},"end":{"line":23,"column":16}},{"start":{"line":23,"column":16},"end":{"line":23,"column":null}}],"line":23}},"s":{"0":9,"1":0,"2":0,"3":0,"4":0,"5":9},"f":{"0":0},"b":{"0":[0],"1":[0,0],"2":[0,0],"3":[0,0],"4":[0,0],"5":[0,0]},"meta":{"lastBranch":6,"lastFunction":1,"lastStatement":6,"seen":{"s:8:43:26:Infinity":0,"f:8:43:8:49":0,"b:8:77:8:81":0,"s:9:22:9:28":1,"s:10:18:10:Infinity":2,"b:10:18:10:24:10:24:10:Infinity":1,"s:11:18:11:Infinity":3,"s:13:2:24:Infinity":4,"b:15:7:15:16:15:16:15:Infinity":2,"b:18:59:18:76:18:76:18:99":3,"b:20:34:20:44:20:44:20:Infinity":4,"b:23:7:23:16:23:16:23:Infinity":5,"s:28:0:28:Infinity":5},"fnNames":{}}}
,"C:\\Users\\mynew\\Downloads\\FIFA-WORLD-CUP\\frontend\\src\\components\\Modal.tsx": {"path":"C:\\Users\\mynew\\Downloads\\FIFA-WORLD-CUP\\frontend\\src\\components\\Modal.tsx","statementMap":{"0":{"start":{"line":10,"column":13},"end":{"line":32,"column":null}},"1":{"start":{"line":11,"column":2},"end":{"line":11,"column":null}},"2":{"start":{"line":11,"column":15},"end":{"line":11,"column":null}},"3":{"start":{"line":13,"column":2},"end":{"line":30,"column":null}}},"fnMap":{"0":{"name":"(anonymous_0)","decl":{"start":{"line":10,"column":13},"end":{"line":10,"column":44}},"loc":{"start":{"line":10,"column":85},"end":{"line":32,"column":null}},"line":10}},"branchMap":{"0":{"loc":{"start":{"line":11,"column":2},"end":{"line":11,"column":null}},"type":"if","locations":[{"start":{"line":11,"column":2},"end":{"line":11,"column":null}},{"start":{},"end":{}}],"line":11}},"s":{"0":1,"1":0,"2":0,"3":0},"f":{"0":0},"b":{"0":[0,0]},"meta":{"lastBranch":1,"lastFunction":1,"lastStatement":4,"seen":{"s:10:13:32:Infinity":0,"f:10:13:10:44":0,"b:11:2:11:Infinity:undefined:undefined:undefined:undefined":0,"s:11:2:11:Infinity":1,"s:11:15:11:Infinity":2,"s:13:2:30:Infinity":3},"fnNames":{}}}
,"C:\\Users\\mynew\\Downloads\\FIFA-WORLD-CUP\\frontend\\src\\components\\Skeleton.tsx": {"path":"C:\\Users\\mynew\\Downloads\\FIFA-WORLD-CUP\\frontend\\src\\components\\Skeleton.tsx","statementMap":{"0":{"start":{"line":8,"column":49},"end":{"line":23,"column":null}},"1":{"start":{"line":9,"column":22},"end":{"line":9,"column":null}},"2":{"start":{"line":11,"column":19},"end":{"line":15,"column":null}},"3":{"start":{"line":17,"column":2},"end":{"line":21,"column":null}},"4":{"start":{"line":25,"column":0},"end":{"line":25,"column":null}}},"fnMap":{"0":{"name":"(anonymous_0)","decl":{"start":{"line":8,"column":49},"end":{"line":8,"column":55}},"loc":{"start":{"line":8,"column":103},"end":{"line":23,"column":1}},"line":8}},"branchMap":{"0":{"loc":{"start":{"line":8,"column":57},"end":{"line":8,"column":73}},"type":"default-arg","locations":[{"start":{"line":8,"column":69},"end":{"line":8,"column":73}}],"line":8},"1":{"loc":{"start":{"line":8,"column":73},"end":{"line":8,"column":103}},"type":"default-arg","locations":[{"start":{"line":8,"column":83},"end":{"line":8,"column":103}}],"line":8}},"s":{"0":11,"1":0,"2":0,"3":0,"4":11},"f":{"0":0},"b":{"0":[0],"1":[0]},"meta":{"lastBranch":2,"lastFunction":1,"lastStatement":5,"seen":{"s:8:49:23:Infinity":0,"f:8:49:8:55":0,"b:8:69:8:73":0,"b:8:83:8:103":1,"s:9:22:9:Infinity":1,"s:11:19:15:Infinity":2,"s:17:2:21:Infinity":3,"s:25:0:25:Infinity":4},"fnNames":{}}}
,"C:\\Users\\mynew\\Downloads\\FIFA-WORLD-CUP\\frontend\\src\\components\\Toast.tsx": {"path":"C:\\Users\\mynew\\Downloads\\FIFA-WORLD-CUP\\frontend\\src\\components\\Toast.tsx","statementMap":{"0":{"start":{"line":9,"column":13},"end":{"line":23,"column":null}},"1":{"start":{"line":10,"column":2},"end":{"line":10,"column":null}},"2":{"start":{"line":10,"column":18},"end":{"line":10,"column":null}},"3":{"start":{"line":12,"column":16},"end":{"line":16,"column":null}},"4":{"start":{"line":18,"column":2},"end":{"line":21,"column":null}}},"fnMap":{"0":{"name":"(anonymous_0)","decl":{"start":{"line":9,"column":13},"end":{"line":9,"column":44}},"loc":{"start":{"line":9,"column":86},"end":{"line":23,"column":null}},"line":9}},"branchMap":{"0":{"loc":{"start":{"line":9,"column":66},"end":{"line":9,"column":86}},"type":"default-arg","locations":[{"start":{"line":9,"column":73},"end":{"line":9,"column":86}}],"line":9},"1":{"loc":{"start":{"line":10,"column":2},"end":{"line":10,"column":null}},"type":"if","locations":[{"start":{"line":10,"column":2},"end":{"line":10,"column":null}},{"start":{},"end":{}}],"line":10}},"s":{"0":16,"1":0,"2":0,"3":0,"4":0},"f":{"0":0},"b":{"0":[0],"1":[0,0]},"meta":{"lastBranch":2,"lastFunction":1,"lastStatement":5,"seen":{"s:9:13:23:Infinity":0,"f:9:13:9:44":0,"b:9:73:9:86":0,"b:10:2:10:Infinity:undefined:undefined:undefined:undefined":1,"s:10:2:10:Infinity":1,"s:10:18:10:Infinity":2,"s:12:16:16:Infinity":3,"s:18:2:21:Infinity":4},"fnNames":{}}}
,"C:\\Users\\mynew\\Downloads\\FIFA-WORLD-CUP\\frontend\\src\\components\\accessibility\\AccessibilityNeedsSelector.tsx": {"path":"C:\\Users\\mynew\\Downloads\\FIFA-WORLD-CUP\\frontend\\src\\components\\accessibility\\AccessibilityNeedsSelector.tsx","statementMap":{"0":{"start":{"line":4,"column":81},"end":{"line":11,"column":null}},"1":{"start":{"line":18,"column":13},"end":{"line":50,"column":null}},"2":{"start":{"line":22,"column":2},"end":{"line":48,"column":null}},"3":{"start":{"line":29,"column":27},"end":{"line":29,"column":null}},"4":{"start":{"line":30,"column":10},"end":{"line":44,"column":null}},"5":{"start":{"line":33,"column":29},"end":{"line":33,"column":null}}},"fnMap":{"0":{"name":"(anonymous_0)","decl":{"start":{"line":18,"column":13},"end":{"line":18,"column":86}},"loc":{"start":{"line":21,"column":6},"end":{"line":50,"column":null}},"line":21},"1":{"name":"(anonymous_1)","decl":{"start":{"line":28,"column":22},"end":{"line":28,"column":27}},"loc":{"start":{"line":28,"column":53},"end":{"line":46,"column":9}},"line":28},"2":{"name":"(anonymous_2)","decl":{"start":{"line":33,"column":14},"end":{"line":33,"column":29}},"loc":{"start":{"line":33,"column":29},"end":{"line":33,"column":null}},"line":33}},"branchMap":{"0":{"loc":{"start":{"line":35,"column":40},"end":{"line":35,"column":null}},"type":"cond-expr","locations":[{"start":{"line":35,"column":51},"end":{"line":35,"column":64}},{"start":{"line":35,"column":64},"end":{"line":35,"column":null}}],"line":35},"1":{"loc":{"start":{"line":37,"column":16},"end":{"line":39,"column":null}},"type":"cond-expr","locations":[{"start":{"line":38,"column":20},"end":{"line":38,"column":null}},{"start":{"line":39,"column":20},"end":{"line":39,"column":null}}],"line":37}},"s":{"0":2,"1":2,"2":0,"3":0,"4":0,"5":0},"f":{"0":0,"1":0,"2":0},"b":{"0":[0,0],"1":[0,0]},"meta":{"lastBranch":2,"lastFunction":3,"lastStatement":6,"seen":{"s:4:81:11:Infinity":0,"s:18:13:50:Infinity":1,"f:18:13:18:86":0,"s:22:2:48:Infinity":2,"f:28:22:28:27":1,"s:29:27:29:Infinity":3,"s:30:10:44:Infinity":4,"f:33:14:33:29":2,"s:33:29:33:Infinity":5,"b:35:51:35:64:35:64:35:Infinity":0,"b:38:20:38:Infinity:39:20:39:Infinity":1},"fnNames":{}}}
,"C:\\Users\\mynew\\Downloads\\FIFA-WORLD-CUP\\frontend\\src\\components\\accessibility\\AccessibleRouteCard.tsx": {"path":"C:\\Users\\mynew\\Downloads\\FIFA-WORLD-CUP\\frontend\\src\\components\\accessibility\\AccessibleRouteCard.tsx","statementMap":{"0":{"start":{"line":10,"column":13},"end":{"line":65,"column":null}},"1":{"start":{"line":11,"column":2},"end":{"line":11,"column":null}},"2":{"start":{"line":11,"column":36},"end":{"line":11,"column":null}},"3":{"start":{"line":13,"column":2},"end":{"line":63,"column":null}},"4":{"start":{"line":20,"column":25},"end":{"line":20,"column":null}},"5":{"start":{"line":21,"column":34},"end":{"line":21,"column":null}},"6":{"start":{"line":23,"column":10},"end":{"line":59,"column":null}}},"fnMap":{"0":{"name":"(anonymous_0)","decl":{"start":{"line":10,"column":13},"end":{"line":10,"column":72}},"loc":{"start":{"line":10,"column":86},"end":{"line":65,"column":null}},"line":10},"1":{"name":"(anonymous_1)","decl":{"start":{"line":19,"column":15},"end":{"line":19,"column":20}},"loc":{"start":{"line":19,"column":36},"end":{"line":61,"column":9}},"line":19}},"branchMap":{"0":{"loc":{"start":{"line":11,"column":2},"end":{"line":11,"column":null}},"type":"if","locations":[{"start":{"line":11,"column":2},"end":{"line":11,"column":null}},{"start":{},"end":{}}],"line":11},"1":{"loc":{"start":{"line":11,"column":6},"end":{"line":11,"column":36}},"type":"binary-expr","locations":[{"start":{"line":11,"column":6},"end":{"line":11,"column":16}},{"start":{"line":11,"column":16},"end":{"line":11,"column":36}}],"line":11},"2":{"loc":{"start":{"line":21,"column":34},"end":{"line":21,"column":null}},"type":"binary-expr","locations":[{"start":{"line":21,"column":34},"end":{"line":21,"column":54}},{"start":{"line":21,"column":54},"end":{"line":21,"column":null}}],"line":21},"3":{"loc":{"start":{"line":25,"column":15},"end":{"line":26,"column":null}},"type":"binary-expr","locations":[{"start":{"line":25,"column":15},"end":{"line":25,"column":null}},{"start":{"line":26,"column":16},"end":{"line":26,"column":null}}],"line":25},"4":{"loc":{"start":{"line":29,"column":17},"end":{"line":32,"column":null}},"type":"cond-expr","locations":[{"start":{"line":30,"column":18},"end":{"line":32,"column":19}},{"start":{"line":32,"column":18},"end":{"line":32,"column":null}}],"line":29},"5":{"loc":{"start":{"line":42,"column":23},"end":{"line":47,"column":null}},"type":"binary-expr","locations":[{"start":{"line":42,"column":23},"end":{"line":42,"column":null}},{"start":{"line":43,"column":24},"end":{"line":47,"column":null}}],"line":42},"6":{"loc":{"start":{"line":51,"column":19},"end":{"line":57,"column":null}},"type":"binary-expr","locations":[{"start":{"line":51,"column":19},"end":{"line":51,"column":null}},{"start":{"line":52,"column":20},"end":{"line":57,"column":null}}],"line":51}},"s":{"0":2,"1":0,"2":0,"3":0,"4":0,"5":0,"6":0},"f":{"0":0,"1":0},"b":{"0":[0,0],"1":[0,0],"2":[0,0],"3":[0,0],"4":[0,0],"5":[0,0],"6":[0,0]},"meta":{"lastBranch":7,"lastFunction":2,"lastStatement":7,"seen":{"s:10:13:65:Infinity":0,"f:10:13:10:72":0,"b:11:2:11:Infinity:undefined:undefined:undefined:undefined":0,"s:11:2:11:Infinity":1,"b:11:6:11:16:11:16:11:36":1,"s:11:36:11:Infinity":2,"s:13:2:63:Infinity":3,"f:19:15:19:20":1,"s:20:25:20:Infinity":4,"s:21:34:21:Infinity":5,"b:21:34:21:54:21:54:21:Infinity":2,"s:23:10:59:Infinity":6,"b:25:15:25:Infinity:26:16:26:Infinity":3,"b:30:18:32:19:32:18:32:Infinity":4,"b:42:23:42:Infinity:43:24:47:Infinity":5,"b:51:19:51:Infinity:52:20:57:Infinity":6},"fnNames":{}}}
,"C:\\Users\\mynew\\Downloads\\FIFA-WORLD-CUP\\frontend\\src\\components\\accessibility\\EmergencyContactCard.tsx": {"path":"C:\\Users\\mynew\\Downloads\\FIFA-WORLD-CUP\\frontend\\src\\components\\accessibility\\EmergencyContactCard.tsx","statementMap":{"0":{"start":{"line":11,"column":26},"end":{"line":15,"column":null}},"1":{"start":{"line":17,"column":13},"end":{"line":46,"column":null}},"2":{"start":{"line":18,"column":20},"end":{"line":18,"column":null}},"3":{"start":{"line":20,"column":2},"end":{"line":44,"column":null}},"4":{"start":{"line":27,"column":23},"end":{"line":27,"column":null}},"5":{"start":{"line":28,"column":24},"end":{"line":28,"column":null}},"6":{"start":{"line":30,"column":10},"end":{"line":40,"column":null}}},"fnMap":{"0":{"name":"(anonymous_0)","decl":{"start":{"line":17,"column":13},"end":{"line":17,"column":74}},"loc":{"start":{"line":17,"column":98},"end":{"line":46,"column":null}},"line":17},"1":{"name":"(anonymous_1)","decl":{"start":{"line":26,"column":18},"end":{"line":26,"column":23}},"loc":{"start":{"line":26,"column":32},"end":{"line":42,"column":9}},"line":26}},"branchMap":{"0":{"loc":{"start":{"line":18,"column":20},"end":{"line":18,"column":null}},"type":"cond-expr","locations":[{"start":{"line":18,"column":69},"end":{"line":18,"column":87}},{"start":{"line":18,"column":87},"end":{"line":18,"column":null}}],"line":18},"1":{"loc":{"start":{"line":18,"column":20},"end":{"line":18,"column":69}},"type":"binary-expr","locations":[{"start":{"line":18,"column":20},"end":{"line":18,"column":39}},{"start":{"line":18,"column":39},"end":{"line":18,"column":69}}],"line":18},"2":{"loc":{"start":{"line":27,"column":37},"end":{"line":27,"column":48}},"type":"binary-expr","locations":[{"start":{"line":27,"column":37},"end":{"line":27,"column":47}},{"start":{"line":27,"column":47},"end":{"line":27,"column":48}}],"line":27},"3":{"loc":{"start":{"line":28,"column":38},"end":{"line":28,"column":65}},"type":"binary-expr","locations":[{"start":{"line":28,"column":38},"end":{"line":28,"column":49}},{"start":{"line":28,"column":49},"end":{"line":28,"column":65}}],"line":28}},"s":{"0":2,"1":2,"2":0,"3":0,"4":0,"5":0,"6":0},"f":{"0":0,"1":0},"b":{"0":[0,0],"1":[0,0],"2":[0,0],"3":[0,0]},"meta":{"lastBranch":4,"lastFunction":2,"lastStatement":7,"seen":{"s:11:26:15:Infinity":0,"s:17:13:46:Infinity":1,"f:17:13:17:74":0,"s:18:20:18:Infinity":2,"b:18:69:18:87:18:87:18:Infinity":0,"b:18:20:18:39:18:39:18:69":1,"s:20:2:44:Infinity":3,"f:26:18:26:23":1,"s:27:23:27:Infinity":4,"b:27:37:27:47:27:47:27:48":2,"s:28:24:28:Infinity":5,"b:28:38:28:49:28:49:28:65":3,"s:30:10:40:Infinity":6},"fnNames":{}}}
,"C:\\Users\\mynew\\Downloads\\FIFA-WORLD-CUP\\frontend\\src\\components\\accessibility\\FacilityCards.tsx": {"path":"C:\\Users\\mynew\\Downloads\\FIFA-WORLD-CUP\\frontend\\src\\components\\accessibility\\FacilityCards.tsx","statementMap":{"0":{"start":{"line":15,"column":58},"end":{"line":68,"column":null}},"1":{"start":{"line":16,"column":2},"end":{"line":16,"column":null}},"2":{"start":{"line":16,"column":36},"end":{"line":16,"column":null}},"3":{"start":{"line":18,"column":2},"end":{"line":66,"column":null}},"4":{"start":{"line":25,"column":24},"end":{"line":25,"column":null}},"5":{"start":{"line":26,"column":26},"end":{"line":26,"column":null}},"6":{"start":{"line":27,"column":26},"end":{"line":27,"column":null}},"7":{"start":{"line":29,"column":10},"end":{"line":46,"column":null}},"8":{"start":{"line":30,"column":22},"end":{"line":30,"column":null}},"9":{"start":{"line":31,"column":12},"end":{"line":31,"column":null}},"10":{"start":{"line":32,"column":12},"end":{"line":32,"column":null}},"11":{"start":{"line":33,"column":17},"end":{"line":46,"column":null}},"12":{"start":{"line":34,"column":22},"end":{"line":34,"column":null}},"13":{"start":{"line":35,"column":12},"end":{"line":35,"column":null}},"14":{"start":{"line":36,"column":12},"end":{"line":36,"column":null}},"15":{"start":{"line":37,"column":12},"end":{"line":37,"column":null}},"16":{"start":{"line":38,"column":17},"end":{"line":46,"column":null}},"17":{"start":{"line":39,"column":22},"end":{"line":39,"column":null}},"18":{"start":{"line":40,"column":12},"end":{"line":40,"column":null}},"19":{"start":{"line":41,"column":12},"end":{"line":41,"column":null}},"20":{"start":{"line":42,"column":17},"end":{"line":46,"column":null}},"21":{"start":{"line":43,"column":22},"end":{"line":43,"column":null}},"22":{"start":{"line":44,"column":12},"end":{"line":44,"column":null}},"23":{"start":{"line":45,"column":12},"end":{"line":45,"column":null}},"24":{"start":{"line":48,"column":10},"end":{"line":62,"column":null}},"25":{"start":{"line":69,"column":0},"end":{"line":69,"column":null}},"26":{"start":{"line":81,"column":59},"end":{"line":101,"column":null}},"27":{"start":{"line":90,"column":2},"end":{"line":99,"column":null}},"28":{"start":{"line":102,"column":0},"end":{"line":102,"column":null}}},"fnMap":{"0":{"name":"(anonymous_0)","decl":{"start":{"line":15,"column":64},"end":{"line":15,"column":70}},"loc":{"start":{"line":15,"column":141},"end":{"line":68,"column":1}},"line":15},"1":{"name":"(anonymous_1)","decl":{"start":{"line":24,"column":15},"end":{"line":24,"column":20}},"loc":{"start":{"line":24,"column":32},"end":{"line":64,"column":9}},"line":24},"2":{"name":"(anonymous_2)","decl":{"start":{"line":81,"column":65},"end":{"line":81,"column":71}},"loc":{"start":{"line":89,"column":6},"end":{"line":101,"column":1}},"line":89}},"branchMap":{"0":{"loc":{"start":{"line":15,"column":92},"end":{"line":15,"column":130}},"type":"default-arg","locations":[{"start":{"line":15,"column":106},"end":{"line":15,"column":130}}],"line":15},"1":{"loc":{"start":{"line":16,"column":2},"end":{"line":16,"column":null}},"type":"if","locations":[{"start":{"line":16,"column":2},"end":{"line":16,"column":null}},{"start":{},"end":{}}],"line":16},"2":{"loc":{"start":{"line":16,"column":6},"end":{"line":16,"column":36}},"type":"binary-expr","locations":[{"start":{"line":16,"column":6},"end":{"line":16,"column":16}},{"start":{"line":16,"column":16},"end":{"line":16,"column":36}}],"line":16},"3":{"loc":{"start":{"line":29,"column":10},"end":{"line":46,"column":null}},"type":"if","locations":[{"start":{"line":29,"column":10},"end":{"line":46,"column":null}},{"start":{"line":33,"column":17},"end":{"line":46,"column":null}}],"line":29},"4":{"loc":{"start":{"line":31,"column":36},"end":{"line":31,"column":51}},"type":"binary-expr","locations":[{"start":{"line":31,"column":36},"end":{"line":31,"column":50}},{"start":{"line":31,"column":50},"end":{"line":31,"column":51}}],"line":31},"5":{"loc":{"start":{"line":32,"column":38},"end":{"line":32,"column":52}},"type":"binary-expr","locations":[{"start":{"line":32,"column":38},"end":{"line":32,"column":50}},{"start":{"line":32,"column":50},"end":{"line":32,"column":52}}],"line":32},"6":{"loc":{"start":{"line":33,"column":17},"end":{"line":46,"column":null}},"type":"if","locations":[{"start":{"line":33,"column":17},"end":{"line":46,"column":null}},{"start":{"line":38,"column":17},"end":{"line":46,"column":null}}],"line":33},"7":{"loc":{"start":{"line":35,"column":36},"end":{"line":35,"column":50}},"type":"binary-expr","locations":[{"start":{"line":35,"column":36},"end":{"line":35,"column":49}},{"start":{"line":35,"column":49},"end":{"line":35,"column":50}}],"line":35},"8":{"loc":{"start":{"line":36,"column":38},"end":{"line":36,"column":52}},"type":"binary-expr","locations":[{"start":{"line":36,"column":38},"end":{"line":36,"column":50}},{"start":{"line":36,"column":50},"end":{"line":36,"column":52}}],"line":36},"9":{"loc":{"start":{"line":37,"column":38},"end":{"line":37,"column":54}},"type":"binary-expr","locations":[{"start":{"line":37,"column":38},"end":{"line":37,"column":52}},{"start":{"line":37,"column":52},"end":{"line":37,"column":54}}],"line":37},"10":{"loc":{"start":{"line":38,"column":17},"end":{"line":46,"column":null}},"type":"if","locations":[{"start":{"line":38,"column":17},"end":{"line":46,"column":null}},{"start":{"line":42,"column":17},"end":{"line":46,"column":null}}],"line":38},"11":{"loc":{"start":{"line":40,"column":36},"end":{"line":40,"column":51}},"type":"binary-expr","locations":[{"start":{"line":40,"column":36},"end":{"line":40,"column":50}},{"start":{"line":40,"column":50},"end":{"line":40,"column":51}}],"line":40},"12":{"loc":{"start":{"line":41,"column":38},"end":{"line":41,"column":54}},"type":"binary-expr","locations":[{"start":{"line":41,"column":38},"end":{"line":41,"column":52}},{"start":{"line":41,"column":52},"end":{"line":41,"column":54}}],"line":41},"13":{"loc":{"start":{"line":42,"column":17},"end":{"line":46,"column":null}},"type":"if","locations":[{"start":{"line":42,"column":17},"end":{"line":46,"column":null}},{"start":{},"end":{}}],"line":42},"14":{"loc":{"start":{"line":44,"column":36},"end":{"line":44,"column":54}},"type":"binary-expr","locations":[{"start":{"line":44,"column":36},"end":{"line":44,"column":53}},{"start":{"line":44,"column":53},"end":{"line":44,"column":54}}],"line":44},"15":{"loc":{"start":{"line":45,"column":38},"end":{"line":45,"column":57}},"type":"binary-expr","locations":[{"start":{"line":45,"column":38},"end":{"line":45,"column":55}},{"start":{"line":45,"column":55},"end":{"line":45,"column":57}}],"line":45},"16":{"loc":{"start":{"line":54,"column":19},"end":{"line":59,"column":null}},"type":"binary-expr","locations":[{"start":{"line":54,"column":19},"end":{"line":54,"column":null}},{"start":{"line":55,"column":20},"end":{"line":59,"column":null}}],"line":54},"17":{"loc":{"start":{"line":55,"column":36},"end":{"line":55,"column":104}},"type":"cond-expr","locations":[{"start":{"line":55,"column":84},"end":{"line":55,"column":96}},{"start":{"line":55,"column":96},"end":{"line":55,"column":104}}],"line":55},"18":{"loc":{"start":{"line":60,"column":17},"end":{"line":61,"column":null}},"type":"binary-expr","locations":[{"start":{"line":60,"column":17},"end":{"line":60,"column":30}},{"start":{"line":60,"column":30},"end":{"line":61,"column":null}}],"line":60}},"s":{"0":2,"1":0,"2":0,"3":0,"4":0,"5":0,"6":0,"7":0,"8":0,"9":0,"10":0,"11":0,"12":0,"13":0,"14":0,"15":0,"16":0,"17":0,"18":0,"19":0,"20":0,"21":0,"22":0,"23":0,"24":0,"25":2,"26":2,"27":0,"28":2},"f":{"0":0,"1":0,"2":0},"b":{"0":[0],"1":[0,0],"2":[0,0],"3":[0,0],"4":[0,0],"5":[0,0],"6":[0,0],"7":[0,0],"8":[0,0],"9":[0,0],"10":[0,0],"11":[0,0],"12":[0,0],"13":[0,0],"14":[0,0],"15":[0,0],"16":[0,0],"17":[0,0],"18":[0,0]},"meta":{"lastBranch":19,"lastFunction":3,"lastStatement":29,"seen":{"s:15:58:68:Infinity":0,"f:15:64:15:70":0,"b:15:106:15:130":0,"b:16:2:16:Infinity:undefined:undefined:undefined:undefined":1,"s:16:2:16:Infinity":1,"b:16:6:16:16:16:16:16:36":2,"s:16:36:16:Infinity":2,"s:18:2:66:Infinity":3,"f:24:15:24:20":1,"s:25:24:25:Infinity":4,"s:26:26:26:Infinity":5,"s:27:26:27:Infinity":6,"b:29:10:46:Infinity:33:17:46:Infinity":3,"s:29:10:46:Infinity":7,"s:30:22:30:Infinity":8,"s:31:12:31:Infinity":9,"b:31:36:31:50:31:50:31:51":4,"s:32:12:32:Infinity":10,"b:32:38:32:50:32:50:32:52":5,"b:33:17:46:Infinity:38:17:46:Infinity":6,"s:33:17:46:Infinity":11,"s:34:22:34:Infinity":12,"s:35:12:35:Infinity":13,"b:35:36:35:49:35:49:35:50":7,"s:36:12:36:Infinity":14,"b:36:38:36:50:36:50:36:52":8,"s:37:12:37:Infinity":15,"b:37:38:37:52:37:52:37:54":9,"b:38:17:46:Infinity:42:17:46:Infinity":10,"s:38:17:46:Infinity":16,"s:39:22:39:Infinity":17,"s:40:12:40:Infinity":18,"b:40:36:40:50:40:50:40:51":11,"s:41:12:41:Infinity":19,"b:41:38:41:52:41:52:41:54":12,"b:42:17:46:Infinity:undefined:undefined:undefined:undefined":13,"s:42:17:46:Infinity":20,"s:43:22:43:Infinity":21,"s:44:12:44:Infinity":22,"b:44:36:44:53:44:53:44:54":14,"s:45:12:45:Infinity":23,"b:45:38:45:55:45:55:45:57":15,"s:48:10:62:Infinity":24,"b:54:19:54:Infinity:55:20:59:Infinity":16,"b:55:84:55:96:55:96:55:104":17,"b:60:17:60:30:60:30:61:Infinity":18,"s:69:0:69:Infinity":25,"s:81:59:101:Infinity":26,"f:81:65:81:71":2,"s:90:2:99:Infinity":27,"s:102:0:102:Infinity":28},"fnNames":{}}}
,"C:\\Users\\mynew\\Downloads\\FIFA-WORLD-CUP\\frontend\\src\\components\\accessibility\\States.tsx": {"path":"C:\\Users\\mynew\\Downloads\\FIFA-WORLD-CUP\\frontend\\src\\components\\accessibility\\States.tsx","statementMap":{"0":{"start":{"line":4,"column":13},"end":{"line":18,"column":null}},"1":{"start":{"line":5,"column":2},"end":{"line":18,"column":null}},"2":{"start":{"line":21,"column":13},"end":{"line":32,"column":null}},"3":{"start":{"line":22,"column":2},"end":{"line":32,"column":null}}},"fnMap":{"0":{"name":"(anonymous_0)","decl":{"start":{"line":4,"column":13},"end":{"line":4,"column":null}},"loc":{"start":{"line":5,"column":2},"end":{"line":18,"column":null}},"line":5},"1":{"name":"(anonymous_1)","decl":{"start":{"line":21,"column":13},"end":{"line":21,"column":null}},"loc":{"start":{"line":22,"column":2},"end":{"line":32,"column":null}},"line":22}},"branchMap":{},"s":{"0":2,"1":0,"2":2,"3":0},"f":{"0":0,"1":0},"b":{},"meta":{"lastBranch":0,"lastFunction":2,"lastStatement":4,"seen":{"s:4:13:18:Infinity":0,"f:4:13:4:Infinity":0,"s:5:2:18:Infinity":1,"s:21:13:32:Infinity":2,"f:21:13:21:Infinity":1,"s:22:2:32:Infinity":3},"fnNames":{}}}
,"C:\\Users\\mynew\\Downloads\\FIFA-WORLD-CUP\\frontend\\src\\components\\accessibility\\WarningsPanel.tsx": {"path":"C:\\Users\\mynew\\Downloads\\FIFA-WORLD-CUP\\frontend\\src\\components\\accessibility\\WarningsPanel.tsx","statementMap":{"0":{"start":{"line":11,"column":13},"end":{"line":69,"column":null}},"1":{"start":{"line":12,"column":22},"end":{"line":12,"column":null}},"2":{"start":{"line":13,"column":26},"end":{"line":13,"column":null}},"3":{"start":{"line":14,"column":19},"end":{"line":14,"column":null}},"4":{"start":{"line":16,"column":2},"end":{"line":16,"column":null}},"5":{"start":{"line":16,"column":53},"end":{"line":16,"column":null}},"6":{"start":{"line":18,"column":2},"end":{"line":67,"column":null}},"7":{"start":{"line":27,"column":14},"end":{"line":30,"column":null}},"8":{"start":{"line":43,"column":14},"end":{"line":46,"column":null}},"9":{"start":{"line":59,"column":14},"end":{"line":62,"column":null}}},"fnMap":{"0":{"name":"(anonymous_0)","decl":{"start":{"line":11,"column":13},"end":{"line":11,"column":60}},"loc":{"start":{"line":11,"column":115},"end":{"line":69,"column":null}},"line":11},"1":{"name":"(anonymous_1)","decl":{"start":{"line":26,"column":22},"end":{"line":26,"column":27}},"loc":{"start":{"line":27,"column":14},"end":{"line":30,"column":null}},"line":27},"2":{"name":"(anonymous_2)","decl":{"start":{"line":42,"column":35},"end":{"line":42,"column":40}},"loc":{"start":{"line":43,"column":14},"end":{"line":46,"column":null}},"line":43},"3":{"name":"(anonymous_3)","decl":{"start":{"line":58,"column":27},"end":{"line":58,"column":32}},"loc":{"start":{"line":59,"column":14},"end":{"line":62,"column":null}},"line":59}},"branchMap":{"0":{"loc":{"start":{"line":12,"column":22},"end":{"line":12,"column":null}},"type":"binary-expr","locations":[{"start":{"line":12,"column":22},"end":{"line":12,"column":34}},{"start":{"line":12,"column":34},"end":{"line":12,"column":null}}],"line":12},"1":{"loc":{"start":{"line":13,"column":26},"end":{"line":13,"column":null}},"type":"binary-expr","locations":[{"start":{"line":13,"column":26},"end":{"line":13,"column":51}},{"start":{"line":13,"column":51},"end":{"line":13,"column":null}}],"line":13},"2":{"loc":{"start":{"line":14,"column":19},"end":{"line":14,"column":null}},"type":"binary-expr","locations":[{"start":{"line":14,"column":19},"end":{"line":14,"column":36}},{"start":{"line":14,"column":36},"end":{"line":14,"column":null}}],"line":14},"3":{"loc":{"start":{"line":16,"column":2},"end":{"line":16,"column":null}},"type":"if","locations":[{"start":{"line":16,"column":2},"end":{"line":16,"column":null}},{"start":{},"end":{}}],"line":16},"4":{"loc":{"start":{"line":16,"column":6},"end":{"line":16,"column":53}},"type":"binary-expr","locations":[{"start":{"line":16,"column":6},"end":{"line":16,"column":22}},{"start":{"line":16,"column":22},"end":{"line":16,"column":42}},{"start":{"line":16,"column":42},"end":{"line":16,"column":53}}],"line":16},"5":{"loc":{"start":{"line":20,"column":7},"end":{"line":33,"column":null}},"type":"binary-expr","locations":[{"start":{"line":20,"column":7},"end":{"line":20,"column":null}},{"start":{"line":21,"column":8},"end":{"line":33,"column":null}}],"line":20},"6":{"loc":{"start":{"line":36,"column":7},"end":{"line":49,"column":null}},"type":"binary-expr","locations":[{"start":{"line":36,"column":7},"end":{"line":36,"column":null}},{"start":{"line":37,"column":8},"end":{"line":49,"column":null}}],"line":36},"7":{"loc":{"start":{"line":52,"column":7},"end":{"line":65,"column":null}},"type":"binary-expr","locations":[{"start":{"line":52,"column":7},"end":{"line":52,"column":null}},{"start":{"line":53,"column":8},"end":{"line":65,"column":null}}],"line":52}},"s":{"0":2,"1":0,"2":0,"3":0,"4":0,"5":0,"6":0,"7":0,"8":0,"9":0},"f":{"0":0,"1":0,"2":0,"3":0},"b":{"0":[0,0],"1":[0,0],"2":[0,0],"3":[0,0],"4":[0,0,0],"5":[0,0],"6":[0,0],"7":[0,0]},"meta":{"lastBranch":8,"lastFunction":4,"lastStatement":10,"seen":{"s:11:13:69:Infinity":0,"f:11:13:11:60":0,"s:12:22:12:Infinity":1,"b:12:22:12:34:12:34:12:Infinity":0,"s:13:26:13:Infinity":2,"b:13:26:13:51:13:51:13:Infinity":1,"s:14:19:14:Infinity":3,"b:14:19:14:36:14:36:14:Infinity":2,"b:16:2:16:Infinity:undefined:undefined:undefined:undefined":3,"s:16:2:16:Infinity":4,"b:16:6:16:22:16:22:16:42:16:42:16:53":4,"s:16:53:16:Infinity":5,"s:18:2:67:Infinity":6,"b:20:7:20:Infinity:21:8:33:Infinity":5,"f:26:22:26:27":1,"s:27:14:30:Infinity":7,"b:36:7:36:Infinity:37:8:49:Infinity":6,"f:42:35:42:40":2,"s:43:14:46:Infinity":8,"b:52:7:52:Infinity:53:8:65:Infinity":7,"f:58:27:58:32":3,"s:59:14:62:Infinity":9},"fnNames":{}}}
,"C:\\Users\\mynew\\Downloads\\FIFA-WORLD-CUP\\frontend\\src\\components\\ai\\ChatInput.tsx": {"path":"C:\\Users\\mynew\\Downloads\\FIFA-WORLD-CUP\\frontend\\src\\components\\ai\\ChatInput.tsx","statementMap":{"0":{"start":{"line":10,"column":13},"end":{"line":108,"column":null}},"1":{"start":{"line":11,"column":28},"end":{"line":11,"column":null}},"2":{"start":{"line":12,"column":22},"end":{"line":12,"column":null}},"3":{"start":{"line":13,"column":23},"end":{"line":13,"column":35}},"4":{"start":{"line":15,"column":24},"end":{"line":19,"column":null}},"5":{"start":{"line":22,"column":2},"end":{"line":27,"column":null}},"6":{"start":{"line":23,"column":4},"end":{"line":26,"column":null}},"7":{"start":{"line":24,"column":6},"end":{"line":24,"column":null}},"8":{"start":{"line":25,"column":6},"end":{"line":25,"column":null}},"9":{"start":{"line":29,"column":8},"end":{"line":37,"column":null}},"10":{"start":{"line":30,"column":4},"end":{"line":36,"column":null}},"11":{"start":{"line":31,"column":6},"end":{"line":31,"column":null}},"12":{"start":{"line":32,"column":6},"end":{"line":32,"column":null}},"13":{"start":{"line":33,"column":6},"end":{"line":35,"column":null}},"14":{"start":{"line":34,"column":8},"end":{"line":34,"column":null}},"15":{"start":{"line":39,"column":8},"end":{"line":44,"column":null}},"16":{"start":{"line":40,"column":4},"end":{"line":43,"column":null}},"17":{"start":{"line":41,"column":6},"end":{"line":41,"column":null}},"18":{"start":{"line":42,"column":6},"end":{"line":42,"column":null}},"19":{"start":{"line":46,"column":2},"end":{"line":106,"column":null}},"20":{"start":{"line":54,"column":15},"end":{"line":61,"column":null}},"21":{"start":{"line":56,"column":32},"end":{"line":56,"column":null}},"22":{"start":{"line":84,"column":29},"end":{"line":84,"column":null}}},"fnMap":{"0":{"name":"(anonymous_0)","decl":{"start":{"line":10,"column":13},"end":{"line":10,"column":52}},"loc":{"start":{"line":10,"column":77},"end":{"line":108,"column":null}},"line":10},"1":{"name":"(anonymous_1)","decl":{"start":{"line":22,"column":2},"end":{"line":22,"column":18}},"loc":{"start":{"line":22,"column":18},"end":{"line":27,"column":5}},"line":22},"2":{"name":"(anonymous_2)","decl":{"start":{"line":29,"column":8},"end":{"line":29,"column":27}},"loc":{"start":{"line":29,"column":27},"end":{"line":37,"column":null}},"line":29},"3":{"name":"(anonymous_3)","decl":{"start":{"line":39,"column":8},"end":{"line":39,"column":25}},"loc":{"start":{"line":39,"column":73},"end":{"line":44,"column":null}},"line":39},"4":{"name":"(anonymous_4)","decl":{"start":{"line":53,"column":27},"end":{"line":53,"column":32}},"loc":{"start":{"line":54,"column":15},"end":{"line":61,"column":null}},"line":54},"5":{"name":"(anonymous_5)","decl":{"start":{"line":56,"column":17},"end":{"line":56,"column":32}},"loc":{"start":{"line":56,"column":32},"end":{"line":56,"column":null}},"line":56},"6":{"name":"(anonymous_6)","decl":{"start":{"line":84,"column":12},"end":{"line":84,"column":23}},"loc":{"start":{"line":84,"column":29},"end":{"line":84,"column":null}},"line":84}},"branchMap":{"0":{"loc":{"start":{"line":23,"column":4},"end":{"line":26,"column":null}},"type":"if","locations":[{"start":{"line":23,"column":4},"end":{"line":26,"column":null}},{"start":{},"end":{}}],"line":23},"1":{"loc":{"start":{"line":30,"column":4},"end":{"line":36,"column":null}},"type":"if","locations":[{"start":{"line":30,"column":4},"end":{"line":36,"column":null}},{"start":{},"end":{}}],"line":30},"2":{"loc":{"start":{"line":30,"column":8},"end":{"line":30,"column":35}},"type":"binary-expr","locations":[{"start":{"line":30,"column":8},"end":{"line":30,"column":24}},{"start":{"line":30,"column":24},"end":{"line":30,"column":35}}],"line":30},"3":{"loc":{"start":{"line":33,"column":6},"end":{"line":35,"column":null}},"type":"if","locations":[{"start":{"line":33,"column":6},"end":{"line":35,"column":null}},{"start":{},"end":{}}],"line":33},"4":{"loc":{"start":{"line":40,"column":4},"end":{"line":43,"column":null}},"type":"if","locations":[{"start":{"line":40,"column":4},"end":{"line":43,"column":null}},{"start":{},"end":{}}],"line":40},"5":{"loc":{"start":{"line":40,"column":8},"end":{"line":40,"column":42}},"type":"binary-expr","locations":[{"start":{"line":40,"column":8},"end":{"line":40,"column":29}},{"start":{"line":40,"column":29},"end":{"line":40,"column":42}}],"line":40},"6":{"loc":{"start":{"line":68,"column":13},"end":{"line":71,"column":null}},"type":"binary-expr","locations":[{"start":{"line":68,"column":13},"end":{"line":68,"column":null}},{"start":{"line":69,"column":14},"end":{"line":71,"column":null}}],"line":68},"7":{"loc":{"start":{"line":94,"column":22},"end":{"line":94,"column":null}},"type":"binary-expr","locations":[{"start":{"line":94,"column":22},"end":{"line":94,"column":34}},{"start":{"line":94,"column":34},"end":{"line":94,"column":null}}],"line":94}},"s":{"0":2,"1":0,"2":0,"3":0,"4":0,"5":0,"6":0,"7":0,"8":0,"9":0,"10":0,"11":0,"12":0,"13":0,"14":0,"15":0,"16":0,"17":0,"18":0,"19":0,"20":0,"21":0,"22":0},"f":{"0":0,"1":0,"2":0,"3":0,"4":0,"5":0,"6":0},"b":{"0":[0,0],"1":[0,0],"2":[0,0],"3":[0,0],"4":[0,0],"5":[0,0],"6":[0,0],"7":[0,0]},"meta":{"lastBranch":8,"lastFunction":7,"lastStatement":23,"seen":{"s:10:13:108:Infinity":0,"f:10:13:10:52":0,"s:11:28:11:Infinity":1,"s:12:22:12:Infinity":2,"s:13:23:13:35":3,"s:15:24:19:Infinity":4,"s:22:2:27:Infinity":5,"f:22:2:22:18":1,"b:23:4:26:Infinity:undefined:undefined:undefined:undefined":0,"s:23:4:26:Infinity":6,"s:24:6:24:Infinity":7,"s:25:6:25:Infinity":8,"s:29:8:37:Infinity":9,"f:29:8:29:27":2,"b:30:4:36:Infinity:undefined:undefined:undefined:undefined":1,"s:30:4:36:Infinity":10,"b:30:8:30:24:30:24:30:35":2,"s:31:6:31:Infinity":11,"s:32:6:32:Infinity":12,"b:33:6:35:Infinity:undefined:undefined:undefined:undefined":3,"s:33:6:35:Infinity":13,"s:34:8:34:Infinity":14,"s:39:8:44:Infinity":15,"f:39:8:39:25":3,"b:40:4:43:Infinity:undefined:undefined:undefined:undefined":4,"s:40:4:43:Infinity":16,"b:40:8:40:29:40:29:40:42":5,"s:41:6:41:Infinity":17,"s:42:6:42:Infinity":18,"s:46:2:106:Infinity":19,"f:53:27:53:32":4,"s:54:15:61:Infinity":20,"f:56:17:56:32":5,"s:56:32:56:Infinity":21,"b:68:13:68:Infinity:69:14:71:Infinity":6,"f:84:12:84:23":6,"s:84:29:84:Infinity":22,"b:94:22:94:34:94:34:94:Infinity":7},"fnNames":{}}}
,"C:\\Users\\mynew\\Downloads\\FIFA-WORLD-CUP\\frontend\\src\\components\\ai\\ChatMessage.tsx": {"path":"C:\\Users\\mynew\\Downloads\\FIFA-WORLD-CUP\\frontend\\src\\components\\ai\\ChatMessage.tsx","statementMap":{"0":{"start":{"line":13,"column":55},"end":{"line":124,"column":null}},"1":{"start":{"line":14,"column":17},"end":{"line":14,"column":null}},"2":{"start":{"line":15,"column":24},"end":{"line":15,"column":33}},"3":{"start":{"line":16,"column":30},"end":{"line":16,"column":null}},"4":{"start":{"line":18,"column":8},"end":{"line":23,"column":null}},"5":{"start":{"line":19,"column":4},"end":{"line":19,"column":null}},"6":{"start":{"line":20,"column":4},"end":{"line":20,"column":null}},"7":{"start":{"line":21,"column":4},"end":{"line":21,"column":null}},"8":{"start":{"line":22,"column":4},"end":{"line":22,"column":null}},"9":{"start":{"line":22,"column":21},"end":{"line":22,"column":39}},"10":{"start":{"line":25,"column":21},"end":{"line":25,"column":null}},"11":{"start":{"line":27,"column":2},"end":{"line":122,"column":null}},"12":{"start":{"line":69,"column":47},"end":{"line":69,"column":null}},"13":{"start":{"line":70,"column":44},"end":{"line":70,"column":null}},"14":{"start":{"line":71,"column":44},"end":{"line":71,"column":null}},"15":{"start":{"line":72,"column":43},"end":{"line":72,"column":null}},"16":{"start":{"line":73,"column":44},"end":{"line":73,"column":null}},"17":{"start":{"line":75,"column":20},"end":{"line":77,"column":null}},"18":{"start":{"line":126,"column":0},"end":{"line":126,"column":null}}},"fnMap":{"0":{"name":"(anonymous_0)","decl":{"start":{"line":13,"column":61},"end":{"line":13,"column":67}},"loc":{"start":{"line":13,"column":105},"end":{"line":124,"column":1}},"line":13},"1":{"name":"(anonymous_1)","decl":{"start":{"line":18,"column":8},"end":{"line":18,"column":27}},"loc":{"start":{"line":18,"column":27},"end":{"line":23,"column":null}},"line":18},"2":{"name":"(anonymous_2)","decl":{"start":{"line":22,"column":4},"end":{"line":22,"column":21}},"loc":{"start":{"line":22,"column":21},"end":{"line":22,"column":39}},"line":22},"3":{"name":"(anonymous_3)","decl":{"start":{"line":69,"column":18},"end":{"line":69,"column":26}},"loc":{"start":{"line":69,"column":47},"end":{"line":69,"column":null}},"line":69},"4":{"name":"(anonymous_4)","decl":{"start":{"line":70,"column":18},"end":{"line":70,"column":23}},"loc":{"start":{"line":70,"column":44},"end":{"line":70,"column":null}},"line":70},"5":{"name":"(anonymous_5)","decl":{"start":{"line":71,"column":18},"end":{"line":71,"column":23}},"loc":{"start":{"line":71,"column":44},"end":{"line":71,"column":null}},"line":71},"6":{"name":"(anonymous_6)","decl":{"start":{"line":72,"column":18},"end":{"line":72,"column":22}},"loc":{"start":{"line":72,"column":43},"end":{"line":72,"column":null}},"line":72},"7":{"name":"(anonymous_7)","decl":{"start":{"line":73,"column":18},"end":{"line":73,"column":23}},"loc":{"start":{"line":73,"column":44},"end":{"line":73,"column":null}},"line":73},"8":{"name":"(anonymous_8)","decl":{"start":{"line":74,"column":18},"end":{"line":74,"column":25}},"loc":{"start":{"line":75,"column":20},"end":{"line":77,"column":null}},"line":75}},"branchMap":{"0":{"loc":{"start":{"line":25,"column":21},"end":{"line":25,"column":null}},"type":"binary-expr","locations":[{"start":{"line":25,"column":21},"end":{"line":25,"column":32}},{"start":{"line":25,"column":32},"end":{"line":25,"column":52}},{"start":{"line":25,"column":52},"end":{"line":25,"column":null}}],"line":25},"1":{"loc":{"start":{"line":28,"column":35},"end":{"line":28,"column":76}},"type":"cond-expr","locations":[{"start":{"line":28,"column":44},"end":{"line":28,"column":60}},{"start":{"line":28,"column":60},"end":{"line":28,"column":76}}],"line":28},"2":{"loc":{"start":{"line":30,"column":8},"end":{"line":30,"column":null}},"type":"cond-expr","locations":[{"start":{"line":30,"column":17},"end":{"line":30,"column":31}},{"start":{"line":30,"column":31},"end":{"line":30,"column":null}}],"line":30},"3":{"loc":{"start":{"line":33,"column":10},"end":{"line":37,"column":null}},"type":"cond-expr","locations":[{"start":{"line":34,"column":14},"end":{"line":34,"column":null}},{"start":{"line":35,"column":14},"end":{"line":37,"column":null}}],"line":33},"4":{"loc":{"start":{"line":35,"column":14},"end":{"line":37,"column":null}},"type":"cond-expr","locations":[{"start":{"line":36,"column":16},"end":{"line":36,"column":null}},{"start":{"line":37,"column":16},"end":{"line":37,"column":null}}],"line":35},"5":{"loc":{"start":{"line":39,"column":11},"end":{"line":42,"column":null}},"type":"binary-expr","locations":[{"start":{"line":39,"column":11},"end":{"line":39,"column":null}},{"start":{"line":40,"column":12},"end":{"line":42,"column":null}}],"line":39},"6":{"loc":{"start":{"line":45,"column":11},"end":{"line":51,"column":null}},"type":"binary-expr","locations":[{"start":{"line":45,"column":11},"end":{"line":45,"column":22}},{"start":{"line":45,"column":22},"end":{"line":45,"column":null}},{"start":{"line":46,"column":12},"end":{"line":51,"column":null}}],"line":45},"7":{"loc":{"start":{"line":50,"column":16},"end":{"line":51,"column":null}},"type":"binary-expr","locations":[{"start":{"line":50,"column":16},"end":{"line":50,"column":31}},{"start":{"line":50,"column":31},"end":{"line":51,"column":null}}],"line":50},"8":{"loc":{"start":{"line":54,"column":68},"end":{"line":54,"column":109}},"type":"cond-expr","locations":[{"start":{"line":54,"column":77},"end":{"line":54,"column":92}},{"start":{"line":54,"column":92},"end":{"line":54,"column":109}}],"line":54},"9":{"loc":{"start":{"line":55,"column":13},"end":{"line":81,"column":null}},"type":"cond-expr","locations":[{"start":{"line":56,"column":14},"end":{"line":64,"column":null}},{"start":{"line":64,"column":16},"end":{"line":81,"column":null}}],"line":55},"10":{"loc":{"start":{"line":64,"column":16},"end":{"line":81,"column":null}},"type":"cond-expr","locations":[{"start":{"line":65,"column":14},"end":{"line":67,"column":15}},{"start":{"line":67,"column":14},"end":{"line":81,"column":null}}],"line":64},"11":{"loc":{"start":{"line":75,"column":20},"end":{"line":77,"column":null}},"type":"cond-expr","locations":[{"start":{"line":76,"column":24},"end":{"line":77,"column":25}},{"start":{"line":77,"column":24},"end":{"line":77,"column":null}}],"line":75},"12":{"loc":{"start":{"line":85,"column":64},"end":{"line":85,"column":null}},"type":"cond-expr","locations":[{"start":{"line":85,"column":73},"end":{"line":85,"column":102}},{"start":{"line":85,"column":102},"end":{"line":85,"column":null}}],"line":85},"13":{"loc":{"start":{"line":91,"column":9},"end":{"line":109,"column":null}},"type":"binary-expr","locations":[{"start":{"line":91,"column":9},"end":{"line":91,"column":20}},{"start":{"line":91,"column":20},"end":{"line":91,"column":null}},{"start":{"line":92,"column":10},"end":{"line":109,"column":null}}],"line":91},"14":{"loc":{"start":{"line":98,"column":15},"end":{"line":98,"column":null}},"type":"cond-expr","locations":[{"start":{"line":98,"column":24},"end":{"line":98,"column":72}},{"start":{"line":98,"column":71},"end":{"line":98,"column":null}}],"line":98},"15":{"loc":{"start":{"line":100,"column":13},"end":{"line":109,"column":null}},"type":"binary-expr","locations":[{"start":{"line":100,"column":13},"end":{"line":100,"column":23}},{"start":{"line":100,"column":23},"end":{"line":100,"column":null}},{"start":{"line":101,"column":14},"end":{"line":109,"column":null}}],"line":100},"16":{"loc":{"start":{"line":113,"column":9},"end":{"line":119,"column":null}},"type":"binary-expr","locations":[{"start":{"line":113,"column":9},"end":{"line":113,"column":28}},{"start":{"line":113,"column":28},"end":{"line":113,"column":38}},{"start":{"line":113,"column":38},"end":{"line":113,"column":null}},{"start":{"line":114,"column":10},"end":{"line":119,"column":null}}],"line":113}},"s":{"0":3,"1":0,"2":0,"3":0,"4":0,"5":0,"6":0,"7":0,"8":0,"9":0,"10":0,"11":0,"12":0,"13":0,"14":0,"15":0,"16":0,"17":0,"18":3},"f":{"0":0,"1":0,"2":0,"3":0,"4":0,"5":0,"6":0,"7":0,"8":0},"b":{"0":[0,0,0],"1":[0,0],"2":[0,0],"3":[0,0],"4":[0,0],"5":[0,0],"6":[0,0,0],"7":[0,0],"8":[0,0],"9":[0,0],"10":[0,0],"11":[0,0],"12":[0,0],"13":[0,0,0],"14":[0,0],"15":[0,0,0],"16":[0,0,0,0]},"meta":{"lastBranch":17,"lastFunction":9,"lastStatement":19,"seen":{"s:13:55:124:Infinity":0,"f:13:61:13:67":0,"s:14:17:14:Infinity":1,"s:15:24:15:33":2,"s:16:30:16:Infinity":3,"s:18:8:23:Infinity":4,"f:18:8:18:27":1,"s:19:4:19:Infinity":5,"s:20:4:20:Infinity":6,"s:21:4:21:Infinity":7,"s:22:4:22:Infinity":8,"f:22:4:22:21":2,"s:22:21:22:39":9,"s:25:21:25:Infinity":10,"b:25:21:25:32:25:32:25:52:25:52:25:Infinity":0,"s:27:2:122:Infinity":11,"b:28:44:28:60:28:60:28:76":1,"b:30:17:30:31:30:31:30:Infinity":2,"b:34:14:34:Infinity:35:14:37:Infinity":3,"b:36:16:36:Infinity:37:16:37:Infinity":4,"b:39:11:39:Infinity:40:12:42:Infinity":5,"b:45:11:45:22:45:22:45:Infinity:46:12:51:Infinity":6,"b:50:16:50:31:50:31:51:Infinity":7,"b:54:77:54:92:54:92:54:109":8,"b:56:14:64:Infinity:64:16:81:Infinity":9,"b:65:14:67:15:67:14:81:Infinity":10,"f:69:18:69:26":3,"s:69:47:69:Infinity":12,"f:70:18:70:23":4,"s:70:44:70:Infinity":13,"f:71:18:71:23":5,"s:71:44:71:Infinity":14,"f:72:18:72:22":6,"s:72:43:72:Infinity":15,"f:73:18:73:23":7,"s:73:44:73:Infinity":16,"f:74:18:74:25":8,"s:75:20:77:Infinity":17,"b:76:24:77:25:77:24:77:Infinity":11,"b:85:73:85:102:85:102:85:Infinity":12,"b:91:9:91:20:91:20:91:Infinity:92:10:109:Infinity":13,"b:98:24:98:72:98:71:98:Infinity":14,"b:100:13:100:23:100:23:100:Infinity:101:14:109:Infinity":15,"b:113:9:113:28:113:28:113:38:113:38:113:Infinity:114:10:119:Infinity":16,"s:126:0:126:Infinity":18},"fnNames":{}}}
,"C:\\Users\\mynew\\Downloads\\FIFA-WORLD-CUP\\frontend\\src\\components\\ai\\ChatWindow.tsx": {"path":"C:\\Users\\mynew\\Downloads\\FIFA-WORLD-CUP\\frontend\\src\\components\\ai\\ChatWindow.tsx","statementMap":{"0":{"start":{"line":15,"column":13},"end":{"line":63,"column":null}},"1":{"start":{"line":16,"column":20},"end":{"line":16,"column":null}},"2":{"start":{"line":19,"column":2},"end":{"line":23,"column":null}},"3":{"start":{"line":20,"column":4},"end":{"line":22,"column":null}},"4":{"start":{"line":21,"column":6},"end":{"line":21,"column":null}},"5":{"start":{"line":25,"column":2},"end":{"line":27,"column":null}},"6":{"start":{"line":26,"column":4},"end":{"line":26,"column":null}},"7":{"start":{"line":29,"column":2},"end":{"line":61,"column":null}},"8":{"start":{"line":34,"column":25},"end":{"line":34,"column":null}},"9":{"start":{"line":35,"column":10},"end":{"line":41,"column":null}}},"fnMap":{"0":{"name":"(anonymous_0)","decl":{"start":{"line":15,"column":13},"end":{"line":15,"column":54}},"loc":{"start":{"line":15,"column":111},"end":{"line":63,"column":null}},"line":15},"1":{"name":"(anonymous_1)","decl":{"start":{"line":19,"column":2},"end":{"line":19,"column":18}},"loc":{"start":{"line":19,"column":18},"end":{"line":23,"column":5}},"line":19},"2":{"name":"(anonymous_2)","decl":{"start":{"line":32,"column":18},"end":{"line":32,"column":23}},"loc":{"start":{"line":32,"column":38},"end":{"line":43,"column":9}},"line":32}},"branchMap":{"0":{"loc":{"start":{"line":20,"column":4},"end":{"line":22,"column":null}},"type":"if","locations":[{"start":{"line":20,"column":4},"end":{"line":22,"column":null}},{"start":{},"end":{}}],"line":20},"1":{"loc":{"start":{"line":25,"column":2},"end":{"line":27,"column":null}},"type":"if","locations":[{"start":{"line":25,"column":2},"end":{"line":27,"column":null}},{"start":{},"end":{}}],"line":25},"2":{"loc":{"start":{"line":45,"column":9},"end":{"line":48,"column":null}},"type":"binary-expr","locations":[{"start":{"line":45,"column":9},"end":{"line":45,"column":null}},{"start":{"line":46,"column":10},"end":{"line":48,"column":null}}],"line":45},"3":{"loc":{"start":{"line":53,"column":9},"end":{"line":56,"column":null}},"type":"binary-expr","locations":[{"start":{"line":53,"column":9},"end":{"line":53,"column":null}},{"start":{"line":54,"column":10},"end":{"line":56,"column":null}}],"line":53}},"s":{"0":2,"1":0,"2":0,"3":0,"4":0,"5":0,"6":0,"7":0,"8":0,"9":0},"f":{"0":0,"1":0,"2":0},"b":{"0":[0,0],"1":[0,0],"2":[0,0],"3":[0,0]},"meta":{"lastBranch":4,"lastFunction":3,"lastStatement":10,"seen":{"s:15:13:63:Infinity":0,"f:15:13:15:54":0,"s:16:20:16:Infinity":1,"s:19:2:23:Infinity":2,"f:19:2:19:18":1,"b:20:4:22:Infinity:undefined:undefined:undefined:undefined":0,"s:20:4:22:Infinity":3,"s:21:6:21:Infinity":4,"b:25:2:27:Infinity:undefined:undefined:undefined:undefined":1,"s:25:2:27:Infinity":5,"s:26:4:26:Infinity":6,"s:29:2:61:Infinity":7,"f:32:18:32:23":2,"s:34:25:34:Infinity":8,"s:35:10:41:Infinity":9,"b:45:9:45:Infinity:46:10:48:Infinity":2,"b:53:9:53:Infinity:54:10:56:Infinity":3},"fnNames":{}}}
,"C:\\Users\\mynew\\Downloads\\FIFA-WORLD-CUP\\frontend\\src\\components\\ai\\EmptyChat.tsx": {"path":"C:\\Users\\mynew\\Downloads\\FIFA-WORLD-CUP\\frontend\\src\\components\\ai\\EmptyChat.tsx","statementMap":{"0":{"start":{"line":9,"column":13},"end":{"line":23,"column":null}},"1":{"start":{"line":10,"column":2},"end":{"line":21,"column":null}}},"fnMap":{"0":{"name":"(anonymous_0)","decl":{"start":{"line":9,"column":13},"end":{"line":9,"column":52}},"loc":{"start":{"line":9,"column":79},"end":{"line":23,"column":null}},"line":9}},"branchMap":{},"s":{"0":3,"1":0},"f":{"0":0},"b":{},"meta":{"lastBranch":0,"lastFunction":1,"lastStatement":2,"seen":{"s:9:13:23:Infinity":0,"f:9:13:9:52":0,"s:10:2:21:Infinity":1},"fnNames":{}}}
,"C:\\Users\\mynew\\Downloads\\FIFA-WORLD-CUP\\frontend\\src\\components\\ai\\SuggestedQuestions.tsx": {"path":"C:\\Users\\mynew\\Downloads\\FIFA-WORLD-CUP\\frontend\\src\\components\\ai\\SuggestedQuestions.tsx","statementMap":{"0":{"start":{"line":3,"column":20},"end":{"line":9,"column":null}},"1":{"start":{"line":15,"column":13},"end":{"line":29,"column":null}},"2":{"start":{"line":16,"column":2},"end":{"line":27,"column":null}},"3":{"start":{"line":19,"column":8},"end":{"line":25,"column":null}},"4":{"start":{"line":21,"column":25},"end":{"line":21,"column":null}}},"fnMap":{"0":{"name":"(anonymous_0)","decl":{"start":{"line":15,"column":13},"end":{"line":15,"column":70}},"loc":{"start":{"line":15,"column":87},"end":{"line":29,"column":null}},"line":15},"1":{"name":"(anonymous_1)","decl":{"start":{"line":18,"column":19},"end":{"line":18,"column":24}},"loc":{"start":{"line":19,"column":8},"end":{"line":25,"column":null}},"line":19},"2":{"name":"(anonymous_2)","decl":{"start":{"line":21,"column":10},"end":{"line":21,"column":25}},"loc":{"start":{"line":21,"column":25},"end":{"line":21,"column":null}},"line":21}},"branchMap":{},"s":{"0":4,"1":4,"2":0,"3":0,"4":0},"f":{"0":0,"1":0,"2":0},"b":{},"meta":{"lastBranch":0,"lastFunction":3,"lastStatement":5,"seen":{"s:3:20:9:Infinity":0,"s:15:13:29:Infinity":1,"f:15:13:15:70":0,"s:16:2:27:Infinity":2,"f:18:19:18:24":1,"s:19:8:25:Infinity":3,"f:21:10:21:25":2,"s:21:25:21:Infinity":4},"fnNames":{}}}
,"C:\\Users\\mynew\\Downloads\\FIFA-WORLD-CUP\\frontend\\src\\components\\ai\\TypingIndicator.tsx": {"path":"C:\\Users\\mynew\\Downloads\\FIFA-WORLD-CUP\\frontend\\src\\components\\ai\\TypingIndicator.tsx","statementMap":{"0":{"start":{"line":3,"column":13},"end":{"line":15,"column":null}},"1":{"start":{"line":4,"column":2},"end":{"line":13,"column":null}}},"fnMap":{"0":{"name":"(anonymous_0)","decl":{"start":{"line":3,"column":13},"end":{"line":3,"column":47}},"loc":{"start":{"line":3,"column":47},"end":{"line":15,"column":null}},"line":3}},"branchMap":{},"s":{"0":3,"1":0},"f":{"0":0},"b":{},"meta":{"lastBranch":0,"lastFunction":1,"lastStatement":2,"seen":{"s:3:13:15:Infinity":0,"f:3:13:3:47":0,"s:4:2:13:Infinity":1},"fnNames":{}}}
,"C:\\Users\\mynew\\Downloads\\FIFA-WORLD-CUP\\frontend\\src\\components\\emergency\\ActionsTimeline.tsx": {"path":"C:\\Users\\mynew\\Downloads\\FIFA-WORLD-CUP\\frontend\\src\\components\\emergency\\ActionsTimeline.tsx","statementMap":{"0":{"start":{"line":12,"column":13},"end":{"line":88,"column":null}},"1":{"start":{"line":13,"column":2},"end":{"line":13,"column":null}},"2":{"start":{"line":13,"column":40},"end":{"line":13,"column":null}},"3":{"start":{"line":15,"column":2},"end":{"line":86,"column":null}},"4":{"start":{"line":23,"column":25},"end":{"line":23,"column":null}},"5":{"start":{"line":24,"column":24},"end":{"line":24,"column":null}},"6":{"start":{"line":25,"column":30},"end":{"line":25,"column":null}},"7":{"start":{"line":26,"column":27},"end":{"line":26,"column":null}},"8":{"start":{"line":27,"column":27},"end":{"line":27,"column":null}},"9":{"start":{"line":28,"column":23},"end":{"line":28,"column":null}},"10":{"start":{"line":29,"column":25},"end":{"line":29,"column":null}},"11":{"start":{"line":31,"column":10},"end":{"line":82,"column":null}}},"fnMap":{"0":{"name":"(anonymous_0)","decl":{"start":{"line":12,"column":13},"end":{"line":12,"column":64}},"loc":{"start":{"line":12,"column":80},"end":{"line":88,"column":null}},"line":12},"1":{"name":"(anonymous_1)","decl":{"start":{"line":22,"column":17},"end":{"line":22,"column":22}},"loc":{"start":{"line":22,"column":39},"end":{"line":84,"column":9}},"line":22}},"branchMap":{"0":{"loc":{"start":{"line":13,"column":2},"end":{"line":13,"column":null}},"type":"if","locations":[{"start":{"line":13,"column":2},"end":{"line":13,"column":null}},{"start":{},"end":{}}],"line":13},"1":{"loc":{"start":{"line":13,"column":6},"end":{"line":13,"column":40}},"type":"binary-expr","locations":[{"start":{"line":13,"column":6},"end":{"line":13,"column":18}},{"start":{"line":13,"column":18},"end":{"line":13,"column":40}}],"line":13},"2":{"loc":{"start":{"line":24,"column":38},"end":{"line":24,"column":90}},"type":"binary-expr","locations":[{"start":{"line":24,"column":38},"end":{"line":24,"column":57}},{"start":{"line":24,"column":57},"end":{"line":24,"column":77}},{"start":{"line":24,"column":77},"end":{"line":24,"column":90}}],"line":24},"3":{"loc":{"start":{"line":25,"column":44},"end":{"line":25,"column":71}},"type":"binary-expr","locations":[{"start":{"line":25,"column":44},"end":{"line":25,"column":69}},{"start":{"line":25,"column":69},"end":{"line":25,"column":71}}],"line":25},"4":{"loc":{"start":{"line":26,"column":41},"end":{"line":26,"column":71}},"type":"binary-expr","locations":[{"start":{"line":26,"column":41},"end":{"line":26,"column":69}},{"start":{"line":26,"column":69},"end":{"line":26,"column":71}}],"line":26},"5":{"loc":{"start":{"line":27,"column":41},"end":{"line":27,"column":65}},"type":"binary-expr","locations":[{"start":{"line":27,"column":41},"end":{"line":27,"column":63}},{"start":{"line":27,"column":63},"end":{"line":27,"column":65}}],"line":27},"6":{"loc":{"start":{"line":28,"column":37},"end":{"line":28,"column":66}},"type":"binary-expr","locations":[{"start":{"line":28,"column":37},"end":{"line":28,"column":64}},{"start":{"line":28,"column":64},"end":{"line":28,"column":66}}],"line":28},"7":{"loc":{"start":{"line":29,"column":39},"end":{"line":29,"column":61}},"type":"binary-expr","locations":[{"start":{"line":29,"column":39},"end":{"line":29,"column":59}},{"start":{"line":29,"column":59},"end":{"line":29,"column":61}}],"line":29},"8":{"loc":{"start":{"line":33,"column":15},"end":{"line":34,"column":null}},"type":"binary-expr","locations":[{"start":{"line":33,"column":15},"end":{"line":33,"column":null}},{"start":{"line":34,"column":16},"end":{"line":34,"column":null}}],"line":33},"9":{"loc":{"start":{"line":37,"column":17},"end":{"line":39,"column":null}},"type":"cond-expr","locations":[{"start":{"line":38,"column":20},"end":{"line":39,"column":21}},{"start":{"line":39,"column":20},"end":{"line":39,"column":null}}],"line":37},"10":{"loc":{"start":{"line":37,"column":17},"end":{"line":37,"column":null}},"type":"binary-expr","locations":[{"start":{"line":37,"column":17},"end":{"line":37,"column":57}},{"start":{"line":37,"column":57},"end":{"line":37,"column":null}}],"line":37},"11":{"loc":{"start":{"line":49,"column":21},"end":{"line":54,"column":null}},"type":"binary-expr","locations":[{"start":{"line":49,"column":21},"end":{"line":49,"column":null}},{"start":{"line":50,"column":22},"end":{"line":54,"column":null}}],"line":49},"12":{"loc":{"start":{"line":50,"column":38},"end":{"line":50,"column":97}},"type":"cond-expr","locations":[{"start":{"line":50,"column":77},"end":{"line":50,"column":89}},{"start":{"line":50,"column":89},"end":{"line":50,"column":97}}],"line":50},"13":{"loc":{"start":{"line":57,"column":21},"end":{"line":61,"column":null}},"type":"binary-expr","locations":[{"start":{"line":57,"column":21},"end":{"line":57,"column":null}},{"start":{"line":58,"column":22},"end":{"line":61,"column":null}}],"line":57},"14":{"loc":{"start":{"line":63,"column":21},"end":{"line":67,"column":null}},"type":"binary-expr","locations":[{"start":{"line":63,"column":21},"end":{"line":63,"column":null}},{"start":{"line":64,"column":22},"end":{"line":67,"column":null}}],"line":63},"15":{"loc":{"start":{"line":64,"column":38},"end":{"line":64,"column":136}},"type":"cond-expr","locations":[{"start":{"line":64,"column":115},"end":{"line":64,"column":125}},{"start":{"line":64,"column":125},"end":{"line":64,"column":136}}],"line":64},"16":{"loc":{"start":{"line":64,"column":38},"end":{"line":64,"column":115}},"type":"binary-expr","locations":[{"start":{"line":64,"column":38},"end":{"line":64,"column":75}},{"start":{"line":64,"column":75},"end":{"line":64,"column":115}}],"line":64},"17":{"loc":{"start":{"line":69,"column":21},"end":{"line":73,"column":null}},"type":"binary-expr","locations":[{"start":{"line":69,"column":21},"end":{"line":69,"column":null}},{"start":{"line":70,"column":22},"end":{"line":73,"column":null}}],"line":69},"18":{"loc":{"start":{"line":79,"column":17},"end":{"line":79,"column":null}},"type":"binary-expr","locations":[{"start":{"line":79,"column":17},"end":{"line":79,"column":32}},{"start":{"line":79,"column":32},"end":{"line":79,"column":null}}],"line":79}},"s":{"0":2,"1":0,"2":0,"3":0,"4":0,"5":0,"6":0,"7":0,"8":0,"9":0,"10":0,"11":0},"f":{"0":0,"1":0},"b":{"0":[0,0],"1":[0,0],"2":[0,0,0],"3":[0,0],"4":[0,0],"5":[0,0],"6":[0,0],"7":[0,0],"8":[0,0],"9":[0,0],"10":[0,0],"11":[0,0],"12":[0,0],"13":[0,0],"14":[0,0],"15":[0,0],"16":[0,0],"17":[0,0],"18":[0,0]},"meta":{"lastBranch":19,"lastFunction":2,"lastStatement":12,"seen":{"s:12:13:88:Infinity":0,"f:12:13:12:64":0,"b:13:2:13:Infinity:undefined:undefined:undefined:undefined":0,"s:13:2:13:Infinity":1,"b:13:6:13:18:13:18:13:40":1,"s:13:40:13:Infinity":2,"s:15:2:86:Infinity":3,"f:22:17:22:22":1,"s:23:25:23:Infinity":4,"s:24:24:24:Infinity":5,"b:24:38:24:57:24:57:24:77:24:77:24:90":2,"s:25:30:25:Infinity":6,"b:25:44:25:69:25:69:25:71":3,"s:26:27:26:Infinity":7,"b:26:41:26:69:26:69:26:71":4,"s:27:27:27:Infinity":8,"b:27:41:27:63:27:63:27:65":5,"s:28:23:28:Infinity":9,"b:28:37:28:64:28:64:28:66":6,"s:29:25:29:Infinity":10,"b:29:39:29:59:29:59:29:61":7,"s:31:10:82:Infinity":11,"b:33:15:33:Infinity:34:16:34:Infinity":8,"b:38:20:39:21:39:20:39:Infinity":9,"b:37:17:37:57:37:57:37:Infinity":10,"b:49:21:49:Infinity:50:22:54:Infinity":11,"b:50:77:50:89:50:89:50:97":12,"b:57:21:57:Infinity:58:22:61:Infinity":13,"b:63:21:63:Infinity:64:22:67:Infinity":14,"b:64:115:64:125:64:125:64:136":15,"b:64:38:64:75:64:75:64:115":16,"b:69:21:69:Infinity:70:22:73:Infinity":17,"b:79:17:79:32:79:32:79:Infinity":18},"fnNames":{}}}
[...]
t":{"line":128,"column":121},"end":{"line":128,"column":140}}],"line":128},"68":{"loc":{"start":{"line":134,"column":16},"end":{"line":134,"column":null}},"type":"binary-expr","locations":[{"start":{"line":134,"column":16},"end":{"line":134,"column":27}},{"start":{"line":134,"column":27},"end":{"line":134,"column":null}}],"line":134},"69":{"loc":{"start":{"line":137,"column":26},"end":{"line":137,"column":59}},"type":"binary-expr","locations":[{"start":{"line":137,"column":26},"end":{"line":137,"column":43}},{"start":{"line":137,"column":43},"end":{"line":137,"column":59}}],"line":137},"70":{"loc":{"start":{"line":138,"column":61},"end":{"line":138,"column":115}},"type":"binary-expr","locations":[{"start":{"line":138,"column":61},"end":{"line":138,"column":87}},{"start":{"line":138,"column":87},"end":{"line":138,"column":102}},{"start":{"line":138,"column":102},"end":{"line":138,"column":115}}],"line":138},"71":{"loc":{"start":{"line":139,"column":57},"end":{"line":139,"column":103}},"type":"binary-expr","locations":[{"start":{"line":139,"column":57},"end":{"line":139,"column":86}},{"start":{"line":139,"column":86},"end":{"line":139,"column":103}}],"line":139},"72":{"loc":{"start":{"line":140,"column":47},"end":{"line":140,"column":79}},"type":"binary-expr","locations":[{"start":{"line":140,"column":47},"end":{"line":140,"column":66}},{"start":{"line":140,"column":66},"end":{"line":140,"column":79}}],"line":140},"73":{"loc":{"start":{"line":142,"column":57},"end":{"line":142,"column":103}},"type":"binary-expr","locations":[{"start":{"line":142,"column":57},"end":{"line":142,"column":86}},{"start":{"line":142,"column":86},"end":{"line":142,"column":103}}],"line":142},"74":{"loc":{"start":{"line":143,"column":54},"end":{"line":143,"column":96}},"type":"binary-expr","locations":[{"start":{"line":143,"column":54},"end":{"line":143,"column":81}},{"start":{"line":143,"column":81},"end":{"line":143,"column":96}}],"line":143},"75":{"loc":{"start":{"line":144,"column":51},"end":{"line":144,"column":108}},"type":"binary-expr","locations":[{"start":{"line":144,"column":51},"end":{"line":144,"column":75}},{"start":{"line":144,"column":75},"end":{"line":144,"column":92}},{"start":{"line":144,"column":92},"end":{"line":144,"column":108}}],"line":144},"76":{"loc":{"start":{"line":145,"column":58},"end":{"line":145,"column":105}},"type":"binary-expr","locations":[{"start":{"line":145,"column":58},"end":{"line":145,"column":89}},{"start":{"line":145,"column":89},"end":{"line":145,"column":105}}],"line":145},"77":{"loc":{"start":{"line":146,"column":38},"end":{"line":146,"column":97}},"type":"binary-expr","locations":[{"start":{"line":146,"column":38},"end":{"line":146,"column":67}},{"start":{"line":146,"column":67},"end":{"line":146,"column":85}},{"start":{"line":146,"column":85},"end":{"line":146,"column":97}}],"line":146},"78":{"loc":{"start":{"line":147,"column":45},"end":{"line":147,"column":112}},"type":"binary-expr","locations":[{"start":{"line":147,"column":45},"end":{"line":147,"column":76}},{"start":{"line":147,"column":76},"end":{"line":147,"column":98}},{"start":{"line":147,"column":98},"end":{"line":147,"column":112}}],"line":147},"79":{"loc":{"start":{"line":148,"column":37},"end":{"line":148,"column":71}},"type":"binary-expr","locations":[{"start":{"line":148,"column":37},"end":{"line":148,"column":60}},{"start":{"line":148,"column":60},"end":{"line":148,"column":71}}],"line":148},"80":{"loc":{"start":{"line":149,"column":59},"end":{"line":149,"column":102}},"type":"binary-expr","locations":[{"start":{"line":149,"column":59},"end":{"line":149,"column":86}},{"start":{"line":149,"column":86},"end":{"line":149,"column":102}}],"line":149},"81":{"loc":{"start":{"line":150,"column":32},"end":{"line":150,"column":62}},"type":"binary-expr","locations":[{"start":{"line":150,"column":32},"end":{"line":150,"column":50}},{"start":{"line":150,"column":50},"end":{"line":150,"column":62}}],"line":150},"82":{"loc":{"start":{"line":156,"column":16},"end":{"line":156,"column":null}},"type":"binary-expr","locations":[{"start":{"line":156,"column":16},"end":{"line":156,"column":27}},{"start":{"line":156,"column":27},"end":{"line":156,"column":null}}],"line":156},"83":{"loc":{"start":{"line":157,"column":16},"end":{"line":157,"column":null}},"type":"binary-expr","locations":[{"start":{"line":157,"column":16},"end":{"line":157,"column":42}},{"start":{"line":157,"column":42},"end":{"line":157,"column":null}}],"line":157},"84":{"loc":{"start":{"line":160,"column":26},"end":{"line":160,"column":80}},"type":"binary-expr","locations":[{"start":{"line":160,"column":26},"end":{"line":160,"column":43}},{"start":{"line":160,"column":43},"end":{"line":160,"column":61}},{"start":{"line":160,"column":61},"end":{"line":160,"column":80}}],"line":160},"85":{"loc":{"start":{"line":161,"column":59},"end":{"line":161,"column":117}},"type":"binary-expr","locations":[{"start":{"line":161,"column":59},"end":{"line":161,"column":87}},{"start":{"line":161,"column":87},"end":{"line":161,"column":104}},{"start":{"line":161,"column":104},"end":{"line":161,"column":117}}],"line":161},"86":{"loc":{"start":{"line":162,"column":22},"end":{"line":169,"column":null}},"type":"cond-expr","locations":[{"start":{"line":162,"column":46},"end":{"line":169,"column":8}},{"start":{"line":169,"column":8},"end":{"line":169,"column":null}}],"line":162},"87":{"loc":{"start":{"line":170,"column":32},"end":{"line":170,"column":65}},"type":"binary-expr","locations":[{"start":{"line":170,"column":32},"end":{"line":170,"column":50}},{"start":{"line":170,"column":50},"end":{"line":170,"column":65}}],"line":170},"88":{"loc":{"start":{"line":172,"column":28},"end":{"line":172,"column":79}},"type":"binary-expr","locations":[{"start":{"line":172,"column":28},"end":{"line":172,"column":46}},{"start":{"line":172,"column":46},"end":{"line":172,"column":63}},{"start":{"line":172,"column":63},"end":{"line":172,"column":79}}],"line":172},"89":{"loc":{"start":{"line":173,"column":38},"end":{"line":173,"column":98}},"type":"binary-expr","locations":[{"start":{"line":173,"column":38},"end":{"line":173,"column":62}},{"start":{"line":173,"column":62},"end":{"line":173,"column":80}},{"start":{"line":173,"column":80},"end":{"line":173,"column":98}}],"line":173},"90":{"loc":{"start":{"line":174,"column":39},"end":{"line":174,"column":106}},"type":"binary-expr","locations":[{"start":{"line":174,"column":39},"end":{"line":174,"column":69}},{"start":{"line":174,"column":69},"end":{"line":174,"column":86}},{"start":{"line":174,"column":86},"end":{"line":174,"column":106}}],"line":174},"91":{"loc":{"start":{"line":175,"column":30},"end":{"line":175,"column":68}},"type":"binary-expr","locations":[{"start":{"line":175,"column":30},"end":{"line":175,"column":51}},{"start":{"line":175,"column":51},"end":{"line":175,"column":68}}],"line":175},"92":{"loc":{"start":{"line":181,"column":16},"end":{"line":181,"column":null}},"type":"binary-expr","locations":[{"start":{"line":181,"column":16},"end":{"line":181,"column":27}},{"start":{"line":181,"column":27},"end":{"line":181,"column":null}}],"line":181},"93":{"loc":{"start":{"line":183,"column":20},"end":{"line":183,"column":null}},"type":"cond-expr","locations":[{"start":{"line":183,"column":42},"end":{"line":183,"column":78}},{"start":{"line":183,"column":78},"end":{"line":183,"column":null}}],"line":183},"94":{"loc":{"start":{"line":184,"column":24},"end":{"line":184,"column":null}},"type":"cond-expr","locations":[{"start":{"line":184,"column":50},"end":{"line":184,"column":90}},{"start":{"line":184,"column":90},"end":{"line":184,"column":null}}],"line":184},"95":{"loc":{"start":{"line":185,"column":21},"end":{"line":185,"column":null}},"type":"cond-expr","locations":[{"start":{"line":185,"column":51},"end":{"line":185,"column":95}},{"start":{"line":185,"column":95},"end":{"line":185,"column":null}}],"line":185},"96":{"loc":{"start":{"line":187,"column":32},"end":{"line":187,"column":92}},"type":"binary-expr","locations":[{"start":{"line":187,"column":32},"end":{"line":187,"column":55}},{"start":{"line":187,"column":55},"end":{"line":187,"column":76}},{"start":{"line":187,"column":76},"end":{"line":187,"column":92}}],"line":187},"97":{"loc":{"start":{"line":188,"column":36},"end":{"line":188,"column":86}},"type":"binary-expr","locations":[{"start":{"line":188,"column":36},"end":{"line":188,"column":63}},{"start":{"line":188,"column":63},"end":{"line":188,"column":86}}],"line":188},"98":{"loc":{"start":{"line":189,"column":33},"end":{"line":189,"column":91}},"type":"binary-expr","locations":[{"start":{"line":189,"column":33},"end":{"line":189,"column":64}},{"start":{"line":189,"column":64},"end":{"line":189,"column":91}}],"line":189},"99":{"loc":{"start":{"line":193,"column":35},"end":{"line":193,"column":76}},"type":"binary-expr","locations":[{"start":{"line":193,"column":35},"end":{"line":193,"column":61}},{"start":{"line":193,"column":61},"end":{"line":193,"column":76}}],"line":193},"100":{"loc":{"start":{"line":194,"column":31},"end":{"line":194,"column":83}},"type":"binary-expr","locations":[{"start":{"line":194,"column":31},"end":{"line":194,"column":52}},{"start":{"line":194,"column":52},"end":{"line":194,"column":66}},{"start":{"line":194,"column":66},"end":{"line":194,"column":83}}],"line":194},"101":{"loc":{"start":{"line":195,"column":33},"end":{"line":195,"column":72}},"type":"binary-expr","locations":[{"start":{"line":195,"column":33},"end":{"line":195,"column":56}},{"start":{"line":195,"column":56},"end":{"line":195,"column":72}}],"line":195},"102":{"loc":{"start":{"line":199,"column":59},"end":{"line":199,"column":127}},"type":"binary-expr","locations":[{"start":{"line":199,"column":59},"end":{"line":199,"column":87}},{"start":{"line":199,"column":87},"end":{"line":199,"column":104}},{"start":{"line":199,"column":104},"end":{"line":199,"column":127}}],"line":199},"103":{"loc":{"start":{"line":200,"column":38},"end":{"line":200,"column":93}},"type":"binary-expr","locations":[{"start":{"line":200,"column":38},"end":{"line":200,"column":62}},{"start":{"line":200,"column":62},"end":{"line":200,"column":78}},{"start":{"line":200,"column":78},"end":{"line":200,"column":93}}],"line":200},"104":{"loc":{"start":{"line":201,"column":48},"end":{"line":201,"column":80}},"type":"binary-expr","locations":[{"start":{"line":201,"column":48},"end":{"line":201,"column":67}},{"start":{"line":201,"column":67},"end":{"line":201,"column":80}}],"line":201},"105":{"loc":{"start":{"line":202,"column":30},"end":{"line":202,"column":68}},"type":"binary-expr","locations":[{"start":{"line":202,"column":30},"end":{"line":202,"column":51}},{"start":{"line":202,"column":51},"end":{"line":202,"column":68}}],"line":202}},"s":{"0":17,"1":0,"2":0,"3":0,"4":0,"5":0,"6":0,"7":0,"8":0,"9":0,"10":0,"11":0,"12":0,"13":0,"14":0,"15":0,"16":0,"17":0,"18":0,"19":0,"20":0,"21":0,"22":0,"23":0,"24":0,"25":17,"26":0,"27":0,"28":0,"29":0,"30":0,"31":0,"32":0,"33":0,"34":17,"35":0,"36":0,"37":0,"38":0,"39":0,"40":0,"41":0,"42":0,"43":0,"44":0,"45":17,"46":0,"47":0,"48":0,"49":0,"50":0,"51":0,"52":0,"53":17,"54":0,"55":0,"56":17,"57":0,"58":0,"59":0,"60":0,"61":0,"62":0,"63":0,"64":0,"65":0,"66":0,"67":0,"68":0,"69":17,"70":0,"71":0,"72":17,"73":0,"74":0,"75":0,"76":17,"77":0,"78":0,"79":0,"80":0,"81":0,"82":0,"83":0,"84":0},"f":{"0":0,"1":0,"2":0,"3":0,"4":0,"5":0,"6":0,"7":0,"8":0,"9":0,"10":0},"b":{"0":[0,0],"1":[0,0],"2":[0,0],"3":[0,0],"4":[0,0],"5":[0,0],"6":[0,0],"7":[0,0],"8":[0,0],"9":[0,0],"10":[0,0],"11":[0,0],"12":[0,0],"13":[0,0],"14":[0,0,0],"15":[0,0],"16":[0,0],"17":[0,0],"18":[0,0],"19":[0,0],"20":[0,0],"21":[0,0],"22":[0,0],"23":[0,0],"24":[0],"25":[0,0],"26":[0,0],"27":[0,0],"28":[0,0],"29":[0,0],"30":[0,0],"31":[0,0,0],"32":[0,0,0],"33":[0,0],"34":[0,0,0],"35":[0,0,0],"36":[0,0],"37":[0,0],"38":[0,0],"39":[0,0],"40":[0,0,0],"41":[0,0],"42":[0,0,0],"43":[0,0],"44":[0,0,0,0],"45":[0,0],"46":[0,0],"47":[0,0],"48":[0,0],"49":[0,0,0,0],"50":[0,0],"51":[0,0],"52":[0,0,0,0],"53":[0,0,0,0,0,0],"54":[0,0,0,0],"55":[0,0,0,0],"56":[0,0],"57":[0,0,0,0],"58":[0,0,0],"59":[0,0],"60":[0,0,0],"61":[0,0,0],"62":[0,0],"63":[0,0],"64":[0,0],"65":[0,0],"66":[0,0],"67":[0,0],"68":[0,0],"69":[0,0],"70":[0,0,0],"71":[0,0],"72":[0,0],"73":[0,0],"74":[0,0],"75":[0,0,0],"76":[0,0],"77":[0,0,0],"78":[0,0,0],"79":[0,0],"80":[0,0],"81":[0,0],"82":[0,0],"83":[0,0],"84":[0,0,0],"85":[0,0,0],"86":[0,0],"87":[0,0],"88":[0,0,0],"89":[0,0,0],"90":[0,0,0],"91":[0,0],"92":[0,0],"93":[0,0],"94":[0,0],"95":[0,0],"96":[0,0,0],"97":[0,0],"98":[0,0],"99":[0,0],"100":[0,0,0],"101":[0,0],"102":[0,0,0],"103":[0,0,0],"104":[0,0],"105":[0,0]},"meta":{"lastBranch":106,"lastFunction":11,"lastStatement":85,"seen":{"s:7:13:34:Infinity":0,"f:7:13:7:30":0,"b:8:2:8:Infinity:undefined:undefined:undefined:undefined":0,"s:8:2:8:Infinity":1,"b:8:6:8:22:8:22:8:41":1,"s:8:41:8:Infinity":2,"b:9:2:9:Infinity:undefined:undefined:undefined:undefined":2,"s:9:2:9:Infinity":3,"s:9:31:9:Infinity":4,"b:10:2:10:Infinity:undefined:undefined:undefined:undefined":3,"s:10:2:10:Infinity":5,"b:10:6:10:33:10:33:10:59":4,"s:10:59:10:Infinity":6,"b:12:2:14:Infinity:undefined:undefined:undefined:undefined":5,"s:12:2:14:Infinity":7,"s:13:4:13:Infinity":8,"b:16:2:31:Infinity:undefined:undefined:undefined:undefined":6,"s:16:2:31:Infinity":9,"b:16:6:16:13:16:13:16:38":7,"s:17:16:17:Infinity":10,"b:19:4:19:Infinity:undefined:undefined:undefined:undefined":8,"s:19:4:19:Infinity":11,"s:19:18:19:Infinity":12,"b:20:4:20:Infinity:undefined:undefined:undefined:undefined":9,"s:20:4:20:Infinity":13,"s:20:25:20:Infinity":14,"b:21:4:21:Infinity:undefined:undefined:undefined:undefined":10,"s:21:4:21:Infinity":15,"s:21:21:21:Infinity":16,"b:22:4:22:Infinity:undefined:undefined:undefined:undefined":11,"s:22:4:22:Infinity":17,"s:22:18:22:Infinity":18,"b:23:4:23:Infinity:undefined:undefined:undefined:undefined":12,"s:23:4:23:Infinity":19,"s:23:20:23:Infinity":20,"b:24:4:24:Infinity:undefined:undefined:undefined:undefined":13,"s:24:4:24:Infinity":21,"b:24:8:24:22:24:22:24:56:24:56:24:87":14,"s:24:87:24:Infinity":22,"s:27:4:30:Infinity":23,"s:33:2:33:Infinity":24,"s:36:6:45:Infinity":25,"f:36:6:36:27":1,"b:37:2:39:Infinity:undefined:undefined:undefined:undefined":15,"s:37:2:39:Infinity":26,"s:38:4:38:Infinity":27,"f:38:15:38:19":2,"s:38:27:38:46":28,"b:40:2:40:Infinity:undefined:undefined:undefined:undefined":16,"s:40:2:40:Infinity":29,"s:40:31:40:Infinity":30,"b:41:2:43:Infinity:undefined:undefined:undefined:undefined":17,"s:41:2:43:Infinity":31,"b:41:6:41:13:41:13:41:38":18,"s:42:4:42:Infinity":32,"s:44:2:44:Infinity":33,"s:47:6:63:Infinity":34,"f:47:6:47:30":3,"b:48:2:55:Infinity:undefined:undefined:undefined:undefined":19,"s:48:2:55:Infinity":35,"s:49:4:54:Infinity":36,"f:49:15:49:19":4,"b:50:6:52:Infinity:undefined:undefined:undefined:undefined":20,"s:50:6:52:Infinity":37,"s:51:8:51:Infinity":38,"s:53:6:53:Infinity":39,"b:56:2:58:Infinity:undefined:undefined:undefined:undefined":21,"s:56:2:58:Infinity":40,"s:57:4:57:Infinity":41,"b:59:2:61:Infinity:undefined:undefined:undefined:undefined":22,"s:59:2:61:Infinity":42,"b:59:6:59:13:59:13:59:38":23,"s:60:4:60:Infinity":43,"s:62:2:62:Infinity":44,"s:65:6:70:Infinity":45,"f:65:6:65:22":5,"b:65:47:65:62":24,"b:66:2:66:Infinity:undefined:undefined:undefined:undefined":25,"s:66:2:66:Infinity":46,"b:66:6:66:22:66:22:66:41":26,"s:66:41:66:Infinity":47,"b:67:2:67:Infinity:undefined:undefined:undefined:undefined":27,"s:67:2:67:Infinity":48,"s:67:31:67:Infinity":49,"b:68:2:68:Infinity:undefined:undefined:undefined:undefined":28,"s:68:2:68:Infinity":50,"s:68:11:68:Infinity":51,"b:68:18:68:40:68:40:68:Infinity":29,"s:69:2:69:Infinity":52,"s:72:13:90:Infinity":53,"f:72:13:72:44":6,"s:73:16:73:Infinity":54,"b:73:16:73:27:73:27:73:Infinity":30,"s:74:2:89:Infinity":55,"b:76:40:76:55:76:55:76:70:76:70:76:88":31,"b:77:32:77:55:77:55:77:69:77:69:77:85":32,"b:78:32:78:55:78:55:78:71":33,"b:79:29:79:49:79:49:79:65:79:65:79:83":34,"b:80:38:80:67:80:67:80:85:80:85:80:97":35,"b:81:38:81:67:81:67:81:88":36,"b:82:34:82:59:82:59:82:77":37,"b:83:34:83:59:83:59:83:77":38,"b:84:32:84:55:84:55:84:68":39,"b:85:37:85:70:85:70:85:92:85:92:85:97":40,"b:86:34:86:59:86:59:86:82":41,"b:87:32:87:50:87:50:87:66:87:66:87:79":42,"s:92:13:131:Infinity":56,"f:92:13:92:43":7,"s:93:16:93:Infinity":57,"b:93:16:93:27:93:27:93:Infinity":43,"s:95:12:95:Infinity":58,"b:95:12:95:41:95:41:95:59:95:59:95:73:95:73:95:Infinity":44,"b:96:2:103:Infinity:undefined:undefined:undefined:undefined":45,"s:96:2:103:Infinity":59,"b:96:6:96:14:96:14:96:30":46,"s:98:26:98:Infinity":60,"b:99:4:102:Infinity:undefined:undefined:undefined:undefined":47,"s:99:4:102:Infinity":61,"b:99:8:99:25:99:25:99:43":48,"s:100:20:100:Infinity":62,"s:101:6:101:Infinity":63,"s:105:22:109:Infinity":64,"s:111:19:111:Infinity":65,"b:111:37:111:57:111:57:111:71:111:71:111:96:111:96:111:110":49,"b:112:2:114:Infinity:undefined:undefined:undefined:undefined":50,"s:112:2:114:Infinity":66,"b:112:6:112:21:112:21:112:46":51,"s:113:4:113:Infinity":67,"s:116:2:130:Infinity":68,"b:118:26:118:43:118:43:118:64:118:64:118:82:118:82:118:102":52,"b:119:39:119:69:119:69:119:83:119:83:119:97:119:97:119:120:119:120:119:139:119:139:119:158":53,"b:120:42:120:70:120:70:120:97:120:97:120:114:120:114:120:132":54,"b:121:36:121:63:121:63:121:82:121:82:121:100:121:100:121:120":55,"b:122:51:122:67:122:67:122:Infinity":56,"b:123:30:123:51:123:51:123:71:123:71:123:89:123:89:123:107":57,"b:124:27:124:45:124:45:124:62:124:62:124:75":58,"b:126:64:126:133:126:133:126:Infinity":59,"b:126:14:126:32:126:32:126:48:126:48:126:64":60,"b:126:82:126:100:126:100:126:116:126:116:126:129":61,"b:127:60:127:118:127:118:127:Infinity":62,"b:127:16:127:36:127:36:127:60":63,"b:127:73:127:93:127:93:127:114":64,"b:128:78:128:144:128:144:128:Infinity":65,"b:128:26:128:56:128:56:128:78":66,"b:128:91:128:121:128:121:128:140":67,"s:133:13:153:Infinity":69,"f:133:13:133:47":8,"s:134:16:134:Infinity":70,"b:134:16:134:27:134:27:134:Infinity":68,"s:135:2:152:Infinity":71,"b:137:26:137:43:137:43:137:59":69,"b:138:61:138:87:138:87:138:102:138:102:138:115":70,"b:139:57:139:86:139:86:139:103":71,"b:140:47:140:66:140:66:140:79":72,"b:142:57:142:86:142:86:142:103":73,"b:143:54:143:81:143:81:143:96":74,"b:144:51:144:75:144:75:144:92:144:92:144:108":75,"b:145:58:145:89:145:89:145:105":76,"b:146:38:146:67:146:67:146:85:146:85:146:97":77,"b:147:45:147:76:147:76:147:98:147:98:147:112":78,"b:148:37:148:60:148:60:148:71":79,"b:149:59:149:86:149:86:149:102":80,"b:150:32:150:50:150:50:150:62":81,"s:155:13:178:Infinity":72,"f:155:13:155:43":9,"s:156:16:156:Infinity":73,"b:156:16:156:27:156:27:156:Infinity":82,"s:157:16:157:Infinity":74,"b:157:16:157:42:157:42:157:Infinity":83,"s:158:2:177:Infinity":75,"b:160:26:160:43:160:43:160:61:160:61:160:80":84,"b:161:59:161:87:161:87:161:104:161:104:161:117":85,"b:162:46:169:8:169:8:169:Infinity":86,"b:170:32:170:50:170:50:170:65":87,"b:172:28:172:46:172:46:172:63:172:63:172:79":88,"b:173:38:173:62:173:62:173:80:173:80:173:98":89,"b:174:39:174:69:174:69:174:86:174:86:174:106":90,"b:175:30:175:51:175:51:175:68":91,"s:180:13:205:Infinity":76,"f:180:13:180:44":10,"s:181:16:181:Infinity":77,"b:181:16:181:27:181:27:181:Infinity":92,"s:183:20:183:Infinity":78,"b:183:42:183:78:183:78:183:Infinity":93,"s:184:24:184:Infinity":79,"b:184:50:184:90:184:90:184:Infinity":94,"s:185:21:185:Infinity":80,"b:185:51:185:95:185:95:185:Infinity":95,"s:187:19:187:Infinity":81,"b:187:32:187:55:187:55:187:76:187:76:187:92":96,"s:188:23:188:Infinity":82,"b:188:36:188:63:188:63:188:86":97,"s:189:20:189:Infinity":83,"b:189:33:189:64:189:64:189:91":98,"s:191:2:204:Infinity":84,"b:193:35:193:61:193:61:193:76":99,"b:194:31:194:52:194:52:194:66:194:66:194:83":100,"b:195:33:195:56:195:56:195:72":101,"b:199:59:199:87:199:87:199:104:199:104:199:127":102,"b:200:38:200:62:200:62:200:78:200:78:200:93":103,"b:201:48:201:67:201:67:201:80":104,"b:202:30:202:51:202:51:202:68":105},"fnNames":{}}}
}
