{"C:\\Users\\mynew\\Downloads\\FIFA-WORLD-CUP\\backend\\src\\accessibility\\controllers\\accessibility.controller.ts": {"path":"C:\\Users\\mynew\\Downloads\\FIFA-WORLD-CUP\\backend\\src\\accessibility\\controllers\\accessibility.controller.ts","statementMap":{"0":{"start":{"line":9,"column":22},"end":{"line":9,"column":null}},"1":{"start":{"line":11,"column":4},"end":{"line":35,"column":null}},"2":{"start":{"line":12,"column":41},"end":{"line":12,"column":null}},"3":{"start":{"line":15,"column":6},"end":{"line":18,"column":null}},"4":{"start":{"line":16,"column":8},"end":{"line":16,"column":null}},"5":{"start":{"line":17,"column":8},"end":{"line":17,"column":null}},"6":{"start":{"line":19,"column":6},"end":{"line":22,"column":null}},"7":{"start":{"line":20,"column":8},"end":{"line":20,"column":null}},"8":{"start":{"line":21,"column":8},"end":{"line":21,"column":null}},"9":{"start":{"line":24,"column":21},"end":{"line":24,"column":null}},"10":{"start":{"line":25,"column":6},"end":{"line":25,"column":null}},"11":{"start":{"line":27,"column":21},"end":{"line":27,"column":null}},"12":{"start":{"line":29,"column":27},"end":{"line":29,"column":null}},"13":{"start":{"line":30,"column":6},"end":{"line":30,"column":null}},"14":{"start":{"line":32,"column":6},"end":{"line":32,"column":null}},"15":{"start":{"line":34,"column":6},"end":{"line":34,"column":null}}},"fnMap":{"0":{"name":"assist","decl":{"start":{"line":8,"column":22},"end":{"line":8,"column":29}},"loc":{"start":{"line":8,"column":93},"end":{"line":36,"column":null}},"line":8}},"branchMap":{"0":{"loc":{"start":{"line":15,"column":6},"end":{"line":18,"column":null}},"type":"if","locations":[{"start":{"line":15,"column":6},"end":{"line":18,"column":null}},{"start":{},"end":{}}],"line":15},"1":{"loc":{"start":{"line":15,"column":10},"end":{"line":15,"column":46}},"type":"binary-expr","locations":[{"start":{"line":15,"column":10},"end":{"line":15,"column":27}},{"start":{"line":15,"column":27},"end":{"line":15,"column":46}}],"line":15},"2":{"loc":{"start":{"line":19,"column":6},"end":{"line":22,"column":null}},"type":"if","locations":[{"start":{"line":19,"column":6},"end":{"line":22,"column":null}},{"start":{},"end":{}}],"line":19},"3":{"loc":{"start":{"line":19,"column":10},"end":{"line":19,"column":91}},"type":"binary-expr","locations":[{"start":{"line":19,"column":10},"end":{"line":19,"column":53}},{"start":{"line":19,"column":53},"end":{"line":19,"column":91}}],"line":19},"4":{"loc":{"start":{"line":24,"column":21},"end":{"line":24,"column":null}},"type":"binary-expr","locations":[{"start":{"line":24,"column":21},"end":{"line":24,"column":31}},{"start":{"line":24,"column":31},"end":{"line":24,"column":null}}],"line":24}},"s":{"0":2,"1":2,"2":2,"3":2,"4":0,"5":0,"6":2,"7":0,"8":0,"9":2,"10":2,"11":2,"12":1,"13":1,"14":1,"15":1},"f":{"0":2},"b":{"0":[0,2],"1":[2,2],"2":[0,2],"3":[2,2],"4":[2,0]},"meta":{"lastBranch":5,"lastFunction":1,"lastStatement":16,"seen":{"f:8:22:8:29":0,"s:9:22:9:Infinity":0,"s:11:4:35:Infinity":1,"s:12:41:12:Infinity":2,"b:15:6:18:Infinity:undefined:undefined:undefined:undefined":0,"s:15:6:18:Infinity":3,"b:15:10:15:27:15:27:15:46":1,"s:16:8:16:Infinity":4,"s:17:8:17:Infinity":5,"b:19:6:22:Infinity:undefined:undefined:undefined:undefined":2,"s:19:6:22:Infinity":6,"b:19:10:19:53:19:53:19:91":3,"s:20:8:20:Infinity":7,"s:21:8:21:Infinity":8,"s:24:21:24:Infinity":9,"b:24:21:24:31:24:31:24:Infinity":4,"s:25:6:25:Infinity":10,"s:27:21:27:Infinity":11,"s:29:27:29:Infinity":12,"s:30:6:30:Infinity":13,"s:32:6:32:Infinity":14,"s:34:6:34:Infinity":15},"fnNames":{}}}
,"C:\\Users\\mynew\\Downloads\\FIFA-WORLD-CUP\\backend\\src\\accessibility\\prompts\\templates.ts": {"path":"C:\\Users\\mynew\\Downloads\\FIFA-WORLD-CUP\\backend\\src\\accessibility\\prompts\\templates.ts","statementMap":{"0":{"start":{"line":5,"column":27},"end":{"line":5,"column":null}},"1":{"start":{"line":13,"column":23},"end":{"line":13,"column":null}},"2":{"start":{"line":21,"column":24},"end":{"line":21,"column":null}},"3":{"start":{"line":29,"column":23},"end":{"line":29,"column":null}},"4":{"start":{"line":37,"column":31},"end":{"line":37,"column":null}},"5":{"start":{"line":45,"column":32},"end":{"line":45,"column":null}},"6":{"start":{"line":52,"column":59},"end":{"line":59,"column":null}},"7":{"start":{"line":63,"column":13},"end":{"line":88,"column":null}},"8":{"start":{"line":64,"column":23},"end":{"line":66,"column":null}},"9":{"start":{"line":65,"column":19},"end":{"line":65,"column":46}},"10":{"start":{"line":68,"column":2},"end":{"line":84,"column":null}}},"fnMap":{"0":{"name":"(anonymous_0)","decl":{"start":{"line":63,"column":13},"end":{"line":63,"column":41}},"loc":{"start":{"line":63,"column":79},"end":{"line":88,"column":null}},"line":63},"1":{"name":"(anonymous_1)","decl":{"start":{"line":65,"column":5},"end":{"line":65,"column":10}},"loc":{"start":{"line":65,"column":19},"end":{"line":65,"column":46}},"line":65}},"branchMap":{"0":{"loc":{"start":{"line":65,"column":19},"end":{"line":65,"column":46}},"type":"binary-expr","locations":[{"start":{"line":65,"column":19},"end":{"line":65,"column":44}},{"start":{"line":65,"column":44},"end":{"line":65,"column":46}}],"line":65},"1":{"loc":{"start":{"line":73,"column":11},"end":{"line":73,"column":null}},"type":"binary-expr","locations":[{"start":{"line":73,"column":11},"end":{"line":73,"column":24}},{"start":{"line":73,"column":24},"end":{"line":73,"column":null}}],"line":73}},"s":{"0":2,"1":2,"2":2,"3":2,"4":2,"5":2,"6":2,"7":2,"8":2,"9":2,"10":2},"f":{"0":2,"1":2},"b":{"0":[2,0],"1":[2,2]},"meta":{"lastBranch":2,"lastFunction":2,"lastStatement":11,"seen":{"s:5:27:5:Infinity":0,"s:13:23:13:Infinity":1,"s:21:24:21:Infinity":2,"s:29:23:29:Infinity":3,"s:37:31:37:Infinity":4,"s:45:32:45:Infinity":5,"s:52:59:59:Infinity":6,"s:63:13:88:Infinity":7,"f:63:13:63:41":0,"s:64:23:66:Infinity":8,"f:65:5:65:10":1,"s:65:19:65:46":9,"b:65:19:65:44:65:44:65:46":0,"s:68:2:84:Infinity":10,"b:73:11:73:24:73:24:73:Infinity":1},"fnNames":{}}}
,"C:\\Users\\mynew\\Downloads\\FIFA-WORLD-CUP\\backend\\src\\accessibility\\routes\\accessibility.routes.ts": {"path":"C:\\Users\\mynew\\Downloads\\FIFA-WORLD-CUP\\backend\\src\\accessibility\\routes\\accessibility.routes.ts","statementMap":{"0":{"start":{"line":4,"column":15},"end":{"line":4,"column":22}},"1":{"start":{"line":7,"column":0},"end":{"line":7,"column":null}}},"fnMap":{},"branchMap":{},"s":{"0":1,"1":1},"f":{},"b":{},"meta":{"lastBranch":0,"lastFunction":0,"lastStatement":2,"seen":{"s:4:15:4:22":0,"s:7:0:7:Infinity":1},"fnNames":{}}}
,"C:\\Users\\mynew\\Downloads\\FIFA-WORLD-CUP\\backend\\src\\accessibility\\services\\accessibility.service.ts": {"path":"C:\\Users\\mynew\\Downloads\\FIFA-WORLD-CUP\\backend\\src\\accessibility\\services\\accessibility.service.ts","statementMap":{"0":{"start":{"line":11,"column":4},"end":{"line":33,"column":null}},"1":{"start":{"line":12,"column":21},"end":{"line":12,"column":null}},"2":{"start":{"line":14,"column":6},"end":{"line":17,"column":null}},"3":{"start":{"line":19,"column":23},"end":{"line":23,"column":null}},"4":{"start":{"line":25,"column":6},"end":{"line":27,"column":null}},"5":{"start":{"line":26,"column":8},"end":{"line":26,"column":null}},"6":{"start":{"line":29,"column":6},"end":{"line":29,"column":null}},"7":{"start":{"line":31,"column":6},"end":{"line":31,"column":null}},"8":{"start":{"line":32,"column":6},"end":{"line":32,"column":null}}},"fnMap":{"0":{"name":"assist","decl":{"start":{"line":7,"column":22},"end":{"line":7,"column":null}},"loc":{"start":{"line":10,"column":36},"end":{"line":34,"column":null}},"line":10}},"branchMap":{"0":{"loc":{"start":{"line":9,"column":4},"end":{"line":9,"column":null}},"type":"default-arg","locations":[{"start":{"line":9,"column":21},"end":{"line":9,"column":null}}],"line":9},"1":{"loc":{"start":{"line":25,"column":6},"end":{"line":27,"column":null}},"type":"if","locations":[{"start":{"line":25,"column":6},"end":{"line":27,"column":null}},{"start":{},"end":{}}],"line":25}},"s":{"0":2,"1":2,"2":2,"3":2,"4":1,"5":0,"6":1,"7":1,"8":1},"f":{"0":2},"b":{"0":[2],"1":[0,1]},"meta":{"lastBranch":2,"lastFunction":1,"lastStatement":9,"seen":{"f:7:22:7:Infinity":0,"b:9:21:9:Infinity":0,"s:11:4:33:Infinity":0,"s:12:21:12:Infinity":1,"s:14:6:17:Infinity":2,"s:19:23:23:Infinity":3,"b:25:6:27:Infinity:undefined:undefined:undefined:undefined":1,"s:25:6:27:Infinity":4,"s:26:8:26:Infinity":5,"s:29:6:29:Infinity":6,"s:31:6:31:Infinity":7,"s:32:6:32:Infinity":8},"fnNames":{}}}
,"C:\\Users\\mynew\\Downloads\\FIFA-WORLD-CUP\\backend\\src\\accessibility\\types\\index.ts": {"path":"C:\\Users\\mynew\\Downloads\\FIFA-WORLD-CUP\\backend\\src\\accessibility\\types\\index.ts","statementMap":{"0":{"start":{"line":34,"column":43},"end":{"line":156,"column":null}}},"fnMap":{},"branchMap":{},"s":{"0":2},"f":{},"b":{},"meta":{"lastBranch":0,"lastFunction":0,"lastStatement":1,"seen":{"s:34:43:156:Infinity":0},"fnNames":{}}}
,"C:\\Users\\mynew\\Downloads\\FIFA-WORLD-CUP\\backend\\src\\ai\\config.ts": {"path":"C:\\Users\\mynew\\Downloads\\FIFA-WORLD-CUP\\backend\\src\\ai\\config.ts","statementMap":{"0":{"start":{"line":9,"column":25},"end":{"line":14,"column":null}},"1":{"start":{"line":27,"column":13},"end":{"line":36,"column":null}},"2":{"start":{"line":28,"column":2},"end":{"line":35,"column":null}}},"fnMap":{"0":{"name":"(anonymous_0)","decl":{"start":{"line":27,"column":13},"end":{"line":27,"column":36}},"loc":{"start":{"line":27,"column":95},"end":{"line":36,"column":null}},"line":27}},"branchMap":{"0":{"loc":{"start":{"line":11,"column":17},"end":{"line":11,"column":null}},"type":"binary-expr","locations":[{"start":{"line":11,"column":17},"end":{"line":11,"column":49}},{"start":{"line":11,"column":49},"end":{"line":11,"column":null}}],"line":11},"1":{"loc":{"start":{"line":27,"column":36},"end":{"line":27,"column":95}},"type":"default-arg","locations":[{"start":{"line":27,"column":75},"end":{"line":27,"column":95}}],"line":27}},"s":{"0":11,"1":11,"2":9},"f":{"0":9},"b":{"0":[11,11],"1":[9]},"meta":{"lastBranch":2,"lastFunction":1,"lastStatement":3,"seen":{"s:9:25:14:Infinity":0,"b:11:17:11:49:11:49:11:Infinity":0,"s:27:13:36:Infinity":1,"f:27:13:27:36":0,"b:27:75:27:95":1,"s:28:2:35:Infinity":2},"fnNames":{}}}
,"C:\\Users\\mynew\\Downloads\\FIFA-WORLD-CUP\\backend\\src\\ai\\client\\openrouter.client.ts": {"path":"C:\\Users\\mynew\\Downloads\\FIFA-WORLD-CUP\\backend\\src\\ai\\client\\openrouter.client.ts","statementMap":{"0":{"start":{"line":6,"column":29},"end":{"line":6,"column":null}},"1":{"start":{"line":9,"column":4},"end":{"line":11,"column":null}},"2":{"start":{"line":10,"column":6},"end":{"line":10,"column":null}},"3":{"start":{"line":13,"column":4},"end":{"line":13,"column":null}},"4":{"start":{"line":17,"column":4},"end":{"line":19,"column":null}},"5":{"start":{"line":18,"column":6},"end":{"line":18,"column":null}},"6":{"start":{"line":20,"column":4},"end":{"line":20,"column":null}},"7":{"start":{"line":24,"column":4},"end":{"line":27,"column":null}},"8":{"start":{"line":31,"column":4},"end":{"line":31,"column":null}},"9":{"start":{"line":35,"column":13},"end":{"line":35,"column":null}},"10":{"start":{"line":35,"column":41},"end":{"line":35,"column":null}}},"fnMap":{"0":{"name":"constructor","decl":{"start":{"line":8,"column":2},"end":{"line":8,"column":10}},"loc":{"start":{"line":8,"column":24},"end":{"line":14,"column":null}},"line":8},"1":{"name":"getInstance","decl":{"start":{"line":16,"column":16},"end":{"line":16,"column":48}},"loc":{"start":{"line":16,"column":48},"end":{"line":21,"column":null}},"line":16},"2":{"name":"getHeaders","decl":{"start":{"line":23,"column":2},"end":{"line":23,"column":9}},"loc":{"start":{"line":23,"column":35},"end":{"line":28,"column":null}},"line":23},"3":{"name":"getEndpoint","decl":{"start":{"line":30,"column":2},"end":{"line":30,"column":9}},"loc":{"start":{"line":30,"column":31},"end":{"line":32,"column":null}},"line":30},"4":{"name":"(anonymous_4)","decl":{"start":{"line":35,"column":13},"end":{"line":35,"column":41}},"loc":{"start":{"line":35,"column":41},"end":{"line":35,"column":null}},"line":35}},"branchMap":{"0":{"loc":{"start":{"line":9,"column":4},"end":{"line":11,"column":null}},"type":"if","locations":[{"start":{"line":9,"column":4},"end":{"line":11,"column":null}},{"start":{},"end":{}}],"line":9},"1":{"loc":{"start":{"line":17,"column":4},"end":{"line":19,"column":null}},"type":"if","locations":[{"start":{"line":17,"column":4},"end":{"line":19,"column":null}},{"start":{},"end":{}}],"line":17}},"s":{"0":1,"1":1,"2":0,"3":1,"4":9,"5":1,"6":9,"7":13,"8":13,"9":11,"10":9},"f":{"0":1,"1":11,"2":13,"3":13,"4":9},"b":{"0":[0,1],"1":[1,8]},"meta":{"lastBranch":2,"lastFunction":5,"lastStatement":11,"seen":{"s:6:29:6:Infinity":0,"f:8:2:8:10":0,"b:9:4:11:Infinity:undefined:undefined:undefined:undefined":0,"s:9:4:11:Infinity":1,"s:10:6:10:Infinity":2,"s:13:4:13:Infinity":3,"f:16:16:16:48":1,"b:17:4:19:Infinity:undefined:undefined:undefined:undefined":1,"s:17:4:19:Infinity":4,"s:18:6:18:Infinity":5,"s:20:4:20:Infinity":6,"f:23:2:23:9":2,"s:24:4:27:Infinity":7,"f:30:2:30:9":3,"s:31:4:31:Infinity":8,"s:35:13:35:Infinity":9,"f:35:13:35:41":4,"s:35:41:35:Infinity":10},"fnNames":{}}}
,"C:\\Users\\mynew\\Downloads\\FIFA-WORLD-CUP\\backend\\src\\ai\\context\\context.manager.ts": {"path":"C:\\Users\\mynew\\Downloads\\FIFA-WORLD-CUP\\backend\\src\\ai\\context\\context.manager.ts","statementMap":{"0":{"start":{"line":7,"column":33},"end":{"line":7,"column":null}},"1":{"start":{"line":10,"column":4},"end":{"line":10,"column":null}},"2":{"start":{"line":14,"column":18},"end":{"line":14,"column":null}},"3":{"start":{"line":15,"column":16},"end":{"line":15,"column":null}},"4":{"start":{"line":17,"column":4},"end":{"line":35,"column":null}},"5":{"start":{"line":19,"column":6},"end":{"line":30,"column":null}},"6":{"start":{"line":31,"column":6},"end":{"line":31,"column":null}},"7":{"start":{"line":32,"column":6},"end":{"line":32,"column":null}},"8":{"start":{"line":34,"column":6},"end":{"line":34,"column":null}},"9":{"start":{"line":37,"column":4},"end":{"line":37,"column":null}},"10":{"start":{"line":41,"column":21},"end":{"line":41,"column":null}},"11":{"start":{"line":42,"column":16},"end":{"line":42,"column":null}},"12":{"start":{"line":44,"column":4},"end":{"line":52,"column":null}},"13":{"start":{"line":54,"column":4},"end":{"line":54,"column":null}},"14":{"start":{"line":58,"column":20},"end":{"line":58,"column":null}},"15":{"start":{"line":60,"column":4},"end":{"line":63,"column":null}},"16":{"start":{"line":66,"column":4},"end":{"line":68,"column":null}},"17":{"start":{"line":67,"column":6},"end":{"line":67,"column":null}},"18":{"start":{"line":70,"column":4},"end":{"line":70,"column":null}},"19":{"start":{"line":71,"column":4},"end":{"line":71,"column":null}},"20":{"start":{"line":73,"column":4},"end":{"line":73,"column":null}},"21":{"start":{"line":77,"column":30},"end":{"line":77,"column":null}}},"fnMap":{"0":{"name":"constructor","decl":{"start":{"line":9,"column":2},"end":{"line":9,"column":16}},"loc":{"start":{"line":9,"column":16},"end":{"line":11,"column":null}},"line":9},"1":{"name":"getContext","decl":{"start":{"line":13,"column":2},"end":{"line":13,"column":9}},"loc":{"start":{"line":13,"column":47},"end":{"line":38,"column":null}},"line":13},"2":{"name":"updateContext","decl":{"start":{"line":40,"column":2},"end":{"line":40,"column":9}},"loc":{"start":{"line":40,"column":74},"end":{"line":55,"column":null}},"line":40},"3":{"name":"addInteraction","decl":{"start":{"line":57,"column":2},"end":{"line":57,"column":9}},"loc":{"start":{"line":57,"column":91},"end":{"line":74,"column":null}},"line":57}},"branchMap":{"0":{"loc":{"start":{"line":17,"column":4},"end":{"line":35,"column":null}},"type":"if","locations":[{"start":{"line":17,"column":4},"end":{"line":35,"column":null}},{"start":{"line":33,"column":11},"end":{"line":35,"column":null}}],"line":17},"1":{"loc":{"start":{"line":49,"column":12},"end":{"line":49,"column":null}},"type":"binary-expr","locations":[{"start":{"line":49,"column":12},"end":{"line":49,"column":32}},{"start":{"line":49,"column":32},"end":{"line":49,"column":null}}],"line":49},"2":{"loc":{"start":{"line":66,"column":4},"end":{"line":68,"column":null}},"type":"if","locations":[{"start":{"line":66,"column":4},"end":{"line":68,"column":null}},{"start":{},"end":{}}],"line":66}},"s":{"0":12,"1":12,"2":38,"3":38,"4":38,"5":9,"6":9,"7":9,"8":29,"9":38,"10":2,"11":2,"12":2,"13":2,"14":16,"15":16,"16":16,"17":5,"18":16,"19":16,"20":16,"21":12},"f":{"0":12,"1":38,"2":2,"3":16},"b":{"0":[9,29],"1":[2,2],"2":[5,11]},"meta":{"lastBranch":3,"lastFunction":4,"lastStatement":22,"seen":{"s:7:33:7:Infinity":0,"f:9:2:9:16":0,"s:10:4:10:Infinity":1,"f:13:2:13:9":1,"s:14:18:14:Infinity":2,"s:15:16:15:Infinity":3,"b:17:4:35:Infinity:33:11:35:Infinity":0,"s:17:4:35:Infinity":4,"s:19:6:30:Infinity":5,"s:31:6:31:Infinity":6,"s:32:6:32:Infinity":7,"s:34:6:34:Infinity":8,"s:37:4:37:Infinity":9,"f:40:2:40:9":2,"s:41:21:41:Infinity":10,"s:42:16:42:Infinity":11,"s:44:4:52:Infinity":12,"b:49:12:49:32:49:32:49:Infinity":1,"s:54:4:54:Infinity":13,"f:57:2:57:9":3,"s:58:20:58:Infinity":14,"s:60:4:63:Infinity":15,"b:66:4:68:Infinity:undefined:undefined:undefined:undefined":2,"s:66:4:68:Infinity":16,"s:67:6:67:Infinity":17,"s:70:4:70:Infinity":18,"s:71:4:71:Infinity":19,"s:73:4:73:Infinity":20,"s:77:30:77:Infinity":21},"fnNames":{}}}
,"C:\\Users\\mynew\\Downloads\\FIFA-WORLD-CUP\\backend\\src\\ai\\prompts\\prompt.builder.ts": {"path":"C:\\Users\\mynew\\Downloads\\FIFA-WORLD-CUP\\backend\\src\\ai\\prompts\\prompt.builder.ts","statementMap":{"0":{"start":{"line":3,"column":23},"end":{"line":3,"column":null}},"1":{"start":{"line":5,"column":23},"end":{"line":5,"column":null}},"2":{"start":{"line":10,"column":21},"end":{"line":10,"column":null}},"3":{"start":{"line":15,"column":32},"end":{"line":15,"column":null}},"4":{"start":{"line":26,"column":13},"end":{"line":60,"column":null}},"5":{"start":{"line":27,"column":26},"end":{"line":27,"column":null}},"6":{"start":{"line":30,"column":2},"end":{"line":30,"column":null}},"7":{"start":{"line":31,"column":2},"end":{"line":31,"column":null}},"8":{"start":{"line":32,"column":2},"end":{"line":32,"column":null}},"9":{"start":{"line":33,"column":2},"end":{"line":33,"column":null}},"10":{"start":{"line":36,"column":2},"end":{"line":43,"column":null}},"11":{"start":{"line":37,"column":21},"end":{"line":37,"column":null}},"12":{"start":{"line":38,"column":4},"end":{"line":38,"column":null}},"13":{"start":{"line":38,"column":30},"end":{"line":38,"column":null}},"14":{"start":{"line":39,"column":4},"end":{"line":41,"column":null}},"15":{"start":{"line":40,"column":6},"end":{"line":40,"column":null}},"16":{"start":{"line":42,"column":4},"end":{"line":42,"column":null}},"17":{"start":{"line":46,"column":19},"end":{"line":46,"column":null}},"18":{"start":{"line":47,"column":2},"end":{"line":49,"column":null}},"19":{"start":{"line":48,"column":4},"end":{"line":48,"column":null}},"20":{"start":{"line":52,"column":2},"end":{"line":54,"column":null}},"21":{"start":{"line":53,"column":4},"end":{"line":53,"column":null}},"22":{"start":{"line":57,"column":2},"end":{"line":57,"column":null}},"23":{"start":{"line":59,"column":2},"end":{"line":59,"column":null}}},"fnMap":{"0":{"name":"(anonymous_0)","decl":{"start":{"line":26,"column":13},"end":{"line":26,"column":35}},"loc":{"start":{"line":26,"column":75},"end":{"line":60,"column":null}},"line":26}},"branchMap":{"0":{"loc":{"start":{"line":36,"column":2},"end":{"line":43,"column":null}},"type":"if","locations":[{"start":{"line":36,"column":2},"end":{"line":43,"column":null}},{"start":{},"end":{}}],"line":36},"1":{"loc":{"start":{"line":38,"column":4},"end":{"line":38,"column":null}},"type":"if","locations":[{"start":{"line":38,"column":4},"end":{"line":38,"column":null}},{"start":{},"end":{}}],"line":38},"2":{"loc":{"start":{"line":39,"column":4},"end":{"line":41,"column":null}},"type":"if","locations":[{"start":{"line":39,"column":4},"end":{"line":41,"column":null}},{"start":{},"end":{}}],"line":39},"3":{"loc":{"start":{"line":46,"column":19},"end":{"line":46,"column":null}},"type":"binary-expr","locations":[{"start":{"line":46,"column":19},"end":{"line":46,"column":44}},{"start":{"line":46,"column":44},"end":{"line":46,"column":null}}],"line":46},"4":{"loc":{"start":{"line":47,"column":2},"end":{"line":49,"column":null}},"type":"if","locations":[{"start":{"line":47,"column":2},"end":{"line":49,"column":null}},{"start":{},"end":{}}],"line":47},"5":{"loc":{"start":{"line":52,"column":2},"end":{"line":54,"column":null}},"type":"if","locations":[{"start":{"line":52,"column":2},"end":{"line":54,"column":null}},{"start":{},"end":{}}],"line":52}},"s":{"0":12,"1":12,"2":12,"3":12,"4":12,"5":18,"6":18,"7":18,"8":18,"9":18,"10":18,"11":11,"12":11,"13":1,"14":11,"15":1,"16":11,"17":18,"18":18,"19":13,"20":18,"21":3,"22":18,"23":18},"f":{"0":18},"b":{"0":[11,7],"1":[1,10],"2":[1,10],"3":[18,16],"4":[13,5],"5":[3,15]},"meta":{"lastBranch":6,"lastFunction":1,"lastStatement":24,"seen":{"s:3:23:3:Infinity":0,"s:5:23:5:Infinity":1,"s:10:21:10:Infinity":2,"s:15:32:15:Infinity":3,"s:26:13:60:Infinity":4,"f:26:13:26:35":0,"s:27:26:27:Infinity":5,"s:30:2:30:Infinity":6,"s:31:2:31:Infinity":7,"s:32:2:32:Infinity":8,"s:33:2:33:Infinity":9,"b:36:2:43:Infinity:undefined:undefined:undefined:undefined":0,"s:36:2:43:Infinity":10,"s:37:21:37:Infinity":11,"b:38:4:38:Infinity:undefined:undefined:undefined:undefined":1,"s:38:4:38:Infinity":12,"s:38:30:38:Infinity":13,"b:39:4:41:Infinity:undefined:undefined:undefined:undefined":2,"s:39:4:41:Infinity":14,"s:40:6:40:Infinity":15,"s:42:4:42:Infinity":16,"s:46:19:46:Infinity":17,"b:46:19:46:44:46:44:46:Infinity":3,"b:47:2:49:Infinity:undefined:undefined:undefined:undefined":4,"s:47:2:49:Infinity":18,"s:48:4:48:Infinity":19,"b:52:2:54:Infinity:undefined:undefined:undefined:undefined":5,"s:52:2:54:Infinity":20,"s:53:4:53:Infinity":21,"s:57:2:57:Infinity":22,"s:59:2:59:Infinity":23},"fnNames":{}}}
,"C:\\Users\\mynew\\Downloads\\FIFA-WORLD-CUP\\backend\\src\\ai\\services\\ai.service.ts": {"path":"C:\\Users\\mynew\\Downloads\\FIFA-WORLD-CUP\\backend\\src\\ai\\services\\ai.service.ts","statementMap":{"0":{"start":{"line":13,"column":21},"end":{"line":13,"column":null}},"1":{"start":{"line":29,"column":4},"end":{"line":146,"column":null}},"2":{"start":{"line":30,"column":21},"end":{"line":30,"column":41}},"3":{"start":{"line":33,"column":6},"end":{"line":35,"column":null}},"4":{"start":{"line":34,"column":8},"end":{"line":34,"column":null}},"5":{"start":{"line":37,"column":31},"end":{"line":37,"column":null}},"6":{"start":{"line":39,"column":26},"end":{"line":44,"column":null}},"7":{"start":{"line":46,"column":6},"end":{"line":46,"column":null}},"8":{"start":{"line":48,"column":63},"end":{"line":48,"column":null}},"9":{"start":{"line":50,"column":55},"end":{"line":50,"column":null}},"10":{"start":{"line":52,"column":6},"end":{"line":55,"column":null}},"11":{"start":{"line":53,"column":8},"end":{"line":53,"column":null}},"12":{"start":{"line":54,"column":8},"end":{"line":54,"column":null}},"13":{"start":{"line":58,"column":6},"end":{"line":60,"column":null}},"14":{"start":{"line":59,"column":8},"end":{"line":59,"column":null}},"15":{"start":{"line":62,"column":32},"end":{"line":62,"column":null}},"16":{"start":{"line":64,"column":22},"end":{"line":70,"column":null}},"17":{"start":{"line":72,"column":23},"end":{"line":134,"column":null}},"18":{"start":{"line":73,"column":14},"end":{"line":131,"column":null}},"19":{"start":{"line":75,"column":31},"end":{"line":75,"column":null}},"20":{"start":{"line":76,"column":30},"end":{"line":76,"column":null}},"21":{"start":{"line":76,"column":47},"end":{"line":76,"column":67}},"22":{"start":{"line":78,"column":12},"end":{"line":127,"column":null}},"23":{"start":{"line":79,"column":26},"end":{"line":84,"column":null}},"24":{"start":{"line":86,"column":14},"end":{"line":86,"column":null}},"25":{"start":{"line":88,"column":14},"end":{"line":119,"column":null}},"26":{"start":{"line":89,"column":64},"end":{"line":89,"column":null}},"27":{"start":{"line":90,"column":16},"end":{"line":94,"column":null}},"28":{"start":{"line":91,"column":18},"end":{"line":91,"column":null}},"29":{"start":{"line":93,"column":18},"end":{"line":93,"column":null}},"30":{"start":{"line":99,"column":32},"end":{"line":99,"column":null}},"31":{"start":{"line":100,"column":16},"end":{"line":108,"column":null}},"32":{"start":{"line":110,"column":16},"end":{"line":118,"column":null}},"33":{"start":{"line":111,"column":28},"end":{"line":111,"column":null}},"34":{"start":{"line":112,"column":28},"end":{"line":112,"column":null}},"35":{"start":{"line":113,"column":28},"end":{"line":113,"column":null}},"36":{"start":{"line":114,"column":28},"end":{"line":114,"column":null}},"37":{"start":{"line":115,"column":28},"end":{"line":115,"column":null}},"38":{"start":{"line":116,"column":28},"end":{"line":116,"column":null}},"39":{"start":{"line":117,"column":27},"end":{"line":117,"column":null}},"40":{"start":{"line":121,"column":14},"end":{"line":121,"column":null}},"41":{"start":{"line":123,"column":14},"end":{"line":125,"column":null}},"42":{"start":{"line":124,"column":16},"end":{"line":124,"column":null}},"43":{"start":{"line":126,"column":14},"end":{"line":126,"column":null}},"44":{"start":{"line":136,"column":19},"end":{"line":136,"column":null}},"45":{"start":{"line":138,"column":6},"end":{"line":140,"column":null}},"46":{"start":{"line":139,"column":8},"end":{"line":139,"column":null}},"47":{"start":{"line":142,"column":6},"end":{"line":142,"column":null}},"48":{"start":{"line":144,"column":6},"end":{"line":144,"column":null}},"49":{"start":{"line":145,"column":6},"end":{"line":145,"column":null}},"50":{"start":{"line":150,"column":19},"end":{"line":154,"column":null}},"51":{"start":{"line":155,"column":4},"end":{"line":155,"column":null}},"52":{"start":{"line":159,"column":21},"end":{"line":159,"column":null}},"53":{"start":{"line":160,"column":19},"end":{"line":160,"column":null}},"54":{"start":{"line":161,"column":4},"end":{"line":161,"column":null}},"55":{"start":{"line":161,"column":16},"end":{"line":161,"column":null}},"56":{"start":{"line":163,"column":19},"end":{"line":168,"column":null}},"57":{"start":{"line":170,"column":4},"end":{"line":170,"column":null}},"58":{"start":{"line":171,"column":4},"end":{"line":171,"column":null}},"59":{"start":{"line":175,"column":21},"end":{"line":175,"column":null}},"60":{"start":{"line":176,"column":19},"end":{"line":176,"column":null}},"61":{"start":{"line":177,"column":4},"end":{"line":177,"column":null}},"62":{"start":{"line":177,"column":16},"end":{"line":177,"column":null}},"63":{"start":{"line":179,"column":19},"end":{"line":183,"column":null}},"64":{"start":{"line":185,"column":4},"end":{"line":185,"column":null}},"65":{"start":{"line":186,"column":4},"end":{"line":186,"column":null}},"66":{"start":{"line":190,"column":21},"end":{"line":190,"column":null}},"67":{"start":{"line":191,"column":19},"end":{"line":191,"column":null}},"68":{"start":{"line":192,"column":4},"end":{"line":192,"column":null}},"69":{"start":{"line":192,"column":16},"end":{"line":192,"column":null}},"70":{"start":{"line":194,"column":19},"end":{"line":199,"column":null}},"71":{"start":{"line":201,"column":4},"end":{"line":201,"column":null}},"72":{"start":{"line":202,"column":4},"end":{"line":202,"column":null}}},"fnMap":{"0":{"name":"execute","decl":{"start":{"line":28,"column":23},"end":{"line":28,"column":31}},"loc":{"start":{"line":28,"column":72},"end":{"line":147,"column":null}},"line":28},"1":{"name":"(anonymous_1)","decl":{"start":{"line":72,"column":29},"end":{"line":72,"column":null}},"loc":{"start":{"line":73,"column":14},"end":{"line":131,"column":null}},"line":73},"2":{"name":"(anonymous_2)","decl":{"start":{"line":74,"column":10},"end":{"line":74,"column":22}},"loc":{"start":{"line":74,"column":22},"end":{"line":128,"column":null}},"line":74},"3":{"name":"(anonymous_3)","decl":{"start":{"line":76,"column":30},"end":{"line":76,"column":47}},"loc":{"start":{"line":76,"column":47},"end":{"line":76,"column":67}},"line":76},"4":{"name":"generateResponse","decl":{"start":{"line":149,"column":22},"end":{"line":149,"column":39}},"loc":{"start":{"line":149,"column":93},"end":{"line":156,"column":null}},"line":149},"5":{"name":"generateStructuredResponse","decl":{"start":{"line":158,"column":22},"end":{"line":158,"column":52}},"loc":{"start":{"line":158,"column":134},"end":{"line":172,"column":null}},"line":158},"6":{"name":"summarize","decl":{"start":{"line":174,"column":22},"end":{"line":174,"column":32}},"loc":{"start":{"line":174,"column":63},"end":{"line":187,"column":null}},"line":174},"7":{"name":"translate","decl":{"start":{"line":189,"column":22},"end":{"line":189,"column":32}},"loc":{"start":{"line":189,"column":87},"end":{"line":203,"column":null}},"line":189}},"branchMap":{"0":{"loc":{"start":{"line":33,"column":6},"end":{"line":35,"column":null}},"type":"if","locations":[{"start":{"line":33,"column":6},"end":{"line":35,"column":null}},{"start":{},"end":{}}],"line":33},"1":{"loc":{"start":{"line":33,"column":10},"end":{"line":33,"column":44}},"type":"binary-expr","locations":[{"start":{"line":33,"column":10},"end":{"line":33,"column":27}},{"start":{"line":33,"column":27},"end":{"line":33,"column":44}}],"line":33},"2":{"loc":{"start":{"line":52,"column":6},"end":{"line":55,"column":null}},"type":"if","locations":[{"start":{"line":52,"column":6},"end":{"line":55,"column":null}},{"start":{},"end":{}}],"line":52},"3":{"loc":{"start":{"line":58,"column":6},"end":{"line":60,"column":null}},"type":"if","locations":[{"start":{"line":58,"column":6},"end":{"line":60,"column":null}},{"start":{},"end":{}}],"line":58},"4":{"loc":{"start":{"line":69,"column":12},"end":{"line":69,"column":null}},"type":"cond-expr","locations":[{"start":{"line":69,"column":29},"end":{"line":69,"column":67}},{"start":{"line":69,"column":67},"end":{"line":69,"column":null}}],"line":69},"5":{"loc":{"start":{"line":88,"column":14},"end":{"line":119,"column":null}},"type":"if","locations":[{"start":{"line":88,"column":14},"end":{"line":119,"column":null}},{"start":{},"end":{}}],"line":88},"6":{"loc":{"start":{"line":99,"column":32},"end":{"line":99,"column":null}},"type":"binary-expr","locations":[{"start":{"line":99,"column":32},"end":{"line":99,"column":52}},{"start":{"line":99,"column":52},"end":{"line":99,"column":null}}],"line":99},"7":{"loc":{"start":{"line":102,"column":34},"end":{"line":102,"column":null}},"type":"binary-expr","locations":[{"start":{"line":102,"column":34},"end":{"line":102,"column":53}},{"start":{"line":102,"column":53},"end":{"line":102,"column":98}},{"start":{"line":102,"column":98},"end":{"line":102,"column":null}}],"line":102},"8":{"loc":{"start":{"line":103,"column":37},"end":{"line":103,"column":null}},"type":"binary-expr","locations":[{"start":{"line":103,"column":37},"end":{"line":103,"column":74}},{"start":{"line":103,"column":74},"end":{"line":103,"column":null}}],"line":103},"9":{"loc":{"start":{"line":104,"column":27},"end":{"line":104,"column":null}},"type":"binary-expr","locations":[{"start":{"line":104,"column":27},"end":{"line":104,"column":53}},{"start":{"line":104,"column":53},"end":{"line":104,"column":null}}],"line":104},"10":{"loc":{"start":{"line":110,"column":16},"end":{"line":118,"column":null}},"type":"switch","locations":[{"start":{"line":111,"column":18},"end":{"line":111,"column":null}},{"start":{"line":112,"column":18},"end":{"line":112,"column":null}},{"start":{"line":113,"column":18},"end":{"line":113,"column":null}},{"start":{"line":114,"column":18},"end":{"line":114,"column":null}},{"start":{"line":115,"column":18},"end":{"line":115,"column":null}},{"start":{"line":116,"column":18},"end":{"line":116,"column":null}},{"start":{"line":117,"column":18},"end":{"line":117,"column":null}}],"line":110},"11":{"loc":{"start":{"line":123,"column":14},"end":{"line":125,"column":null}},"type":"if","locations":[{"start":{"line":123,"column":14},"end":{"line":125,"column":null}},{"start":{},"end":{}}],"line":123},"12":{"loc":{"start":{"line":123,"column":18},"end":{"line":123,"column":69}},"type":"binary-expr","locations":[{"start":{"line":123,"column":18},"end":{"line":123,"column":42}},{"start":{"line":123,"column":42},"end":{"line":123,"column":69}}],"line":123},"13":{"loc":{"start":{"line":136,"column":19},"end":{"line":136,"column":null}},"type":"binary-expr","locations":[{"start":{"line":136,"column":19},"end":{"line":136,"column":62}},{"start":{"line":136,"column":62},"end":{"line":136,"column":null}}],"line":136},"14":{"loc":{"start":{"line":138,"column":6},"end":{"line":140,"column":null}},"type":"if","locations":[{"start":{"line":138,"column":6},"end":{"line":140,"column":null}},{"start":{},"end":{}}],"line":138},"15":{"loc":{"start":{"line":161,"column":4},"end":{"line":161,"column":null}},"type":"if","locations":[{"start":{"line":161,"column":4},"end":{"line":161,"column":null}},{"start":{},"end":{}}],"line":161},"16":{"loc":{"start":{"line":177,"column":4},"end":{"line":177,"column":null}},"type":"if","locations":[{"start":{"line":177,"column":4},"end":{"line":177,"column":null}},{"start":{},"end":{}}],"line":177},"17":{"loc":{"start":{"line":192,"column":4},"end":{"line":192,"column":null}},"type":"if","locations":[{"start":{"line":192,"column":4},"end":{"line":192,"column":null}},{"start":{},"end":{}}],"line":192}},"s":{"0":11,"1":9,"2":9,"3":9,"4":7,"5":9,"6":9,"7":9,"8":9,"9":9,"10":9,"11":1,"12":1,"13":9,"14":7,"15":9,"16":9,"17":9,"18":13,"19":13,"20":13,"21":0,"22":13,"23":13,"24":13,"25":13,"26":9,"27":9,"28":9,"29":4,"30":9,"31":9,"32":9,"33":1,"34":1,"35":1,"36":3,"37":3,"38":0,"39":0,"40":4,"41":9,"42":0,"43":9,"44":4,"45":9,"46":1,"47":3,"48":5,"49":5,"50":6,"51":1,"52":2,"53":2,"54":2,"55":1,"56":1,"57":1,"58":1,"59":2,"60":2,"61":2,"62":1,"63":1,"64":1,"65":1,"66":2,"67":2,"68":2,"69":1,"70":1,"71":1,"72":1},"f":{"0":11,"1":13,"2":13,"3":0,"4":11,"5":11,"6":11,"7":11},"b":{"0":[7,2],"1":[9,7],"2":[1,8],"3":[7,2],"4":[1,8],"5":[9,4],"6":[9,4],"7":[9,4,0],"8":[9,9],"9":[9,9],"10":[1,1,1,3,3,0,0],"11":[0,9],"12":[9,9],"13":[4,0],"14":[1,8],"15":[1,1],"16":[1,1],"17":[1,1]},"meta":{"lastBranch":18,"lastFunction":8,"lastStatement":73,"seen":{"s:13:21:13:Infinity":0,"f:28:23:28:31":0,"s:29:4:146:Infinity":1,"s:30:21:30:41":2,"b:33:6:35:Infinity:undefined:undefined:undefined:undefined":0,"s:33:6:35:Infinity":3,"b:33:10:33:27:33:27:33:44":1,"s:34:8:34:Infinity":4,"s:37:31:37:Infinity":5,"s:39:26:44:Infinity":6,"s:46:6:46:Infinity":7,"s:48:63:48:Infinity":8,"s:50:55:50:Infinity":9,"b:52:6:55:Infinity:undefined:undefined:undefined:undefined":2,"s:52:6:55:Infinity":10,"s:53:8:53:Infinity":11,"s:54:8:54:Infinity":12,"b:58:6:60:Infinity:undefined:undefined:undefined:undefined":3,"s:58:6:60:Infinity":13,"s:59:8:59:Infinity":14,"s:62:32:62:Infinity":15,"s:64:22:70:Infinity":16,"b:69:29:69:67:69:67:69:Infinity":4,"s:72:23:134:Infinity":17,"f:72:29:72:Infinity":1,"s:73:14:131:Infinity":18,"f:74:10:74:22":2,"s:75:31:75:Infinity":19,"s:76:30:76:Infinity":20,"f:76:30:76:47":3,"s:76:47:76:67":21,"s:78:12:127:Infinity":22,"s:79:26:84:Infinity":23,"s:86:14:86:Infinity":24,"b:88:14:119:Infinity:undefined:undefined:undefined:undefined":5,"s:88:14:119:Infinity":25,"s:89:64:89:Infinity":26,"s:90:16:94:Infinity":27,"s:91:18:91:Infinity":28,"s:93:18:93:Infinity":29,"s:99:32:99:Infinity":30,"b:99:32:99:52:99:52:99:Infinity":6,"s:100:16:108:Infinity":31,"b:102:34:102:53:102:53:102:98:102:98:102:Infinity":7,"b:103:37:103:74:103:74:103:Infinity":8,"b:104:27:104:53:104:53:104:Infinity":9,"b:111:18:111:Infinity:112:18:112:Infinity:113:18:113:Infinity:114:18:114:Infinity:115:18:115:Infinity:116:18:116:Infinity:117:18:117:Infinity":10,"s:110:16:118:Infinity":32,"s:111:28:111:Infinity":33,"s:112:28:112:Infinity":34,"s:113:28:113:Infinity":35,"s:114:28:114:Infinity":36,"s:115:28:115:Infinity":37,"s:116:28:116:Infinity":38,"s:117:27:117:Infinity":39,"s:121:14:121:Infinity":40,"b:123:14:125:Infinity:undefined:undefined:undefined:undefined":11,"s:123:14:125:Infinity":41,"b:123:18:123:42:123:42:123:69":12,"s:124:16:124:Infinity":42,"s:126:14:126:Infinity":43,"s:136:19:136:Infinity":44,"b:136:19:136:62:136:62:136:Infinity":13,"b:138:6:140:Infinity:undefined:undefined:undefined:undefined":14,"s:138:6:140:Infinity":45,"s:139:8:139:Infinity":46,"s:142:6:142:Infinity":47,"s:144:6:144:Infinity":48,"s:145:6:145:Infinity":49,"f:149:22:149:39":4,"s:150:19:154:Infinity":50,"s:155:4:155:Infinity":51,"f:158:22:158:52":5,"s:159:21:159:Infinity":52,"s:160:19:160:Infinity":53,"b:161:4:161:Infinity:undefined:undefined:undefined:undefined":15,"s:161:4:161:Infinity":54,"s:161:16:161:Infinity":55,"s:163:19:168:Infinity":56,"s:170:4:170:Infinity":57,"s:171:4:171:Infinity":58,"f:174:22:174:32":6,"s:175:21:175:Infinity":59,"s:176:19:176:Infinity":60,"b:177:4:177:Infinity:undefined:undefined:undefined:undefined":16,"s:177:4:177:Infinity":61,"s:177:16:177:Infinity":62,"s:179:19:183:Infinity":63,"s:185:4:185:Infinity":64,"s:186:4:186:Infinity":65,"f:189:22:189:32":7,"s:190:21:190:Infinity":66,"s:191:19:191:Infinity":67,"b:192:4:192:Infinity:undefined:undefined:undefined:undefined":17,"s:192:4:192:Infinity":68,"s:192:16:192:Infinity":69,"s:194:19:199:Infinity":70,"s:201:4:201:Infinity":71,"s:202:4:202:Infinity":72},"fnNames":{}}}
,"C:\\Users\\mynew\\Downloads\\FIFA-WORLD-CUP\\backend\\src\\ai\\types\\index.ts": {"path":"C:\\Users\\mynew\\Downloads\\FIFA-WORLD-CUP\\backend\\src\\ai\\types\\index.ts","statementMap":{},"fnMap":{},"branchMap":{},"s":{},"f":{},"b":{},"meta":{"lastBranch":0,"lastFunction":0,"lastStatement":0,"seen":{},"fnNames":{}}}
,"C:\\Users\\mynew\\Downloads\\FIFA-WORLD-CUP\\backend\\src\\ai\\utils\\cache.ts": {"path":"C:\\Users\\mynew\\Downloads\\FIFA-WORLD-CUP\\backend\\src\\ai\\utils\\cache.ts","statementMap":{"0":{"start":{"line":10,"column":52},"end":{"line":10,"column":null}},"1":{"start":{"line":16,"column":17},"end":{"line":16,"column":null}},"2":{"start":{"line":17,"column":17},"end":{"line":17,"column":null}},"3":{"start":{"line":18,"column":4},"end":{"line":18,"column":null}},"4":{"start":{"line":22,"column":18},"end":{"line":22,"column":null}},"5":{"start":{"line":23,"column":4},"end":{"line":23,"column":null}},"6":{"start":{"line":23,"column":16},"end":{"line":23,"column":null}},"7":{"start":{"line":25,"column":4},"end":{"line":29,"column":null}},"8":{"start":{"line":26,"column":6},"end":{"line":26,"column":null}},"9":{"start":{"line":27,"column":6},"end":{"line":27,"column":null}},"10":{"start":{"line":28,"column":6},"end":{"line":28,"column":null}},"11":{"start":{"line":31,"column":4},"end":{"line":31,"column":null}},"12":{"start":{"line":32,"column":4},"end":{"line":32,"column":null}},"13":{"start":{"line":36,"column":22},"end":{"line":36,"column":null}},"14":{"start":{"line":37,"column":4},"end":{"line":37,"column":null}},"15":{"start":{"line":38,"column":4},"end":{"line":38,"column":null}},"16":{"start":{"line":41,"column":4},"end":{"line":41,"column":null}},"17":{"start":{"line":45,"column":16},"end":{"line":45,"column":null}},"18":{"start":{"line":46,"column":4},"end":{"line":50,"column":null}},"19":{"start":{"line":47,"column":6},"end":{"line":49,"column":null}},"20":{"start":{"line":48,"column":8},"end":{"line":48,"column":null}},"21":{"start":{"line":54,"column":4},"end":{"line":54,"column":null}},"22":{"start":{"line":58,"column":23},"end":{"line":58,"column":null}}},"fnMap":{"0":{"name":"generateKey","decl":{"start":{"line":15,"column":2},"end":{"line":15,"column":9}},"loc":{"start":{"line":15,"column":63},"end":{"line":19,"column":null}},"line":15},"1":{"name":"get","decl":{"start":{"line":21,"column":2},"end":{"line":21,"column":9}},"loc":{"start":{"line":21,"column":39},"end":{"line":33,"column":null}},"line":21},"2":{"name":"set","decl":{"start":{"line":35,"column":2},"end":{"line":35,"column":9}},"loc":{"start":{"line":35,"column":60},"end":{"line":42,"column":null}},"line":35},"3":{"name":"cleanup","decl":{"start":{"line":44,"column":2},"end":{"line":44,"column":10}},"loc":{"start":{"line":44,"column":26},"end":{"line":51,"column":null}},"line":44},"4":{"name":"clear","decl":{"start":{"line":53,"column":2},"end":{"line":53,"column":9}},"loc":{"start":{"line":53,"column":23},"end":{"line":55,"column":null}},"line":53}},"branchMap":{"0":{"loc":{"start":{"line":16,"column":17},"end":{"line":16,"column":null}},"type":"cond-expr","locations":[{"start":{"line":16,"column":47},"end":{"line":16,"column":57}},{"start":{"line":16,"column":57},"end":{"line":16,"column":null}}],"line":16},"1":{"loc":{"start":{"line":23,"column":4},"end":{"line":23,"column":null}},"type":"if","locations":[{"start":{"line":23,"column":4},"end":{"line":23,"column":null}},{"start":{},"end":{}}],"line":23},"2":{"loc":{"start":{"line":25,"column":4},"end":{"line":29,"column":null}},"type":"if","locations":[{"start":{"line":25,"column":4},"end":{"line":29,"column":null}},{"start":{},"end":{}}],"line":25},"3":{"loc":{"start":{"line":47,"column":6},"end":{"line":49,"column":null}},"type":"if","locations":[{"start":{"line":47,"column":6},"end":{"line":49,"column":null}},{"start":{},"end":{}}],"line":47}},"s":{"0":12,"1":11,"2":11,"3":11,"4":13,"5":13,"6":6,"7":7,"8":2,"9":2,"10":2,"11":5,"12":5,"13":10,"14":10,"15":10,"16":10,"17":10,"18":10,"19":11,"20":0,"21":19,"22":12},"f":{"0":11,"1":13,"2":10,"3":10,"4":19},"b":{"0":[1,10],"1":[6,7],"2":[2,5],"3":[0,11]},"meta":{"lastBranch":4,"lastFunction":5,"lastStatement":23,"seen":{"s:10:52:10:Infinity":0,"f:15:2:15:9":0,"s:16:17:16:Infinity":1,"b:16:47:16:57:16:57:16:Infinity":0,"s:17:17:17:Infinity":2,"s:18:4:18:Infinity":3,"f:21:2:21:9":1,"s:22:18:22:Infinity":4,"b:23:4:23:Infinity:undefined:undefined:undefined:undefined":1,"s:23:4:23:Infinity":5,"s:23:16:23:Infinity":6,"b:25:4:29:Infinity:undefined:undefined:undefined:undefined":2,"s:25:4:29:Infinity":7,"s:26:6:26:Infinity":8,"s:27:6:27:Infinity":9,"s:28:6:28:Infinity":10,"s:31:4:31:Infinity":11,"s:32:4:32:Infinity":12,"f:35:2:35:9":2,"s:36:22:36:Infinity":13,"s:37:4:37:Infinity":14,"s:38:4:38:Infinity":15,"s:41:4:41:Infinity":16,"f:44:2:44:10":3,"s:45:16:45:Infinity":17,"s:46:4:50:Infinity":18,"b:47:6:49:Infinity:undefined:undefined:undefined:undefined":3,"s:47:6:49:Infinity":19,"s:48:8:48:Infinity":20,"f:53:2:53:9":4,"s:54:4:54:Infinity":21,"s:58:23:58:Infinity":22},"fnNames":{}}}
,"C:\\Users\\mynew\\Downloads\\FIFA-WORLD-CUP\\backend\\src\\ai\\utils\\logger.ts": {"path":"C:\\Users\\mynew\\Downloads\\FIFA-WORLD-CUP\\backend\\src\\ai\\utils\\logger.ts","statementMap":{"0":{"start":{"line":16,"column":32},"end":{"line":20,"column":null}},"1":{"start":{"line":22,"column":4},"end":{"line":40,"column":null}},"2":{"start":{"line":25,"column":48},"end":{"line":25,"column":null}},"3":{"start":{"line":27,"column":6},"end":{"line":30,"column":null}},"4":{"start":{"line":28,"column":8},"end":{"line":28,"column":null}},"5":{"start":{"line":29,"column":8},"end":{"line":29,"column":null}},"6":{"start":{"line":32,"column":6},"end":{"line":35,"column":null}},"7":{"start":{"line":33,"column":8},"end":{"line":33,"column":null}},"8":{"start":{"line":34,"column":8},"end":{"line":34,"column":null}},"9":{"start":{"line":37,"column":6},"end":{"line":39,"column":null}},"10":{"start":{"line":38,"column":8},"end":{"line":38,"column":null}},"11":{"start":{"line":42,"column":4},"end":{"line":51,"column":null}},"12":{"start":{"line":43,"column":6},"end":{"line":50,"column":null}},"13":{"start":{"line":44,"column":8},"end":{"line":44,"column":null}},"14":{"start":{"line":45,"column":8},"end":{"line":47,"column":null}},"15":{"start":{"line":46,"column":10},"end":{"line":46,"column":null}},"16":{"start":{"line":49,"column":8},"end":{"line":49,"column":null}},"17":{"start":{"line":54,"column":22},"end":{"line":54,"column":null}},"18":{"start":{"line":56,"column":4},"end":{"line":62,"column":null}},"19":{"start":{"line":57,"column":6},"end":{"line":57,"column":null}},"20":{"start":{"line":58,"column":11},"end":{"line":62,"column":null}},"21":{"start":{"line":59,"column":6},"end":{"line":59,"column":null}},"22":{"start":{"line":61,"column":6},"end":{"line":61,"column":null}},"23":{"start":{"line":66,"column":4},"end":{"line":66,"column":null}},"24":{"start":{"line":70,"column":4},"end":{"line":72,"column":null}},"25":{"start":{"line":71,"column":6},"end":{"line":71,"column":null}},"26":{"start":{"line":76,"column":4},"end":{"line":76,"column":null}},"27":{"start":{"line":81,"column":4},"end":{"line":85,"column":null}},"28":{"start":{"line":82,"column":6},"end":{"line":82,"column":null}},"29":{"start":{"line":84,"column":6},"end":{"line":84,"column":null}},"30":{"start":{"line":89,"column":24},"end":{"line":89,"column":null}}},"fnMap":{"0":{"name":"log","decl":{"start":{"line":15,"column":2},"end":{"line":15,"column":14}},"loc":{"start":{"line":15,"column":79},"end":{"line":63,"column":null}},"line":15},"1":{"name":"info","decl":{"start":{"line":65,"column":2},"end":{"line":65,"column":14}},"loc":{"start":{"line":65,"column":53},"end":{"line":67,"column":null}},"line":65},"2":{"name":"debug","decl":{"start":{"line":69,"column":2},"end":{"line":69,"column":15}},"loc":{"start":{"line":69,"column":54},"end":{"line":73,"column":null}},"line":69},"3":{"name":"warn","decl":{"start":{"line":75,"column":2},"end":{"line":75,"column":14}},"loc":{"start":{"line":75,"column":53},"end":{"line":77,"column":null}},"line":75},"4":{"name":"error","decl":{"start":{"line":79,"column":2},"end":{"line":79,"column":15}},"loc":{"start":{"line":79,"column":61},"end":{"line":86,"column":null}},"line":79}},"branchMap":{"0":{"loc":{"start":{"line":22,"column":4},"end":{"line":40,"column":null}},"type":"if","locations":[{"start":{"line":22,"column":4},"end":{"line":40,"column":null}},{"start":{},"end":{}}],"line":22},"1":{"loc":{"start":{"line":25,"column":48},"end":{"line":25,"column":null}},"type":"cond-expr","locations":[{"start":{"line":25,"column":92},"end":{"line":25,"column":135}},{"start":{"line":25,"column":135},"end":{"line":25,"column":null}}],"line":25},"2":{"loc":{"start":{"line":25,"column":48},"end":{"line":25,"column":92}},"type":"binary-expr","locations":[{"start":{"line":25,"column":48},"end":{"line":25,"column":76}},{"start":{"line":25,"column":76},"end":{"line":25,"column":92}}],"line":25},"3":{"loc":{"start":{"line":27,"column":6},"end":{"line":30,"column":null}},"type":"if","locations":[{"start":{"line":27,"column":6},"end":{"line":30,"column":null}},{"start":{},"end":{}}],"line":27},"4":{"loc":{"start":{"line":32,"column":6},"end":{"line":35,"column":null}},"type":"if","locations":[{"start":{"line":32,"column":6},"end":{"line":35,"column":null}},{"start":{},"end":{}}],"line":32},"5":{"loc":{"start":{"line":37,"column":6},"end":{"line":39,"column":null}},"type":"if","locations":[{"start":{"line":37,"column":6},"end":{"line":39,"column":null}},{"start":{},"end":{}}],"line":37},"6":{"loc":{"start":{"line":42,"column":4},"end":{"line":51,"column":null}},"type":"if","locations":[{"start":{"line":42,"column":4},"end":{"line":51,"column":null}},{"start":{},"end":{}}],"line":42},"7":{"loc":{"start":{"line":43,"column":6},"end":{"line":50,"column":null}},"type":"if","locations":[{"start":{"line":43,"column":6},"end":{"line":50,"column":null}},{"start":{"line":48,"column":13},"end":{"line":50,"column":null}}],"line":43},"8":{"loc":{"start":{"line":45,"column":8},"end":{"line":47,"column":null}},"type":"if","locations":[{"start":{"line":45,"column":8},"end":{"line":47,"column":null}},{"start":{},"end":{}}],"line":45},"9":{"loc":{"start":{"line":56,"column":4},"end":{"line":62,"column":null}},"type":"if","locations":[{"start":{"line":56,"column":4},"end":{"line":62,"column":null}},{"start":{"line":58,"column":11},"end":{"line":62,"column":null}}],"line":56},"10":{"loc":{"start":{"line":58,"column":11},"end":{"line":62,"column":null}},"type":"if","locations":[{"start":{"line":58,"column":11},"end":{"line":62,"column":null}},{"start":{"line":60,"column":11},"end":{"line":62,"column":null}}],"line":58},"11":{"loc":{"start":{"line":70,"column":4},"end":{"line":72,"column":null}},"type":"if","locations":[{"start":{"line":70,"column":4},"end":{"line":72,"column":null}},{"start":{},"end":{}}],"line":70},"12":{"loc":{"start":{"line":81,"column":4},"end":{"line":85,"column":null}},"type":"if","locations":[{"start":{"line":81,"column":4},"end":{"line":85,"column":null}},{"start":{"line":83,"column":11},"end":{"line":85,"column":null}}],"line":81}},"s":{"0":109,"1":109,"2":29,"3":29,"4":0,"5":0,"6":29,"7":0,"8":0,"9":29,"10":29,"11":109,"12":19,"13":19,"14":19,"15":19,"16":0,"17":109,"18":109,"19":31,"20":78,"21":13,"22":65,"23":9,"24":56,"25":56,"26":13,"27":31,"28":19,"29":12,"30":17},"f":{"0":109,"1":9,"2":56,"3":13,"4":31},"b":{"0":[29,80],"1":[29,0],"2":[29,29],"3":[0,29],"4":[0,29],"5":[29,0],"6":[19,90],"7":[19,0],"8":[19,0],"9":[31,78],"10":[13,65],"11":[56,0],"12":[19,12]},"meta":{"lastBranch":13,"lastFunction":5,"lastStatement":31,"seen":{"f:15:2:15:14":0,"s:16:32:20:Infinity":0,"b:22:4:40:Infinity:undefined:undefined:undefined:undefined":0,"s:22:4:40:Infinity":1,"s:25:48:25:Infinity":2,"b:25:92:25:135:25:135:25:Infinity":1,"b:25:48:25:76:25:76:25:92":2,"b:27:6:30:Infinity:undefined:undefined:undefined:undefined":3,"s:27:6:30:Infinity":3,"s:28:8:28:Infinity":4,"s:29:8:29:Infinity":5,"b:32:6:35:Infinity:undefined:undefined:undefined:undefined":4,"s:32:6:35:Infinity":6,"s:33:8:33:Infinity":7,"s:34:8:34:Infinity":8,"b:37:6:39:Infinity:undefined:undefined:undefined:undefined":5,"s:37:6:39:Infinity":9,"s:38:8:38:Infinity":10,"b:42:4:51:Infinity:undefined:undefined:undefined:undefined":6,"s:42:4:51:Infinity":11,"b:43:6:50:Infinity:48:13:50:Infinity":7,"s:43:6:50:Infinity":12,"s:44:8:44:Infinity":13,"b:45:8:47:Infinity:undefined:undefined:undefined:undefined":8,"s:45:8:47:Infinity":14,"s:46:10:46:Infinity":15,"s:49:8:49:Infinity":16,"s:54:22:54:Infinity":17,"b:56:4:62:Infinity:58:11:62:Infinity":9,"s:56:4:62:Infinity":18,"s:57:6:57:Infinity":19,"b:58:11:62:Infinity:60:11:62:Infinity":10,"s:58:11:62:Infinity":20,"s:59:6:59:Infinity":21,"s:61:6:61:Infinity":22,"f:65:2:65:14":1,"s:66:4:66:Infinity":23,"f:69:2:69:15":2,"b:70:4:72:Infinity:undefined:undefined:undefined:undefined":11,"s:70:4:72:Infinity":24,"s:71:6:71:Infinity":25,"f:75:2:75:14":3,"s:76:4:76:Infinity":26,"f:79:2:79:15":4,"b:81:4:85:Infinity:83:11:85:Infinity":12,"s:81:4:85:Infinity":27,"s:82:6:82:Infinity":28,"s:84:6:84:Infinity":29,"s:89:24:89:Infinity":30},"fnNames":{}}}
,"C:\\Users\\mynew\\Downloads\\FIFA-WORLD-CUP\\backend\\src\\ai\\utils\\retry.ts": {"path":"C:\\Users\\mynew\\Downloads\\FIFA-WORLD-CUP\\backend\\src\\ai\\utils\\retry.ts","statementMap":{"0":{"start":{"line":20,"column":25},"end":{"line":72,"column":null}},"1":{"start":{"line":25,"column":21},"end":{"line":25,"column":null}},"2":{"start":{"line":26,"column":22},"end":{"line":26,"column":null}},"3":{"start":{"line":27,"column":16},"end":{"line":27,"column":null}},"4":{"start":{"line":29,"column":2},"end":{"line":71,"column":null}},"5":{"start":{"line":30,"column":4},"end":{"line":70,"column":null}},"6":{"start":{"line":31,"column":6},"end":{"line":31,"column":null}},"7":{"start":{"line":33,"column":6},"end":{"line":33,"column":null}},"8":{"start":{"line":35,"column":20},"end":{"line":35,"column":null}},"9":{"start":{"line":37,"column":21},"end":{"line":37,"column":null}},"10":{"start":{"line":41,"column":8},"end":{"line":45,"column":null}},"11":{"start":{"line":47,"column":6},"end":{"line":60,"column":null}},"12":{"start":{"line":48,"column":8},"end":{"line":58,"column":null}},"13":{"start":{"line":49,"column":10},"end":{"line":52,"column":null}},"14":{"start":{"line":54,"column":10},"end":{"line":57,"column":null}},"15":{"start":{"line":59,"column":8},"end":{"line":59,"column":null}},"16":{"start":{"line":63,"column":20},"end":{"line":63,"column":null}},"17":{"start":{"line":64,"column":6},"end":{"line":67,"column":null}},"18":{"start":{"line":69,"column":6},"end":{"line":69,"column":null}},"19":{"start":{"line":69,"column":43},"end":{"line":69,"column":69}}},"fnMap":{"0":{"name":"(anonymous_0)","decl":{"start":{"line":20,"column":25},"end":{"line":20,"column":null}},"loc":{"start":{"line":24,"column":17},"end":{"line":72,"column":null}},"line":24},"1":{"name":"(anonymous_1)","decl":{"start":{"line":69,"column":16},"end":{"line":69,"column":31}},"loc":{"start":{"line":69,"column":43},"end":{"line":69,"column":69}},"line":69}},"branchMap":{"0":{"loc":{"start":{"line":23,"column":2},"end":{"line":23,"column":null}},"type":"default-arg","locations":[{"start":{"line":23,"column":26},"end":{"line":23,"column":null}}],"line":23},"1":{"loc":{"start":{"line":25,"column":21},"end":{"line":25,"column":null}},"type":"binary-expr","locations":[{"start":{"line":25,"column":21},"end":{"line":25,"column":43}},{"start":{"line":25,"column":43},"end":{"line":25,"column":null}}],"line":25},"2":{"loc":{"start":{"line":26,"column":22},"end":{"line":26,"column":null}},"type":"binary-expr","locations":[{"start":{"line":26,"column":22},"end":{"line":26,"column":45}},{"start":{"line":26,"column":45},"end":{"line":26,"column":null}}],"line":26},"3":{"loc":{"start":{"line":37,"column":21},"end":{"line":37,"column":null}},"type":"binary-expr","locations":[{"start":{"line":37,"column":21},"end":{"line":37,"column":38}},{"start":{"line":37,"column":38},"end":{"line":37,"column":65}},{"start":{"line":37,"column":65},"end":{"line":37,"column":null}}],"line":37},"4":{"loc":{"start":{"line":41,"column":8},"end":{"line":45,"column":null}},"type":"binary-expr","locations":[{"start":{"line":41,"column":8},"end":{"line":41,"column":null}},{"start":{"line":42,"column":8},"end":{"line":42,"column":null}},{"start":{"line":43,"column":8},"end":{"line":43,"column":null}},{"start":{"line":44,"column":8},"end":{"line":44,"column":null}},{"start":{"line":45,"column":8},"end":{"line":45,"column":null}}],"line":41},"5":{"loc":{"start":{"line":47,"column":6},"end":{"line":60,"column":null}},"type":"if","locations":[{"start":{"line":47,"column":6},"end":{"line":60,"column":null}},{"start":{},"end":{}}],"line":47},"6":{"loc":{"start":{"line":47,"column":10},"end":{"line":47,"column":48}},"type":"binary-expr","locations":[{"start":{"line":47,"column":10},"end":{"line":47,"column":26}},{"start":{"line":47,"column":26},"end":{"line":47,"column":48}}],"line":47},"7":{"loc":{"start":{"line":48,"column":8},"end":{"line":58,"column":null}},"type":"if","locations":[{"start":{"line":48,"column":8},"end":{"line":58,"column":null}},{"start":{"line":53,"column":15},"end":{"line":58,"column":null}}],"line":48}},"s":{"0":12,"1":15,"2":15,"3":15,"4":15,"5":23,"6":23,"7":16,"8":16,"9":16,"10":16,"11":16,"12":8,"13":5,"14":3,"15":8,"16":8,"17":8,"18":8,"19":8},"f":{"0":15,"1":8},"b":{"0":[15],"1":[15,1],"2":[15,3],"3":[16,16,16],"4":[16,15,8,5,5],"5":[8,8],"6":[16,11],"7":[5,3]},"meta":{"lastBranch":8,"lastFunction":2,"lastStatement":20,"seen":{"s:20:25:72:Infinity":0,"f:20:25:20:Infinity":0,"b:23:26:23:Infinity":0,"s:25:21:25:Infinity":1,"b:25:21:25:43:25:43:25:Infinity":1,"s:26:22:26:Infinity":2,"b:26:22:26:45:26:45:26:Infinity":2,"s:27:16:27:Infinity":3,"s:29:2:71:Infinity":4,"s:30:4:70:Infinity":5,"s:31:6:31:Infinity":6,"s:33:6:33:Infinity":7,"s:35:20:35:Infinity":8,"s:37:21:37:Infinity":9,"b:37:21:37:38:37:38:37:65:37:65:37:Infinity":3,"s:41:8:45:Infinity":10,"b:41:8:41:Infinity:42:8:42:Infinity:43:8:43:Infinity:44:8:44:Infinity:45:8:45:Infinity":4,"b:47:6:60:Infinity:undefined:undefined:undefined:undefined":5,"s:47:6:60:Infinity":11,"b:47:10:47:26:47:26:47:48":6,"b:48:8:58:Infinity:53:15:58:Infinity":7,"s:48:8:58:Infinity":12,"s:49:10:52:Infinity":13,"s:54:10:57:Infinity":14,"s:59:8:59:Infinity":15,"s:63:20:63:Infinity":16,"s:64:6:67:Infinity":17,"s:69:6:69:Infinity":18,"f:69:16:69:31":1,"s:69:43:69:69":19},"fnNames":{}}}
,"C:\\Users\\mynew\\Downloads\\FIFA-WORLD-CUP\\backend\\src\\ai\\utils\\sanitizer.ts": {"path":"C:\\Users\\mynew\\Downloads\\FIFA-WORLD-CUP\\backend\\src\\ai\\utils\\sanitizer.ts","statementMap":{"0":{"start":{"line":6,"column":25},"end":{"line":6,"column":null}},"1":{"start":{"line":8,"column":13},"end":{"line":42,"column":null}},"2":{"start":{"line":9,"column":2},"end":{"line":9,"column":null}},"3":{"start":{"line":9,"column":43},"end":{"line":9,"column":null}},"4":{"start":{"line":12,"column":18},"end":{"line":12,"column":null}},"5":{"start":{"line":13,"column":2},"end":{"line":15,"column":null}},"6":{"start":{"line":14,"column":4},"end":{"line":14,"column":null}},"7":{"start":{"line":19,"column":2},"end":{"line":19,"column":null}},"8":{"start":{"line":23,"column":29},"end":{"line":31,"column":null}},"9":{"start":{"line":33,"column":2},"end":{"line":35,"column":null}},"10":{"start":{"line":34,"column":4},"end":{"line":34,"column":null}},"11":{"start":{"line":39,"column":2},"end":{"line":39,"column":null}},"12":{"start":{"line":41,"column":2},"end":{"line":41,"column":null}}},"fnMap":{"0":{"name":"(anonymous_0)","decl":{"start":{"line":8,"column":13},"end":{"line":8,"column":36}},"loc":{"start":{"line":8,"column":62},"end":{"line":42,"column":null}},"line":8}},"branchMap":{"0":{"loc":{"start":{"line":9,"column":2},"end":{"line":9,"column":null}},"type":"if","locations":[{"start":{"line":9,"column":2},"end":{"line":9,"column":null}},{"start":{},"end":{}}],"line":9},"1":{"loc":{"start":{"line":9,"column":6},"end":{"line":9,"column":43}},"type":"binary-expr","locations":[{"start":{"line":9,"column":6},"end":{"line":9,"column":16}},{"start":{"line":9,"column":16},"end":{"line":9,"column":43}}],"line":9},"2":{"loc":{"start":{"line":13,"column":2},"end":{"line":15,"column":null}},"type":"if","locations":[{"start":{"line":13,"column":2},"end":{"line":15,"column":null}},{"start":{},"end":{}}],"line":13}},"s":{"0":12,"1":12,"2":26,"3":3,"4":23,"5":23,"6":1,"7":23,"8":23,"9":23,"10":161,"11":23,"12":23},"f":{"0":26},"b":{"0":[3,23],"1":[26,23],"2":[1,22]},"meta":{"lastBranch":3,"lastFunction":1,"lastStatement":13,"seen":{"s:6:25:6:Infinity":0,"s:8:13:42:Infinity":1,"f:8:13:8:36":0,"b:9:2:9:Infinity:undefined:undefined:undefined:undefined":0,"s:9:2:9:Infinity":2,"b:9:6:9:16:9:16:9:43":1,"s:9:43:9:Infinity":3,"s:12:18:12:Infinity":4,"b:13:2:15:Infinity:undefined:undefined:undefined:undefined":2,"s:13:2:15:Infinity":5,"s:14:4:14:Infinity":6,"s:19:2:19:Infinity":7,"s:23:29:31:Infinity":8,"s:33:2:35:Infinity":9,"s:34:4:34:Infinity":10,"s:39:2:39:Infinity":11,"s:41:2:41:Infinity":12},"fnNames":{}}}
,"C:\\Users\\mynew\\Downloads\\FIFA-WORLD-CUP\\backend\\src\\ai\\utils\\timeout.ts": {"path":"C:\\Users\\mynew\\Downloads\\FIFA-WORLD-CUP\\backend\\src\\ai\\utils\\timeout.ts","statementMap":{"0":{"start":{"line":9,"column":27},"end":{"line":30,"column":null}},"1":{"start":{"line":16,"column":25},"end":{"line":21,"column":null}},"2":{"start":{"line":17,"column":4},"end":{"line":20,"column":null}},"3":{"start":{"line":18,"column":6},"end":{"line":18,"column":null}},"4":{"start":{"line":19,"column":6},"end":{"line":19,"column":null}},"5":{"start":{"line":23,"column":2},"end":{"line":29,"column":null}},"6":{"start":{"line":25,"column":4},"end":{"line":25,"column":null}},"7":{"start":{"line":28,"column":4},"end":{"line":28,"column":null}}},"fnMap":{"0":{"name":"(anonymous_0)","decl":{"start":{"line":9,"column":27},"end":{"line":9,"column":null}},"loc":{"start":{"line":13,"column":17},"end":{"line":30,"column":null}},"line":13},"1":{"name":"(anonymous_1)","decl":{"start":{"line":16,"column":29},"end":{"line":16,"column":45}},"loc":{"start":{"line":16,"column":59},"end":{"line":21,"column":3}},"line":16},"2":{"name":"(anonymous_2)","decl":{"start":{"line":17,"column":12},"end":{"line":17,"column":29}},"loc":{"start":{"line":17,"column":29},"end":{"line":20,"column":7}},"line":17}},"branchMap":{"0":{"loc":{"start":{"line":12,"column":2},"end":{"line":12,"column":null}},"type":"default-arg","locations":[{"start":{"line":12,"column":20},"end":{"line":12,"column":null}}],"line":12}},"s":{"0":12,"1":18,"2":18,"3":2,"4":2,"5":18,"6":18,"7":18},"f":{"0":18,"1":18,"2":2},"b":{"0":[18]},"meta":{"lastBranch":1,"lastFunction":3,"lastStatement":8,"seen":{"s:9:27:30:Infinity":0,"f:9:27:9:Infinity":0,"b:12:20:12:Infinity":0,"s:16:25:21:Infinity":1,"f:16:29:16:45":1,"s:17:4:20:Infinity":2,"f:17:12:17:29":2,"s:18:6:18:Infinity":3,"s:19:6:19:Infinity":4,"s:23:2:29:Infinity":5,"s:25:4:25:Infinity":6,"s:28:4:28:Infinity":7},"fnNames":{}}}
,"C:\\Users\\mynew\\Downloads\\FIFA-WORLD-CUP\\backend\\src\\config\\env.ts": {"path":"C:\\Users\\mynew\\Downloads\\FIFA-WORLD-CUP\\backend\\src\\config\\env.ts","statementMap":{"0":{"start":{"line":4,"column":0},"end":{"line":4,"column":null}},"1":{"start":{"line":6,"column":18},"end":{"line":11,"column":null}},"2":{"start":{"line":13,"column":13},"end":{"line":13,"column":null}},"3":{"start":{"line":15,"column":0},"end":{"line":19,"column":null}},"4":{"start":{"line":16,"column":2},"end":{"line":16,"column":null}},"5":{"start":{"line":17,"column":2},"end":{"line":17,"column":null}},"6":{"start":{"line":18,"column":2},"end":{"line":18,"column":null}},"7":{"start":{"line":21,"column":19},"end":{"line":21,"column":null}}},"fnMap":{},"branchMap":{"0":{"loc":{"start":{"line":15,"column":0},"end":{"line":19,"column":null}},"type":"if","locations":[{"start":{"line":15,"column":0},"end":{"line":19,"column":null}},{"start":{},"end":{}}],"line":15}},"s":{"0":11,"1":11,"2":11,"3":11,"4":0,"5":0,"6":0,"7":11},"f":{},"b":{"0":[0,11]},"meta":{"lastBranch":1,"lastFunction":0,"lastStatement":8,"seen":{"s:4:0:4:Infinity":0,"s:6:18:11:Infinity":1,"s:13:13:13:Infinity":2,"b:15:0:19:Infinity:undefined:undefined:undefined:undefined":0,"s:15:0:19:Infinity":3,"s:16:2:16:Infinity":4,"s:17:2:17:Infinity":5,"s:18:2:18:Infinity":6,"s:21:19:21:Infinity":7},"fnNames":{}}}
,"C:\\Users\\mynew\\Downloads\\FIFA-WORLD-CUP\\backend\\src\\controllers\\ai.controller.ts": {"path":"C:\\Users\\mynew\\Downloads\\FIFA-WORLD-CUP\\backend\\src\\controllers\\ai.controller.ts","statementMap":{"0":{"start":{"line":14,"column":22},"end":{"line":14,"column":null}},"1":{"start":{"line":16,"column":4},"end":{"line":51,"column":null}},"2":{"start":{"line":17,"column":77},"end":{"line":17,"column":null}},"3":{"start":{"line":26,"column":21},"end":{"line":26,"column":null}},"4":{"start":{"line":27,"column":6},"end":{"line":27,"column":null}},"5":{"start":{"line":30,"column":47},"end":{"line":30,"column":null}},"6":{"start":{"line":31,"column":6},"end":{"line":31,"column":null}},"7":{"start":{"line":31,"column":20},"end":{"line":31,"column":null}},"8":{"start":{"line":32,"column":6},"end":{"line":32,"column":null}},"9":{"start":{"line":32,"column":20},"end":{"line":32,"column":null}},"10":{"start":{"line":33,"column":6},"end":{"line":33,"column":null}},"11":{"start":{"line":33,"column":19},"end":{"line":33,"column":null}},"12":{"start":{"line":34,"column":6},"end":{"line":34,"column":null}},"13":{"start":{"line":34,"column":17},"end":{"line":34,"column":null}},"14":{"start":{"line":35,"column":6},"end":{"line":37,"column":null}},"15":{"start":{"line":36,"column":8},"end":{"line":36,"column":null}},"16":{"start":{"line":39,"column":6},"end":{"line":39,"column":null}},"17":{"start":{"line":41,"column":20},"end":{"line":41,"column":null}},"18":{"start":{"line":43,"column":27},"end":{"line":43,"column":null}},"19":{"start":{"line":44,"column":6},"end":{"line":44,"column":null}},"20":{"start":{"line":46,"column":6},"end":{"line":48,"column":null}},"21":{"start":{"line":50,"column":6},"end":{"line":50,"column":null}}},"fnMap":{"0":{"name":"handleChat","decl":{"start":{"line":13,"column":22},"end":{"line":13,"column":33}},"loc":{"start":{"line":13,"column":97},"end":{"line":52,"column":null}},"line":13}},"branchMap":{"0":{"loc":{"start":{"line":26,"column":21},"end":{"line":26,"column":null}},"type":"binary-expr","locations":[{"start":{"line":26,"column":21},"end":{"line":26,"column":31}},{"start":{"line":26,"column":31},"end":{"line":26,"column":null}}],"line":26},"1":{"loc":{"start":{"line":31,"column":6},"end":{"line":31,"column":null}},"type":"if","locations":[{"start":{"line":31,"column":6},"end":{"line":31,"column":null}},{"start":{},"end":{}}],"line":31},"2":{"loc":{"start":{"line":32,"column":6},"end":{"line":32,"column":null}},"type":"if","locations":[{"start":{"line":32,"column":6},"end":{"line":32,"column":null}},{"start":{},"end":{}}],"line":32},"3":{"loc":{"start":{"line":33,"column":6},"end":{"line":33,"column":null}},"type":"if","locations":[{"start":{"line":33,"column":6},"end":{"line":33,"column":null}},{"start":{},"end":{}}],"line":33},"4":{"loc":{"start":{"line":34,"column":6},"end":{"line":34,"column":null}},"type":"if","locations":[{"start":{"line":34,"column":6},"end":{"line":34,"column":null}},{"start":{},"end":{}}],"line":34},"5":{"loc":{"start":{"line":35,"column":6},"end":{"line":37,"column":null}},"type":"if","locations":[{"start":{"line":35,"column":6},"end":{"line":37,"column":null}},{"start":{},"end":{}}],"line":35},"6":{"loc":{"start":{"line":36,"column":43},"end":{"line":36,"column":null}},"type":"cond-expr","locations":[{"start":{"line":36,"column":59},"end":{"line":36,"column":85}},{"start":{"line":36,"column":85},"end":{"line":36,"column":null}}],"line":36},"7":{"loc":{"start":{"line":47,"column":51},"end":{"line":47,"column":73}},"type":"binary-expr","locations":[{"start":{"line":47,"column":51},"end":{"line":47,"column":63}},{"start":{"line":47,"column":63},"end":{"line":47,"column":73}}],"line":47}},"s":{"0":3,"1":3,"2":3,"3":3,"4":3,"5":3,"6":3,"7":1,"8":3,"9":1,"10":3,"11":1,"12":3,"13":1,"14":3,"15":2,"16":3,"17":3,"18":2,"19":2,"20":2,"21":1},"f":{"0":2},"b":{"0":[3,0],"1":[1,2],"2":[1,2],"3":[1,2],"4":[1,2],"5":[2,1],"6":[1,1],"7":[2,1]},"meta":{"lastBranch":8,"lastFunction":1,"lastStatement":22,"seen":{"f:13:22:13:33":0,"s:14:22:14:Infinity":0,"s:16:4:51:Infinity":1,"s:17:77:17:Infinity":2,"s:26:21:26:Infinity":3,"b:26:21:26:31:26:31:26:Infinity":0,"s:27:6:27:Infinity":4,"s:30:47:30:Infinity":5,"b:31:6:31:Infinity:undefined:undefined:undefined:undefined":1,"s:31:6:31:Infinity":6,"s:31:20:31:Infinity":7,"b:32:6:32:Infinity:undefined:undefined:undefined:undefined":2,"s:32:6:32:Infinity":8,"s:32:20:32:Infinity":9,"b:33:6:33:Infinity:undefined:undefined:undefined:undefined":3,"s:33:6:33:Infinity":10,"s:33:19:33:Infinity":11,"b:34:6:34:Infinity:undefined:undefined:undefined:undefined":4,"s:34:6:34:Infinity":12,"s:34:17:34:Infinity":13,"b:35:6:37:Infinity:undefined:undefined:undefined:undefined":5,"s:35:6:37:Infinity":14,"s:36:8:36:Infinity":15,"b:36:59:36:85:36:85:36:Infinity":6,"s:39:6:39:Infinity":16,"s:41:20:41:Infinity":17,"s:43:27:43:Infinity":18,"s:44:6:44:Infinity":19,"s:46:6:48:Infinity":20,"b:47:51:47:63:47:63:47:73":7,"s:50:6:50:Infinity":21},"fnNames":{}}}
,"C:\\Users\\mynew\\Downloads\\FIFA-WORLD-CUP\\backend\\src\\crowd\\controllers\\crowd.controller.ts": {"path":"C:\\Users\\mynew\\Downloads\\FIFA-WORLD-CUP\\backend\\src\\crowd\\controllers\\crowd.controller.ts","statementMap":{"0":{"start":{"line":9,"column":22},"end":{"line":9,"column":null}},"1":{"start":{"line":10,"column":4},"end":{"line":37,"column":null}},"2":{"start":{"line":11,"column":65},"end":{"line":11,"column":null}},"3":{"start":{"line":13,"column":21},"end":{"line":13,"column":null}},"4":{"start":{"line":15,"column":21},"end":{"line":23,"column":null}},"5":{"start":{"line":25,"column":21},"end":{"line":29,"column":null}},"6":{"start":{"line":31,"column":27},"end":{"line":31,"column":null}},"7":{"start":{"line":32,"column":6},"end":{"line":32,"column":null}},"8":{"start":{"line":34,"column":6},"end":{"line":34,"column":null}},"9":{"start":{"line":36,"column":6},"end":{"line":36,"column":null}}},"fnMap":{"0":{"name":"analyzeSector","decl":{"start":{"line":8,"column":22},"end":{"line":8,"column":36}},"loc":{"start":{"line":8,"column":100},"end":{"line":38,"column":null}},"line":8}},"branchMap":{"0":{"loc":{"start":{"line":11,"column":14},"end":{"line":11,"column":44}},"type":"default-arg","locations":[{"start":{"line":11,"column":29},"end":{"line":11,"column":44}}],"line":11},"1":{"loc":{"start":{"line":11,"column":44},"end":{"line":11,"column":65}},"type":"default-arg","locations":[{"start":{"line":11,"column":54},"end":{"line":11,"column":65}}],"line":11},"2":{"loc":{"start":{"line":26,"column":8},"end":{"line":26,"column":null}},"type":"binary-expr","locations":[{"start":{"line":26,"column":8},"end":{"line":26,"column":18}},{"start":{"line":26,"column":18},"end":{"line":26,"column":null}}],"line":26}},"s":{"0":2,"1":2,"2":2,"3":2,"4":2,"5":2,"6":1,"7":1,"8":1,"9":1},"f":{"0":2},"b":{"0":[2],"1":[2],"2":[2,0]},"meta":{"lastBranch":3,"lastFunction":1,"lastStatement":10,"seen":{"f:8:22:8:36":0,"s:9:22:9:Infinity":0,"s:10:4:37:Infinity":1,"s:11:65:11:Infinity":2,"b:11:29:11:44":0,"b:11:54:11:65":1,"s:13:21:13:Infinity":3,"s:15:21:23:Infinity":4,"s:25:21:29:Infinity":5,"b:26:8:26:18:26:18:26:Infinity":2,"s:31:27:31:Infinity":6,"s:32:6:32:Infinity":7,"s:34:6:34:Infinity":8,"s:36:6:36:Infinity":9},"fnNames":{}}}
,"C:\\Users\\mynew\\Downloads\\FIFA-WORLD-CUP\\backend\\src\\crowd\\prompts\\templates.ts": {"path":"C:\\Users\\mynew\\Downloads\\FIFA-WORLD-CUP\\backend\\src\\crowd\\prompts\\templates.ts","statementMap":{"0":{"start":{"line":3,"column":28},"end":{"line":3,"column":null}},"1":{"start":{"line":13,"column":13},"end":{"line":15,"column":null}},"2":{"start":{"line":14,"column":2},"end":{"line":14,"column":null}}},"fnMap":{"0":{"name":"(anonymous_0)","decl":{"start":{"line":13,"column":13},"end":{"line":13,"column":33}},"loc":{"start":{"line":13,"column":83},"end":{"line":15,"column":null}},"line":13}},"branchMap":{},"s":{"0":2,"1":2,"2":2},"f":{"0":2},"b":{},"meta":{"lastBranch":0,"lastFunction":1,"lastStatement":3,"seen":{"s:3:28:3:Infinity":0,"s:13:13:15:Infinity":1,"f:13:13:13:33":0,"s:14:2:14:Infinity":2},"fnNames":{}}}
,"C:\\Users\\mynew\\Downloads\\FIFA-WORLD-CUP\\backend\\src\\crowd\\routes\\crowd.routes.ts": {"path":"C:\\Users\\mynew\\Downloads\\FIFA-WORLD-CUP\\backend\\src\\crowd\\routes\\crowd.routes.ts","statementMap":{"0":{"start":{"line":6,"column":15},"end":{"line":6,"column":22}},"1":{"start":{"line":9,"column":0},"end":{"line":9,"column":null}}},"fnMap":{},"branchMap":{},"s":{"0":1,"1":1},"f":{},"b":{},"meta":{"lastBranch":0,"lastFunction":0,"lastStatement":2,"seen":{"s:6:15:6:22":0,"s:9:0:9:Infinity":1},"fnNames":{}}}
,"C:\\Users\\mynew\\Downloads\\FIFA-WORLD-CUP\\backend\\src\\emergency\\controllers\\emergency.controller.ts": {"path":"C:\\Users\\mynew\\Downloads\\FIFA-WORLD-CUP\\backend\\src\\emergency\\controllers\\emergency.controller.ts","statementMap":{"0":{"start":{"line":7,"column":29},"end":{"line":10,"column":null}},"1":{"start":{"line":14,"column":22},"end":{"line":14,"column":null}},"2":{"start":{"line":16,"column":4},"end":{"line":44,"column":null}},"3":{"start":{"line":17,"column":37},"end":{"line":17,"column":null}},"4":{"start":{"line":20,"column":6},"end":{"line":23,"column":null}},"5":{"start":{"line":21,"column":8},"end":{"line":21,"column":null}},"6":{"start":{"line":22,"column":8},"end":{"line":22,"column":null}},"7":{"start":{"line":24,"column":6},"end":{"line":27,"column":null}},"8":{"start":{"line":25,"column":8},"end":{"line":25,"column":null}},"9":{"start":{"line":26,"column":8},"end":{"line":26,"column":null}},"10":{"start":{"line":30,"column":6},"end":{"line":30,"column":null}},"11":{"start":{"line":31,"column":6},"end":{"line":31,"column":null}},"12":{"start":{"line":33,"column":21},"end":{"line":33,"column":null}},"13":{"start":{"line":34,"column":6},"end":{"line":34,"column":null}},"14":{"start":{"line":36,"column":21},"end":{"line":36,"column":null}},"15":{"start":{"line":38,"column":27},"end":{"line":38,"column":null}},"16":{"start":{"line":39,"column":6},"end":{"line":39,"column":null}},"17":{"start":{"line":41,"column":6},"end":{"line":41,"column":null}},"18":{"start":{"line":43,"column":6},"end":{"line":43,"column":null}}},"fnMap":{"0":{"name":"assist","decl":{"start":{"line":13,"column":22},"end":{"line":13,"column":29}},"loc":{"start":{"line":13,"column":93},"end":{"line":45,"column":null}},"line":13}},"branchMap":{"0":{"loc":{"start":{"line":20,"column":6},"end":{"line":23,"column":null}},"type":"if","locations":[{"start":{"line":20,"column":6},"end":{"line":23,"column":null}},{"start":{},"end":{}}],"line":20},"1":{"loc":{"start":{"line":20,"column":10},"end":{"line":20,"column":83}},"type":"binary-expr","locations":[{"start":{"line":20,"column":10},"end":{"line":20,"column":32}},{"start":{"line":20,"column":32},"end":{"line":20,"column":83}}],"line":20},"2":{"loc":{"start":{"line":24,"column":6},"end":{"line":27,"column":null}},"type":"if","locations":[{"start":{"line":24,"column":6},"end":{"line":27,"column":null}},{"start":{},"end":{}}],"line":24},"3":{"loc":{"start":{"line":24,"column":10},"end":{"line":24,"column":43}},"type":"binary-expr","locations":[{"start":{"line":24,"column":10},"end":{"line":24,"column":27}},{"start":{"line":24,"column":27},"end":{"line":24,"column":43}}],"line":24},"4":{"loc":{"start":{"line":30,"column":22},"end":{"line":30,"column":null}},"type":"binary-expr","locations":[{"start":{"line":30,"column":22},"end":{"line":30,"column":39}},{"start":{"line":30,"column":39},"end":{"line":30,"column":null}}],"line":30},"5":{"loc":{"start":{"line":31,"column":22},"end":{"line":31,"column":null}},"type":"binary-expr","locations":[{"start":{"line":31,"column":22},"end":{"line":31,"column":39}},{"start":{"line":31,"column":39},"end":{"line":31,"column":null}}],"line":31},"6":{"loc":{"start":{"line":33,"column":21},"end":{"line":33,"column":null}},"type":"binary-expr","locations":[{"start":{"line":33,"column":21},"end":{"line":33,"column":31}},{"start":{"line":33,"column":31},"end":{"line":33,"column":null}}],"line":33}},"s":{"0":2,"1":2,"2":2,"3":2,"4":2,"5":0,"6":0,"7":2,"8":0,"9":0,"10":2,"11":2,"12":2,"13":2,"14":2,"15":1,"16":1,"17":1,"18":1},"f":{"0":2},"b":{"0":[0,2],"1":[2,2],"2":[0,2],"3":[2,2],"4":[2,2],"5":[2,2],"6":[2,0]},"meta":{"lastBranch":7,"lastFunction":1,"lastStatement":19,"seen":{"s:7:29:10:Infinity":0,"f:13:22:13:29":0,"s:14:22:14:Infinity":1,"s:16:4:44:Infinity":2,"s:17:37:17:Infinity":3,"b:20:6:23:Infinity:undefined:undefined:undefined:undefined":0,"s:20:6:23:Infinity":4,"b:20:10:20:32:20:32:20:83":1,"s:21:8:21:Infinity":5,"s:22:8:22:Infinity":6,"b:24:6:27:Infinity:undefined:undefined:undefined:undefined":2,"s:24:6:27:Infinity":7,"b:24:10:24:27:24:27:24:43":3,"s:25:8:25:Infinity":8,"s:26:8:26:Infinity":9,"s:30:6:30:Infinity":10,"b:30:22:30:39:30:39:30:Infinity":4,"s:31:6:31:Infinity":11,"b:31:22:31:39:31:39:31:Infinity":5,"s:33:21:33:Infinity":12,"b:33:21:33:31:33:31:33:Infinity":6,"s:34:6:34:Infinity":13,"s:36:21:36:Infinity":14,"s:38:27:38:Infinity":15,"s:39:6:39:Infinity":16,"s:41:6:41:Infinity":17,"s:43:6:43:Infinity":18},"fnNames":{}}}
,"C:\\Users\\mynew\\Downloads\\FIFA-WORLD-CUP\\backend\\src\\emergency\\prompts\\templates.ts": {"path":"C:\\Users\\mynew\\Downloads\\FIFA-WORLD-CUP\\backend\\src\\emergency\\prompts\\templates.ts","statementMap":{"0":{"start":{"line":5,"column":55},"end":{"line":64,"column":null}},"1":{"start":{"line":68,"column":13},"end":{"line":97,"column":null}},"2":{"start":{"line":69,"column":14},"end":{"line":69,"column":null}},"3":{"start":{"line":70,"column":19},"end":{"line":70,"column":null}},"4":{"start":{"line":72,"column":2},"end":{"line":92,"column":null}}},"fnMap":{"0":{"name":"(anonymous_0)","decl":{"start":{"line":68,"column":13},"end":{"line":68,"column":37}},"loc":{"start":{"line":68,"column":71},"end":{"line":97,"column":null}},"line":68}},"branchMap":{"0":{"loc":{"start":{"line":70,"column":19},"end":{"line":70,"column":null}},"type":"binary-expr","locations":[{"start":{"line":70,"column":19},"end":{"line":70,"column":57}},{"start":{"line":70,"column":57},"end":{"line":70,"column":null}}],"line":70},"1":{"loc":{"start":{"line":85,"column":2},"end":{"line":85,"column":null}},"type":"cond-expr","locations":[{"start":{"line":85,"column":20},"end":{"line":85,"column":58}},{"start":{"line":85,"column":58},"end":{"line":85,"column":null}}],"line":85}},"s":{"0":2,"1":2,"2":2,"3":2,"4":2},"f":{"0":2},"b":{"0":[2,1],"1":[0,2]},"meta":{"lastBranch":2,"lastFunction":1,"lastStatement":5,"seen":{"s:5:55:64:Infinity":0,"s:68:13:97:Infinity":1,"f:68:13:68:37":0,"s:69:14:69:Infinity":2,"s:70:19:70:Infinity":3,"b:70:19:70:57:70:57:70:Infinity":0,"s:72:2:92:Infinity":4,"b:85:20:85:58:85:58:85:Infinity":1},"fnNames":{}}}
,"C:\\Users\\mynew\\Downloads\\FIFA-WORLD-CUP\\backend\\src\\emergency\\routes\\emergency.routes.ts": {"path":"C:\\Users\\mynew\\Downloads\\FIFA-WORLD-CUP\\backend\\src\\emergency\\routes\\emergency.routes.ts","statementMap":{"0":{"start":{"line":6,"column":15},"end":{"line":6,"column":22}},"1":{"start":{"line":9,"column":0},"end":{"line":9,"column":null}}},"fnMap":{},"branchMap":{},"s":{"0":1,"1":1},"f":{},"b":{},"meta":{"lastBranch":0,"lastFunction":0,"lastStatement":2,"seen":{"s:6:15:6:22":0,"s:9:0:9:Infinity":1},"fnNames":{}}}
,"C:\\Users\\mynew\\Downloads\\FIFA-WORLD-CUP\\backend\\src\\emergency\\services\\emergency.service.ts": {"path":"C:\\Users\\mynew\\Downloads\\FIFA-WORLD-CUP\\backend\\src\\emergency\\services\\emergency.service.ts","statementMap":{"0":{"start":{"line":11,"column":4},"end":{"line":33,"column":null}},"1":{"start":{"line":12,"column":21},"end":{"line":12,"column":null}},"2":{"start":{"line":14,"column":6},"end":{"line":17,"column":null}},"3":{"start":{"line":19,"column":23},"end":{"line":23,"column":null}},"4":{"start":{"line":25,"column":6},"end":{"line":27,"column":null}},"5":{"start":{"line":26,"column":8},"end":{"line":26,"column":null}},"6":{"start":{"line":29,"column":6},"end":{"line":29,"column":null}},"7":{"start":{"line":31,"column":6},"end":{"line":31,"column":null}},"8":{"start":{"line":32,"column":6},"end":{"line":32,"column":null}}},"fnMap":{"0":{"name":"assist","decl":{"start":{"line":7,"column":22},"end":{"line":7,"column":null}},"loc":{"start":{"line":10,"column":32},"end":{"line":34,"column":null}},"line":10}},"branchMap":{"0":{"loc":{"start":{"line":9,"column":4},"end":{"line":9,"column":null}},"type":"default-arg","locations":[{"start":{"line":9,"column":21},"end":{"line":9,"column":null}}],"line":9},"1":{"loc":{"start":{"line":25,"column":6},"end":{"line":27,"column":null}},"type":"if","locations":[{"start":{"line":25,"column":6},"end":{"line":27,"column":null}},{"start":{},"end":{}}],"line":25}},"s":{"0":2,"1":2,"2":2,"3":2,"4":1,"5":0,"6":1,"7":1,"8":1},"f":{"0":2},"b":{"0":[2],"1":[0,1]},"meta":{"lastBranch":2,"lastFunction":1,"lastStatement":9,"seen":{"f:7:22:7:Infinity":0,"b:9:21:9:Infinity":0,"s:11:4:33:Infinity":0,"s:12:21:12:Infinity":1,"s:14:6:17:Infinity":2,"s:19:23:23:Infinity":3,"b:25:6:27:Infinity:undefined:undefined:undefined:undefined":1,"s:25:6:27:Infinity":4,"s:26:8:26:Infinity":5,"s:29:6:29:Infinity":6,"s:31:6:31:Infinity":7,"s:32:6:32:Infinity":8},"fnNames":{}}}
,"C:\\Users\\mynew\\Downloads\\FIFA-WORLD-CUP\\backend\\src\\emergency\\types\\index.ts": {"path":"C:\\Users\\mynew\\Downloads\\FIFA-WORLD-CUP\\backend\\src\\emergency\\types\\index.ts","statementMap":{"0":{"start":{"line":53,"column":39},"end":{"line":137,"column":null}}},"fnMap":{},"branchMap":{},"s":{"0":2},"f":{},"b":{},"meta":{"lastBranch":0,"lastFunction":0,"lastStatement":1,"seen":{"s:53:39:137:Infinity":0},"fnNames":{}}}
[...]
,"C:\\Users\\mynew\\Downloads\\FIFA-WORLD-CUP\\backend\\src\\transport\\prompts\\templates.ts": {"path":"C:\\Users\\mynew\\Downloads\\FIFA-WORLD-CUP\\backend\\src\\transport\\prompts\\templates.ts","statementMap":{"0":{"start":{"line":5,"column":47},"end":{"line":13,"column":null}},"1":{"start":{"line":15,"column":22},"end":{"line":15,"column":null}},"2":{"start":{"line":21,"column":20},"end":{"line":21,"column":null}},"3":{"start":{"line":27,"column":24},"end":{"line":27,"column":null}},"4":{"start":{"line":33,"column":30},"end":{"line":33,"column":null}},"5":{"start":{"line":39,"column":6},"end":{"line":40,"column":null}},"6":{"start":{"line":39,"column":40},"end":{"line":40,"column":null}},"7":{"start":{"line":45,"column":30},"end":{"line":45,"column":null}},"8":{"start":{"line":51,"column":27},"end":{"line":51,"column":null}},"9":{"start":{"line":57,"column":31},"end":{"line":57,"column":null}},"10":{"start":{"line":63,"column":6},"end":{"line":64,"column":null}},"11":{"start":{"line":63,"column":45},"end":{"line":64,"column":null}},"12":{"start":{"line":71,"column":13},"end":{"line":113,"column":null}},"13":{"start":{"line":72,"column":29},"end":{"line":77,"column":null}},"14":{"start":{"line":79,"column":2},"end":{"line":79,"column":null}},"15":{"start":{"line":79,"column":25},"end":{"line":79,"column":null}},"16":{"start":{"line":80,"column":2},"end":{"line":80,"column":null}},"17":{"start":{"line":80,"column":22},"end":{"line":80,"column":null}},"18":{"start":{"line":81,"column":2},"end":{"line":81,"column":null}},"19":{"start":{"line":81,"column":22},"end":{"line":81,"column":null}},"20":{"start":{"line":82,"column":2},"end":{"line":82,"column":null}},"21":{"start":{"line":82,"column":23},"end":{"line":82,"column":null}},"22":{"start":{"line":83,"column":2},"end":{"line":83,"column":null}},"23":{"start":{"line":83,"column":19},"end":{"line":83,"column":null}},"24":{"start":{"line":85,"column":2},"end":{"line":108,"column":null}}},"fnMap":{"0":{"name":"(anonymous_0)","decl":{"start":{"line":39,"column":6},"end":{"line":39,"column":23}},"loc":{"start":{"line":39,"column":40},"end":{"line":40,"column":null}},"line":39},"1":{"name":"(anonymous_1)","decl":{"start":{"line":63,"column":6},"end":{"line":63,"column":25}},"loc":{"start":{"line":63,"column":45},"end":{"line":64,"column":null}},"line":63},"2":{"name":"(anonymous_2)","decl":{"start":{"line":71,"column":13},"end":{"line":71,"column":37}},"loc":{"start":{"line":71,"column":71},"end":{"line":113,"column":null}},"line":71}},"branchMap":{"0":{"loc":{"start":{"line":79,"column":2},"end":{"line":79,"column":null}},"type":"if","locations":[{"start":{"line":79,"column":2},"end":{"line":79,"column":null}},{"start":{},"end":{}}],"line":79},"1":{"loc":{"start":{"line":80,"column":2},"end":{"line":80,"column":null}},"type":"if","locations":[{"start":{"line":80,"column":2},"end":{"line":80,"column":null}},{"start":{},"end":{}}],"line":80},"2":{"loc":{"start":{"line":81,"column":2},"end":{"line":81,"column":null}},"type":"if","locations":[{"start":{"line":81,"column":2},"end":{"line":81,"column":null}},{"start":{},"end":{}}],"line":81},"3":{"loc":{"start":{"line":82,"column":2},"end":{"line":82,"column":null}},"type":"if","locations":[{"start":{"line":82,"column":2},"end":{"line":82,"column":null}},{"start":{},"end":{}}],"line":82},"4":{"loc":{"start":{"line":83,"column":2},"end":{"line":83,"column":null}},"type":"if","locations":[{"start":{"line":83,"column":2},"end":{"line":83,"column":null}},{"start":{},"end":{}}],"line":83},"5":{"loc":{"start":{"line":90,"column":11},"end":{"line":90,"column":null}},"type":"binary-expr","locations":[{"start":{"line":90,"column":11},"end":{"line":90,"column":24}},{"start":{"line":90,"column":24},"end":{"line":90,"column":null}}],"line":90},"6":{"loc":{"start":{"line":95,"column":25},"end":{"line":95,"column":null}},"type":"cond-expr","locations":[{"start":{"line":95,"column":42},"end":{"line":95,"column":50}},{"start":{"line":95,"column":50},"end":{"line":95,"column":null}}],"line":95},"7":{"loc":{"start":{"line":96,"column":18},"end":{"line":96,"column":null}},"type":"cond-expr","locations":[{"start":{"line":96,"column":35},"end":{"line":96,"column":43}},{"start":{"line":96,"column":43},"end":{"line":96,"column":null}}],"line":96},"8":{"loc":{"start":{"line":97,"column":29},"end":{"line":97,"column":null}},"type":"cond-expr","locations":[{"start":{"line":97,"column":47},"end":{"line":97,"column":55}},{"start":{"line":97,"column":55},"end":{"line":97,"column":null}}],"line":97},"9":{"loc":{"start":{"line":98,"column":13},"end":{"line":98,"column":null}},"type":"binary-expr","locations":[{"start":{"line":98,"column":13},"end":{"line":98,"column":28}},{"start":{"line":98,"column":28},"end":{"line":98,"column":null}}],"line":98}},"s":{"0":3,"1":3,"2":3,"3":3,"4":3,"5":3,"6":3,"7":3,"8":3,"9":3,"10":3,"11":0,"12":3,"13":3,"14":3,"15":3,"16":3,"17":0,"18":3,"19":0,"20":3,"21":0,"22":3,"23":0,"24":3},"f":{"0":3,"1":0,"2":3},"b":{"0":[3,0],"1":[0,3],"2":[0,3],"3":[0,3],"4":[0,3],"5":[3,3],"6":[0,3],"7":[0,3],"8":[0,3],"9":[3,3]},"meta":{"lastBranch":10,"lastFunction":3,"lastStatement":25,"seen":{"s:5:47:13:Infinity":0,"s:15:22:15:Infinity":1,"s:21:20:21:Infinity":2,"s:27:24:27:Infinity":3,"s:33:30:33:Infinity":4,"s:39:6:40:Infinity":5,"f:39:6:39:23":0,"s:39:40:40:Infinity":6,"s:45:30:45:Infinity":7,"s:51:27:51:Infinity":8,"s:57:31:57:Infinity":9,"s:63:6:64:Infinity":10,"f:63:6:63:25":1,"s:63:45:64:Infinity":11,"s:71:13:113:Infinity":12,"f:71:13:71:37":2,"s:72:29:77:Infinity":13,"b:79:2:79:Infinity:undefined:undefined:undefined:undefined":0,"s:79:2:79:Infinity":14,"s:79:25:79:Infinity":15,"b:80:2:80:Infinity:undefined:undefined:undefined:undefined":1,"s:80:2:80:Infinity":16,"s:80:22:80:Infinity":17,"b:81:2:81:Infinity:undefined:undefined:undefined:undefined":2,"s:81:2:81:Infinity":18,"s:81:22:81:Infinity":19,"b:82:2:82:Infinity:undefined:undefined:undefined:undefined":3,"s:82:2:82:Infinity":20,"s:82:23:82:Infinity":21,"b:83:2:83:Infinity:undefined:undefined:undefined:undefined":4,"s:83:2:83:Infinity":22,"s:83:19:83:Infinity":23,"s:85:2:108:Infinity":24,"b:90:11:90:24:90:24:90:Infinity":5,"b:95:42:95:50:95:50:95:Infinity":6,"b:96:35:96:43:96:43:96:Infinity":7,"b:97:47:97:55:97:55:97:Infinity":8,"b:98:13:98:28:98:28:98:Infinity":9},"fnNames":{}}}
,"C:\\Users\\mynew\\Downloads\\FIFA-WORLD-CUP\\backend\\src\\transport\\routes\\transport.routes.ts": {"path":"C:\\Users\\mynew\\Downloads\\FIFA-WORLD-CUP\\backend\\src\\transport\\routes\\transport.routes.ts","statementMap":{"0":{"start":{"line":6,"column":15},"end":{"line":6,"column":22}},"1":{"start":{"line":9,"column":0},"end":{"line":9,"column":null}}},"fnMap":{},"branchMap":{},"s":{"0":1,"1":1},"f":{},"b":{},"meta":{"lastBranch":0,"lastFunction":0,"lastStatement":2,"seen":{"s:6:15:6:22":0,"s:9:0:9:Infinity":1},"fnNames":{}}}
,"C:\\Users\\mynew\\Downloads\\FIFA-WORLD-CUP\\backend\\src\\transport\\services\\transport.service.ts": {"path":"C:\\Users\\mynew\\Downloads\\FIFA-WORLD-CUP\\backend\\src\\transport\\services\\transport.service.ts","statementMap":{"0":{"start":{"line":11,"column":4},"end":{"line":35,"column":null}},"1":{"start":{"line":12,"column":21},"end":{"line":12,"column":null}},"2":{"start":{"line":14,"column":6},"end":{"line":19,"column":null}},"3":{"start":{"line":21,"column":23},"end":{"line":25,"column":null}},"4":{"start":{"line":27,"column":6},"end":{"line":29,"column":null}},"5":{"start":{"line":28,"column":8},"end":{"line":28,"column":null}},"6":{"start":{"line":31,"column":6},"end":{"line":31,"column":null}},"7":{"start":{"line":33,"column":6},"end":{"line":33,"column":null}},"8":{"start":{"line":34,"column":6},"end":{"line":34,"column":null}}},"fnMap":{"0":{"name":"recommend","decl":{"start":{"line":7,"column":22},"end":{"line":7,"column":null}},"loc":{"start":{"line":10,"column":32},"end":{"line":36,"column":null}},"line":10}},"branchMap":{"0":{"loc":{"start":{"line":9,"column":4},"end":{"line":9,"column":null}},"type":"default-arg","locations":[{"start":{"line":9,"column":21},"end":{"line":9,"column":null}}],"line":9},"1":{"loc":{"start":{"line":27,"column":6},"end":{"line":29,"column":null}},"type":"if","locations":[{"start":{"line":27,"column":6},"end":{"line":29,"column":null}},{"start":{},"end":{}}],"line":27}},"s":{"0":3,"1":3,"2":3,"3":3,"4":2,"5":1,"6":1,"7":2,"8":2},"f":{"0":3},"b":{"0":[3],"1":[1,1]},"meta":{"lastBranch":2,"lastFunction":1,"lastStatement":9,"seen":{"f:7:22:7:Infinity":0,"b:9:21:9:Infinity":0,"s:11:4:35:Infinity":0,"s:12:21:12:Infinity":1,"s:14:6:19:Infinity":2,"s:21:23:25:Infinity":3,"b:27:6:29:Infinity:undefined:undefined:undefined:undefined":1,"s:27:6:29:Infinity":4,"s:28:8:28:Infinity":5,"s:31:6:31:Infinity":6,"s:33:6:33:Infinity":7,"s:34:6:34:Infinity":8},"fnNames":{}}}
,"C:\\Users\\mynew\\Downloads\\FIFA-WORLD-CUP\\backend\\src\\transport\\types\\index.ts": {"path":"C:\\Users\\mynew\\Downloads\\FIFA-WORLD-CUP\\backend\\src\\transport\\types\\index.ts","statementMap":{"0":{"start":{"line":29,"column":39},"end":{"line":82,"column":null}}},"fnMap":{},"branchMap":{},"s":{"0":3},"f":{},"b":{},"meta":{"lastBranch":0,"lastFunction":0,"lastStatement":1,"seen":{"s:29:39:82:Infinity":0},"fnNames":{}}}
,"C:\\Users\\mynew\\Downloads\\FIFA-WORLD-CUP\\backend\\src\\utils\\errors.ts": {"path":"C:\\Users\\mynew\\Downloads\\FIFA-WORLD-CUP\\backend\\src\\utils\\errors.ts","statementMap":{"0":{"start":{"line":5,"column":4},"end":{"line":5,"column":null}},"1":{"start":{"line":6,"column":4},"end":{"line":6,"column":null}},"2":{"start":{"line":7,"column":4},"end":{"line":7,"column":null}},"3":{"start":{"line":8,"column":4},"end":{"line":8,"column":null}},"4":{"start":{"line":14,"column":4},"end":{"line":14,"column":null}},"5":{"start":{"line":20,"column":4},"end":{"line":20,"column":null}},"6":{"start":{"line":26,"column":4},"end":{"line":26,"column":null}},"7":{"start":{"line":32,"column":4},"end":{"line":32,"column":null}},"8":{"start":{"line":38,"column":4},"end":{"line":38,"column":null}},"9":{"start":{"line":44,"column":4},"end":{"line":44,"column":null}},"10":{"start":{"line":50,"column":4},"end":{"line":50,"column":null}},"11":{"start":{"line":56,"column":4},"end":{"line":56,"column":null}}},"fnMap":{"0":{"name":"constructor","decl":{"start":{"line":4,"column":2},"end":{"line":4,"column":14}},"loc":{"start":{"line":4,"column":51},"end":{"line":9,"column":null}},"line":4},"1":{"name":"constructor_2","decl":{"start":{"line":13,"column":2},"end":{"line":13,"column":14}},"loc":{"start":{"line":13,"column":54},"end":{"line":15,"column":null}},"line":13},"2":{"name":"constructor_3","decl":{"start":{"line":19,"column":2},"end":{"line":19,"column":14}},"loc":{"start":{"line":19,"column":49},"end":{"line":21,"column":null}},"line":19},"3":{"name":"constructor_4","decl":{"start":{"line":25,"column":2},"end":{"line":25,"column":14}},"loc":{"start":{"line":25,"column":46},"end":{"line":27,"column":null}},"line":25},"4":{"name":"constructor_5","decl":{"start":{"line":31,"column":2},"end":{"line":31,"column":14}},"loc":{"start":{"line":31,"column":55},"end":{"line":33,"column":null}},"line":31},"5":{"name":"constructor_6","decl":{"start":{"line":37,"column":2},"end":{"line":37,"column":14}},"loc":{"start":{"line":37,"column":54},"end":{"line":39,"column":null}},"line":37},"6":{"name":"constructor_7","decl":{"start":{"line":43,"column":2},"end":{"line":43,"column":14}},"loc":{"start":{"line":43,"column":54},"end":{"line":45,"column":null}},"line":43},"7":{"name":"constructor_8","decl":{"start":{"line":49,"column":2},"end":{"line":49,"column":14}},"loc":{"start":{"line":49,"column":70},"end":{"line":51,"column":null}},"line":49},"8":{"name":"constructor_9","decl":{"start":{"line":55,"column":2},"end":{"line":55,"column":14}},"loc":{"start":{"line":55,"column":54},"end":{"line":57,"column":null}},"line":55}},"branchMap":{"0":{"loc":{"start":{"line":13,"column":14},"end":{"line":13,"column":54}},"type":"default-arg","locations":[{"start":{"line":13,"column":32},"end":{"line":13,"column":54}}],"line":13},"1":{"loc":{"start":{"line":19,"column":14},"end":{"line":19,"column":49}},"type":"default-arg","locations":[{"start":{"line":19,"column":32},"end":{"line":19,"column":49}}],"line":19},"2":{"loc":{"start":{"line":25,"column":14},"end":{"line":25,"column":46}},"type":"default-arg","locations":[{"start":{"line":25,"column":32},"end":{"line":25,"column":46}}],"line":25},"3":{"loc":{"start":{"line":31,"column":14},"end":{"line":31,"column":55}},"type":"default-arg","locations":[{"start":{"line":31,"column":32},"end":{"line":31,"column":55}}],"line":31},"4":{"loc":{"start":{"line":37,"column":14},"end":{"line":37,"column":54}},"type":"default-arg","locations":[{"start":{"line":37,"column":32},"end":{"line":37,"column":54}}],"line":37},"5":{"loc":{"start":{"line":43,"column":14},"end":{"line":43,"column":54}},"type":"default-arg","locations":[{"start":{"line":43,"column":32},"end":{"line":43,"column":54}}],"line":43},"6":{"loc":{"start":{"line":49,"column":14},"end":{"line":49,"column":70}},"type":"default-arg","locations":[{"start":{"line":49,"column":32},"end":{"line":49,"column":70}}],"line":49},"7":{"loc":{"start":{"line":55,"column":14},"end":{"line":55,"column":54}},"type":"default-arg","locations":[{"start":{"line":55,"column":32},"end":{"line":55,"column":54}}],"line":55}},"s":{"0":31,"1":31,"2":31,"3":31,"4":5,"5":2,"6":2,"7":4,"8":1,"9":4,"10":10,"11":3},"f":{"0":31,"1":5,"2":2,"3":2,"4":4,"5":1,"6":4,"7":10,"8":3},"b":{"0":[5],"1":[2],"2":[2],"3":[4],"4":[1],"5":[4],"6":[10],"7":[3]},"meta":{"lastBranch":8,"lastFunction":9,"lastStatement":12,"seen":{"f:4:2:4:14":0,"s:5:4:5:Infinity":0,"s:6:4:6:Infinity":1,"s:7:4:7:Infinity":2,"s:8:4:8:Infinity":3,"f:13:2:13:14":1,"b:13:32:13:54":0,"s:14:4:14:Infinity":4,"f:19:2:19:14":2,"b:19:32:19:49":1,"s:20:4:20:Infinity":5,"f:25:2:25:14":3,"b:25:32:25:46":2,"s:26:4:26:Infinity":6,"f:31:2:31:14":4,"b:31:32:31:55":3,"s:32:4:32:Infinity":7,"f:37:2:37:14":5,"b:37:32:37:54":4,"s:38:4:38:Infinity":8,"f:43:2:43:14":6,"b:43:32:43:54":5,"s:44:4:44:Infinity":9,"f:49:2:49:14":7,"b:49:32:49:70":6,"s:50:4:50:Infinity":10,"f:55:2:55:14":8,"b:55:32:55:54":7,"s:56:4:56:Infinity":11},"fnNames":{}}}
,"C:\\Users\\mynew\\Downloads\\FIFA-WORLD-CUP\\backend\\src\\utils\\jsonParser.ts": {"path":"C:\\Users\\mynew\\Downloads\\FIFA-WORLD-CUP\\backend\\src\\utils\\jsonParser.ts","statementMap":{"0":{"start":{"line":13,"column":13},"end":{"line":37,"column":null}},"1":{"start":{"line":14,"column":2},"end":{"line":17,"column":null}},"2":{"start":{"line":15,"column":4},"end":{"line":15,"column":null}},"3":{"start":{"line":16,"column":4},"end":{"line":16,"column":null}},"4":{"start":{"line":19,"column":18},"end":{"line":19,"column":null}},"5":{"start":{"line":22,"column":2},"end":{"line":28,"column":null}},"6":{"start":{"line":24,"column":4},"end":{"line":24,"column":null}},"7":{"start":{"line":26,"column":4},"end":{"line":26,"column":null}},"8":{"start":{"line":27,"column":4},"end":{"line":27,"column":null}},"9":{"start":{"line":30,"column":2},"end":{"line":36,"column":null}},"10":{"start":{"line":31,"column":4},"end":{"line":31,"column":null}},"11":{"start":{"line":33,"column":4},"end":{"line":33,"column":null}},"12":{"start":{"line":35,"column":4},"end":{"line":35,"column":null}}},"fnMap":{"0":{"name":"(anonymous_0)","decl":{"start":{"line":13,"column":13},"end":{"line":13,"column":43}},"loc":{"start":{"line":13,"column":122},"end":{"line":37,"column":null}},"line":13}},"branchMap":{"0":{"loc":{"start":{"line":13,"column":79},"end":{"line":13,"column":122}},"type":"default-arg","locations":[{"start":{"line":13,"column":97},"end":{"line":13,"column":122}}],"line":13},"1":{"loc":{"start":{"line":14,"column":2},"end":{"line":17,"column":null}},"type":"if","locations":[{"start":{"line":14,"column":2},"end":{"line":17,"column":null}},{"start":{},"end":{}}],"line":14},"2":{"loc":{"start":{"line":14,"column":6},"end":{"line":14,"column":41}},"type":"binary-expr","locations":[{"start":{"line":14,"column":6},"end":{"line":14,"column":18}},{"start":{"line":14,"column":18},"end":{"line":14,"column":41}}],"line":14},"3":{"loc":{"start":{"line":22,"column":2},"end":{"line":28,"column":null}},"type":"if","locations":[{"start":{"line":22,"column":2},"end":{"line":28,"column":null}},{"start":{},"end":{}}],"line":22}},"s":{"0":12,"1":10,"2":3,"3":3,"4":7,"5":7,"6":2,"7":2,"8":2,"9":7,"10":7,"11":2,"12":2},"f":{"0":10},"b":{"0":[10],"1":[3,7],"2":[10,7],"3":[2,5]},"meta":{"lastBranch":4,"lastFunction":1,"lastStatement":13,"seen":{"s:13:13:37:Infinity":0,"f:13:13:13:43":0,"b:13:97:13:122":0,"b:14:2:17:Infinity:undefined:undefined:undefined:undefined":1,"s:14:2:17:Infinity":1,"b:14:6:14:18:14:18:14:41":2,"s:15:4:15:Infinity":2,"s:16:4:16:Infinity":3,"s:19:18:19:Infinity":4,"b:22:2:28:Infinity:undefined:undefined:undefined:undefined":3,"s:22:2:28:Infinity":5,"s:24:4:24:Infinity":6,"s:26:4:26:Infinity":7,"s:27:4:27:Infinity":8,"s:30:2:36:Infinity":9,"s:31:4:31:Infinity":10,"s:33:4:33:Infinity":11,"s:35:4:35:Infinity":12},"fnNames":{}}}
,"C:\\Users\\mynew\\Downloads\\FIFA-WORLD-CUP\\backend\\src\\utils\\response.ts": {"path":"C:\\Users\\mynew\\Downloads\\FIFA-WORLD-CUP\\backend\\src\\utils\\response.ts","statementMap":{"0":{"start":{"line":12,"column":6},"end":{"line":12,"column":null}},"1":{"start":{"line":12,"column":32},"end":{"line":12,"column":null}},"2":{"start":{"line":14,"column":13},"end":{"line":30,"column":null}},"3":{"start":{"line":21,"column":20},"end":{"line":21,"column":null}},"4":{"start":{"line":23,"column":2},"end":{"line":29,"column":null}}},"fnMap":{"0":{"name":"(anonymous_0)","decl":{"start":{"line":12,"column":6},"end":{"line":12,"column":32}},"loc":{"start":{"line":12,"column":32},"end":{"line":12,"column":null}},"line":12},"1":{"name":"(anonymous_1)","decl":{"start":{"line":14,"column":13},"end":{"line":14,"column":null}},"loc":{"start":{"line":19,"column":21},"end":{"line":30,"column":null}},"line":19}},"branchMap":{"0":{"loc":{"start":{"line":17,"column":2},"end":{"line":17,"column":null}},"type":"default-arg","locations":[{"start":{"line":17,"column":19},"end":{"line":17,"column":null}}],"line":17},"1":{"loc":{"start":{"line":18,"column":2},"end":{"line":18,"column":null}},"type":"default-arg","locations":[{"start":{"line":18,"column":20},"end":{"line":18,"column":null}}],"line":18},"2":{"loc":{"start":{"line":21,"column":20},"end":{"line":21,"column":null}},"type":"binary-expr","locations":[{"start":{"line":21,"column":20},"end":{"line":21,"column":37}},{"start":{"line":21,"column":37},"end":{"line":21,"column":null}}],"line":21}},"s":{"0":12,"1":2,"2":12,"3":15,"4":15},"f":{"0":2,"1":15},"b":{"0":[15],"1":[15],"2":[15,2]},"meta":{"lastBranch":3,"lastFunction":2,"lastStatement":5,"seen":{"s:12:6:12:Infinity":0,"f:12:6:12:32":0,"s:12:32:12:Infinity":1,"s:14:13:30:Infinity":2,"f:14:13:14:Infinity":1,"b:17:19:17:Infinity":0,"b:18:20:18:Infinity":1,"s:21:20:21:Infinity":3,"b:21:20:21:37:21:37:21:Infinity":2,"s:23:2:29:Infinity":4},"fnNames":{}}}
,"C:\\Users\\mynew\\Downloads\\FIFA-WORLD-CUP\\backend\\src\\utils\\schemas.ts": {"path":"C:\\Users\\mynew\\Downloads\\FIFA-WORLD-CUP\\backend\\src\\utils\\schemas.ts","statementMap":{"0":{"start":{"line":3,"column":33},"end":{"line":10,"column":null}},"1":{"start":{"line":12,"column":40},"end":{"line":16,"column":null}},"2":{"start":{"line":18,"column":34},"end":{"line":21,"column":null}},"3":{"start":{"line":23,"column":39},"end":{"line":27,"column":null}},"4":{"start":{"line":29,"column":39},"end":{"line":32,"column":null}}},"fnMap":{},"branchMap":{},"s":{"0":6,"1":6,"2":6,"3":6,"4":6},"f":{},"b":{},"meta":{"lastBranch":0,"lastFunction":0,"lastStatement":5,"seen":{"s:3:33:10:Infinity":0,"s:12:40:16:Infinity":1,"s:18:34:21:Infinity":2,"s:23:39:27:Infinity":3,"s:29:39:32:Infinity":4},"fnNames":{}}}
}
